#
# There is insufficient memory for the Java Runtime Environment to continue.
# Native memory allocation (mmap) failed to map 108003328 bytes for Failed to commit area from 0x000000008ef00000 to 0x0000000095600000 of length 108003328.
# Possible reasons:
#   The system is out of physical RAM or swap space
#   The process is running with CompressedOops enabled, and the Java Heap may be blocking the growth of the native heap
# Possible solutions:
#   Reduce memory load on the system
#   Increase physical memory or swap space
#   Check if swap backing store is full
#   Decrease Java heap size (-Xmx/-Xms)
#   Decrease number of Java threads
#   Decrease Java thread stack sizes (-Xss)
#   Set larger code cache with -XX:ReservedCodeCacheSize=
#   JVM is running with Unscaled Compressed Oops mode in which the Java heap is
#     placed in the first 4GB address space. The Java Heap base address is the
#     maximum limit for the native heap growth. Please use -XX:HeapBaseMinAddress
#     to set the Java Heap base and to place the Java Heap above 4GB virtual address.
# This output file may be truncated or incomplete.
#
#  Out of Memory Error (src/hotspot/os/windows/os_windows.cpp:3627), pid=17328, tid=6284
#
# JRE version: OpenJDK Runtime Environment (11.0.15) (build 11.0.15+0-b2043.56-8887301)
# Java VM: OpenJDK 64-Bit Server VM (11.0.15+0-b2043.56-8887301, mixed mode, tiered, compressed oops, g1 gc, windows-amd64)
# No core dump will be written. Minidumps are not enabled by default on client versions of Windows
#

---------------  S U M M A R Y ------------

Command Line: --add-opens=java.base/java.util=ALL-UNNAMED --add-opens=java.base/java.lang=ALL-UNNAMED --add-opens=java.base/java.lang.invoke=ALL-UNNAMED --add-opens=java.base/java.util=ALL-UNNAMED --add-opens=java.prefs/java.util.prefs=ALL-UNNAMED --add-opens=java.prefs/java.util.prefs=ALL-UNNAMED --add-opens=java.base/java.nio.charset=ALL-UNNAMED --add-opens=java.base/java.net=ALL-UNNAMED --add-opens=java.base/java.util.concurrent.atomic=ALL-UNNAMED -Xmx2048m -Dfile.encoding=UTF-8 -Duser.country=CN -Duser.language=zh -Duser.variant org.gradle.launcher.daemon.bootstrap.GradleDaemon 7.5

Host: Intel(R) Core(TM) i3-10100 CPU @ 3.60GHz, 8 cores, 7G,  Windows 10 , 64 bit Build 18362 (10.0.18362.1110)
Time: Tue Apr 11 09:39:58 2023 中国标准时间 elapsed time: 21.969249 seconds (0d 0h 0m 21s)

---------------  T H R E A D  ---------------

Current thread (0x0000024626bb0000):  VMThread "VM Thread" [stack: 0x000000595af00000,0x000000595b000000] [id=6284]

Stack: [0x000000595af00000,0x000000595b000000]
[error occurred during error reporting (printing stack bounds), id 0xc0000005, EXCEPTION_ACCESS_VIOLATION (0xc0000005) at pc=0x000002460f27112d]

Native frames: (J=compiled Java code, j=interpreted, Vv=VM code, C=native code)
V  [jvm.dll+0x64135a]
V  [jvm.dll+0x7d39f9]
V  [jvm.dll+0x7d51b9]
V  [jvm.dll+0x7d5805]
V  [jvm.dll+0x7d57bb]
V  [jvm.dll+0x640655]
V  [jvm.dll+0x640d68]
C  [ntdll.dll+0xa121f]
C  [ntdll.dll+0x6a259]
C  [ntdll.dll+0x9fe8e]
C  0x000002460f27112d

VM_Operation (0x00000059641fd790): G1CollectForAllocation, mode: safepoint, requested by thread 0x000002462fb0e000


---------------  P R O C E S S  ---------------

Threads class SMR info:
_java_thread_list=0x000002462fe99680, length=144, elements={
0x000002460b406800, 0x0000024626bb3000, 0x0000024626bbc800, 0x0000024626c1e000,
0x0000024626c1f000, 0x0000024626c20000, 0x0000024626c23800, 0x0000024626c26800,
0x0000024626c2b800, 0x0000024626dcf000, 0x0000024629570800, 0x0000024629e33800,
0x0000024629277800, 0x00000246285f6000, 0x00000246291c2800, 0x00000246293d2800,
0x000002462826b000, 0x00000246289a9000, 0x000002462878e000, 0x0000024629808000,
0x0000024629945000, 0x0000024629942800, 0x0000024629948800, 0x0000024629949800,
0x0000024629946000, 0x0000024629947800, 0x0000024629947000, 0x0000024629943800,
0x0000024629944800, 0x0000024629e6d000, 0x0000024629e71000, 0x0000024629e6e000,
0x0000024629e70800, 0x0000024629e72000, 0x0000024629e6c000, 0x0000024629e72800,
0x0000024629eb2800, 0x0000024629eb3000, 0x0000024629eb9000, 0x0000024629eb5800,
0x0000024629eb4000, 0x0000024629eba800, 0x0000024629eb8000, 0x0000024629eb5000,
0x0000024629eb6800, 0x0000024629ebd000, 0x0000024629ebb800, 0x0000024629ebc000,
0x0000024629eb7800, 0x0000024629ebe000, 0x0000024629ebe800, 0x0000024629ebf800,
0x0000024629ec0800, 0x0000024629ec1000, 0x000002462a08a800, 0x000002462a08b800,
0x000002462a08e000, 0x000002462a089000, 0x000002462a08c800, 0x000002462a08a000,
0x000002462a088800, 0x000002462a08f000, 0x000002462a091800, 0x000002462a092000,
0x000002462a08d000, 0x000002462a08f800, 0x000002462a090800, 0x000002462a094800,
0x000002462a093000, 0x000002462a096000, 0x000002462a095800, 0x000002462a093800,
0x000002462a097000, 0x000002462c160800, 0x000002462c163000, 0x000002462c162000,
0x000002462c161800, 0x000002462c164800, 0x000002462c15f800, 0x000002462c163800,
0x000002462c15f000, 0x000002462c169800, 0x000002462c165800, 0x000002462c167000,
0x000002462c16c000, 0x000002462c166000, 0x000002462c16d800, 0x000002462c16b000,
0x000002462c16a800, 0x000002462c16c800, 0x000002462c168000, 0x000002462c168800,
0x0000024628298800, 0x0000024628295800, 0x0000024628297000, 0x000002462829a000,
0x000002462829b000, 0x000002462829c000, 0x0000024628297800, 0x0000024628296000,
0x000002462829c800, 0x000002462829e800, 0x0000024628299800, 0x000002462829d800,
0x000002462829f000, 0x00000246282a0000, 0x00000246282a3000, 0x00000246282a2800,
0x00000246282a1800, 0x00000246282a4000, 0x00000246282a0800, 0x000002462bf21000,
0x000002462bf23800, 0x000002462bf21800, 0x000002462bf22800, 0x000002462bf24000,
0x000002462bf25000, 0x000002462bf25800, 0x000002462bf20000, 0x000002462bf2c000,
0x000002462bf26800, 0x000002462bf27800, 0x000002462bf28000, 0x000002462bf2a000,
0x000002462bf2d000, 0x000002462bf2e800, 0x000002462bf2a800, 0x000002462bf2b800,
0x000002462bf2e000, 0x000002462bf29000, 0x000002462fb07000, 0x000002462fb07800,
0x000002462fb05000, 0x000002462fb0b800, 0x000002462fb06000, 0x000002462a491800,
0x000002462fb0c800, 0x000002462fb0e000, 0x000002462fb0d800, 0x000002462fb09800,
0x000002462fb08800, 0x000002462fb0f000, 0x000002462fb10000, 0x000002462fb0a000
}

Java Threads: ( => current thread )
  0x000002460b406800 JavaThread "main" [_thread_blocked, id=17380, stack(0x000000595a900000,0x000000595aa00000)]
  0x0000024626bb3000 JavaThread "Reference Handler" daemon [_thread_blocked, id=6636, stack(0x000000595b000000,0x000000595b100000)]
  0x0000024626bbc800 JavaThread "Finalizer" daemon [_thread_blocked, id=8856, stack(0x000000595b100000,0x000000595b200000)]
  0x0000024626c1e000 JavaThread "Signal Dispatcher" daemon [_thread_blocked, id=11348, stack(0x000000595b200000,0x000000595b300000)]
  0x0000024626c1f000 JavaThread "Attach Listener" daemon [_thread_blocked, id=8584, stack(0x000000595b300000,0x000000595b400000)]
  0x0000024626c20000 JavaThread "Service Thread" daemon [_thread_blocked, id=8576, stack(0x000000595b400000,0x000000595b500000)]
  0x0000024626c23800 JavaThread "C2 CompilerThread0" daemon [_thread_blocked, id=14100, stack(0x000000595b500000,0x000000595b600000)]
  0x0000024626c26800 JavaThread "C1 CompilerThread0" daemon [_thread_blocked, id=12696, stack(0x000000595b600000,0x000000595b700000)]
  0x0000024626c2b800 JavaThread "Sweeper thread" daemon [_thread_blocked, id=11940, stack(0x000000595b700000,0x000000595b800000)]
  0x0000024626dcf000 JavaThread "Common-Cleaner" daemon [_thread_blocked, id=9096, stack(0x000000595b800000,0x000000595b900000)]
  0x0000024629570800 JavaThread "Daemon health stats" [_thread_blocked, id=17200, stack(0x000000595be00000,0x000000595bf00000)]
  0x0000024629e33800 JavaThread "Incoming local TCP Connector on port 56090" [_thread_in_native, id=9444, stack(0x000000595ba00000,0x000000595bb00000)]
  0x0000024629277800 JavaThread "Daemon periodic checks" [_thread_blocked, id=14820, stack(0x000000595bb00000,0x000000595bc00000)]
  0x00000246285f6000 JavaThread "Daemon" [_thread_blocked, id=8340, stack(0x000000595bf00000,0x000000595c000000)]
  0x00000246291c2800 JavaThread "Handler for socket connection from /127.0.0.1:56090 to /127.0.0.1:56091" [_thread_in_native, id=13604, stack(0x000000595c000000,0x000000595c100000)]
  0x00000246293d2800 JavaThread "Cancel handler" [_thread_blocked, id=16820, stack(0x000000595c100000,0x000000595c200000)]
  0x000002462826b000 JavaThread "Daemon worker" [_thread_blocked, id=5624, stack(0x000000595c200000,0x000000595c300000)]
  0x00000246289a9000 JavaThread "Asynchronous log dispatcher for DefaultDaemonConnection: socket connection from /127.0.0.1:56090 to /127.0.0.1:56091" [_thread_blocked, id=4860, stack(0x000000595c300000,0x000000595c400000)]
  0x000002462878e000 JavaThread "Stdin handler" [_thread_blocked, id=14704, stack(0x000000595c400000,0x000000595c500000)]
  0x0000024629808000 JavaThread "Daemon client event forwarder" [_thread_blocked, id=11580, stack(0x000000595c500000,0x000000595c600000)]
  0x0000024629945000 JavaThread "Cache worker for journal cache (G:\AndroidStudioProjects\LaunchPro\.gradle\caches\journal-1)" [_thread_blocked, id=15244, stack(0x000000595cb00000,0x000000595cc00000)]
  0x0000024629942800 JavaThread "File lock request listener" [_thread_in_native, id=7684, stack(0x000000595cc00000,0x000000595cd00000)]
  0x0000024629948800 JavaThread "Cache worker for file hash cache (G:\AndroidStudioProjects\LaunchPro\.gradle\caches\7.5\fileHashes)" [_thread_blocked, id=4128, stack(0x000000595ce00000,0x000000595cf00000)]
  0x0000024629949800 JavaThread "File watcher server" daemon [_thread_blocked, id=14376, stack(0x000000595d000000,0x000000595d100000)]
  0x0000024629946000 JavaThread "File watcher consumer" daemon [_thread_blocked, id=14308, stack(0x000000595d100000,0x000000595d200000)]
  0x0000024629947800 JavaThread "Cache worker for checksums cache (G:\AndroidStudioProjects\LaunchProject\.gradle\7.5\checksums)" [_thread_blocked, id=11608, stack(0x000000595d200000,0x000000595d300000)]
  0x0000024629947000 JavaThread "Cache worker for cache directory md-rule (G:\AndroidStudioProjects\LaunchPro\.gradle\caches\7.5\md-rule)" [_thread_blocked, id=5452, stack(0x000000595d300000,0x000000595d400000)]
  0x0000024629943800 JavaThread "Cache worker for file content cache (G:\AndroidStudioProjects\LaunchPro\.gradle\caches\7.5\fileContent)" [_thread_blocked, id=13304, stack(0x000000595d400000,0x000000595d500000)]
  0x0000024629944800 JavaThread "Cache worker for file hash cache (G:\AndroidStudioProjects\LaunchProject\.gradle\7.5\fileHashes)" [_thread_blocked, id=6008, stack(0x000000595d500000,0x000000595d600000)]
  0x0000024629e6d000 JavaThread "Cache worker for cache directory md-supplier (G:\AndroidStudioProjects\LaunchPro\.gradle\caches\7.5\md-supplier)" [_thread_blocked, id=14700, stack(0x000000595d600000,0x000000595d700000)]
  0x0000024629e71000 JavaThread "Cache worker for execution history cache (G:\AndroidStudioProjects\LaunchPro\.gradle\caches\7.5\executionHistory)" [_thread_blocked, id=13688, stack(0x000000595d700000,0x000000595d800000)]
  0x0000024629e6e000 JavaThread "jar transforms" [_thread_blocked, id=4812, stack(0x000000595d800000,0x000000595d900000)]
  0x0000024629e70800 JavaThread "jar transforms Thread 2" [_thread_blocked, id=1604, stack(0x000000595d900000,0x000000595da00000)]
  0x0000024629e72000 JavaThread "jar transforms Thread 3" [_thread_blocked, id=17016, stack(0x000000595da00000,0x000000595db00000)]
  0x0000024629e6c000 JavaThread "jar transforms Thread 4" [_thread_blocked, id=13652, stack(0x000000595db00000,0x000000595dc00000)]
  0x0000024629e72800 JavaThread "Cache worker for dependencies-accessors (G:\AndroidStudioProjects\LaunchProject\.gradle\7.5\dependencies-accessors)" [_thread_blocked, id=11840, stack(0x000000595dc00000,0x000000595dd00000)]
  0x0000024629eb2800 JavaThread "jar transforms Thread 5" [_thread_blocked, id=4784, stack(0x000000595dd00000,0x000000595de00000)]
  0x0000024629eb3000 JavaThread "Cache worker for Build Output Cleanup Cache (G:\AndroidStudioProjects\LaunchProject\.gradle\buildOutputCleanup)" [_thread_blocked, id=16364, stack(0x000000595de00000,0x000000595df00000)]
  0x0000024629eb9000 JavaThread "Unconstrained build operations" [_thread_blocked, id=11488, stack(0x000000595df00000,0x000000595e000000)]
  0x0000024629eb5800 JavaThread "Unconstrained build operations Thread 2" [_thread_blocked, id=16604, stack(0x000000595e000000,0x000000595e100000)]
  0x0000024629eb4000 JavaThread "Unconstrained build operations Thread 3" [_thread_blocked, id=13812, stack(0x000000595e100000,0x000000595e200000)]
  0x0000024629eba800 JavaThread "Unconstrained build operations Thread 4" [_thread_blocked, id=4612, stack(0x000000595e200000,0x000000595e300000)]
  0x0000024629eb8000 JavaThread "Unconstrained build operations Thread 5" [_thread_blocked, id=2188, stack(0x000000595e300000,0x000000595e400000)]
  0x0000024629eb5000 JavaThread "Unconstrained build operations Thread 6" [_thread_blocked, id=6228, stack(0x000000595e400000,0x000000595e500000)]
  0x0000024629eb6800 JavaThread "Unconstrained build operations Thread 7" [_thread_blocked, id=11212, stack(0x000000595e500000,0x000000595e600000)]
  0x0000024629ebd000 JavaThread "Unconstrained build operations Thread 8" [_thread_blocked, id=10848, stack(0x000000595e600000,0x000000595e700000)]
  0x0000024629ebb800 JavaThread "Unconstrained build operations Thread 9" [_thread_blocked, id=8352, stack(0x000000595e700000,0x000000595e800000)]
  0x0000024629ebc000 JavaThread "Unconstrained build operations Thread 10" [_thread_blocked, id=5240, stack(0x000000595e800000,0x000000595e900000)]
  0x0000024629eb7800 JavaThread "Unconstrained build operations Thread 11" [_thread_blocked, id=14232, stack(0x000000595e900000,0x000000595ea00000)]
  0x0000024629ebe000 JavaThread "Unconstrained build operations Thread 12" [_thread_blocked, id=13280, stack(0x000000595ea00000,0x000000595eb00000)]
  0x0000024629ebe800 JavaThread "Unconstrained build operations Thread 13" [_thread_blocked, id=1748, stack(0x000000595eb00000,0x000000595ec00000)]
  0x0000024629ebf800 JavaThread "Unconstrained build operations Thread 14" [_thread_blocked, id=5880, stack(0x000000595ec00000,0x000000595ed00000)]
  0x0000024629ec0800 JavaThread "Unconstrained build operations Thread 15" [_thread_blocked, id=8564, stack(0x000000595ed00000,0x000000595ee00000)]
  0x0000024629ec1000 JavaThread "Unconstrained build operations Thread 16" [_thread_blocked, id=6232, stack(0x000000595ee00000,0x000000595ef00000)]
  0x000002462a08a800 JavaThread "Unconstrained build operations Thread 17" [_thread_blocked, id=6264, stack(0x000000595ef00000,0x000000595f000000)]
  0x000002462a08b800 JavaThread "Unconstrained build operations Thread 18" [_thread_blocked, id=15600, stack(0x000000595f000000,0x000000595f100000)]
  0x000002462a08e000 JavaThread "Unconstrained build operations Thread 19" [_thread_blocked, id=7980, stack(0x000000595f100000,0x000000595f200000)]
  0x000002462a089000 JavaThread "Unconstrained build operations Thread 20" [_thread_blocked, id=14604, stack(0x000000595f200000,0x000000595f300000)]
  0x000002462a08c800 JavaThread "Unconstrained build operations Thread 21" [_thread_blocked, id=16080, stack(0x000000595f300000,0x000000595f400000)]
  0x000002462a08a000 JavaThread "Unconstrained build operations Thread 22" [_thread_blocked, id=11396, stack(0x000000595f400000,0x000000595f500000)]
  0x000002462a088800 JavaThread "Unconstrained build operations Thread 23" [_thread_blocked, id=16616, stack(0x000000595f500000,0x000000595f600000)]
  0x000002462a08f000 JavaThread "Unconstrained build operations Thread 24" [_thread_blocked, id=5904, stack(0x000000595f600000,0x000000595f700000)]
  0x000002462a091800 JavaThread "Unconstrained build operations Thread 25" [_thread_blocked, id=9624, stack(0x000000595f700000,0x000000595f800000)]
  0x000002462a092000 JavaThread "Unconstrained build operations Thread 26" [_thread_blocked, id=6100, stack(0x000000595f800000,0x000000595f900000)]
  0x000002462a08d000 JavaThread "Unconstrained build operations Thread 27" [_thread_blocked, id=8344, stack(0x000000595f900000,0x000000595fa00000)]
  0x000002462a08f800 JavaThread "Unconstrained build operations Thread 28" [_thread_blocked, id=17172, stack(0x000000595fa00000,0x000000595fb00000)]
  0x000002462a090800 JavaThread "Unconstrained build operations Thread 29" [_thread_blocked, id=17124, stack(0x000000595fb00000,0x000000595fc00000)]
  0x000002462a094800 JavaThread "Unconstrained build operations Thread 30" [_thread_blocked, id=16688, stack(0x000000595fc00000,0x000000595fd00000)]
  0x000002462a093000 JavaThread "Unconstrained build operations Thread 31" [_thread_blocked, id=14600, stack(0x000000595fd00000,0x000000595fe00000)]
  0x000002462a096000 JavaThread "Unconstrained build operations Thread 32" [_thread_blocked, id=1512, stack(0x000000595fe00000,0x000000595ff00000)]
  0x000002462a095800 JavaThread "Unconstrained build operations Thread 33" [_thread_blocked, id=8604, stack(0x000000595ff00000,0x0000005960000000)]
  0x000002462a093800 JavaThread "Unconstrained build operations Thread 34" [_thread_blocked, id=17164, stack(0x0000005960000000,0x0000005960100000)]
  0x000002462a097000 JavaThread "Unconstrained build operations Thread 35" [_thread_blocked, id=15148, stack(0x0000005960100000,0x0000005960200000)]
  0x000002462c160800 JavaThread "Unconstrained build operations Thread 36" [_thread_blocked, id=9796, stack(0x0000005960200000,0x0000005960300000)]
  0x000002462c163000 JavaThread "Unconstrained build operations Thread 37" [_thread_blocked, id=1976, stack(0x0000005960300000,0x0000005960400000)]
  0x000002462c162000 JavaThread "Unconstrained build operations Thread 38" [_thread_blocked, id=2636, stack(0x0000005960400000,0x0000005960500000)]
  0x000002462c161800 JavaThread "Unconstrained build operations Thread 39" [_thread_blocked, id=11724, stack(0x0000005960500000,0x0000005960600000)]
  0x000002462c164800 JavaThread "Unconstrained build operations Thread 40" [_thread_blocked, id=11664, stack(0x0000005960600000,0x0000005960700000)]
  0x000002462c15f800 JavaThread "Unconstrained build operations Thread 41" [_thread_blocked, id=15064, stack(0x0000005960700000,0x0000005960800000)]
  0x000002462c163800 JavaThread "Unconstrained build operations Thread 42" [_thread_blocked, id=4244, stack(0x0000005960800000,0x0000005960900000)]
  0x000002462c15f000 JavaThread "Unconstrained build operations Thread 43" [_thread_blocked, id=2004, stack(0x0000005960900000,0x0000005960a00000)]
  0x000002462c169800 JavaThread "Unconstrained build operations Thread 44" [_thread_blocked, id=15836, stack(0x0000005960a00000,0x0000005960b00000)]
  0x000002462c165800 JavaThread "Unconstrained build operations Thread 45" [_thread_blocked, id=8080, stack(0x0000005960b00000,0x0000005960c00000)]
  0x000002462c167000 JavaThread "Unconstrained build operations Thread 46" [_thread_blocked, id=5480, stack(0x0000005960c00000,0x0000005960d00000)]
  0x000002462c16c000 JavaThread "Unconstrained build operations Thread 47" [_thread_blocked, id=1320, stack(0x0000005960d00000,0x0000005960e00000)]
  0x000002462c166000 JavaThread "Unconstrained build operations Thread 48" [_thread_blocked, id=5192, stack(0x0000005960e00000,0x0000005960f00000)]
  0x000002462c16d800 JavaThread "Unconstrained build operations Thread 49" [_thread_blocked, id=13580, stack(0x0000005960f00000,0x0000005961000000)]
  0x000002462c16b000 JavaThread "Unconstrained build operations Thread 50" [_thread_blocked, id=13960, stack(0x0000005961000000,0x0000005961100000)]
  0x000002462c16a800 JavaThread "Unconstrained build operations Thread 51" [_thread_blocked, id=2936, stack(0x0000005961100000,0x0000005961200000)]
  0x000002462c16c800 JavaThread "Unconstrained build operations Thread 52" [_thread_blocked, id=9656, stack(0x0000005961200000,0x0000005961300000)]
  0x000002462c168000 JavaThread "Unconstrained build operations Thread 53" [_thread_blocked, id=15456, stack(0x0000005961300000,0x0000005961400000)]
  0x000002462c168800 JavaThread "Unconstrained build operations Thread 54" [_thread_blocked, id=10028, stack(0x0000005961400000,0x0000005961500000)]
  0x0000024628298800 JavaThread "Unconstrained build operations Thread 55" [_thread_blocked, id=15928, stack(0x0000005961500000,0x0000005961600000)]
  0x0000024628295800 JavaThread "Unconstrained build operations Thread 56" [_thread_blocked, id=14656, stack(0x0000005961600000,0x0000005961700000)]
  0x0000024628297000 JavaThread "Unconstrained build operations Thread 57" [_thread_blocked, id=17336, stack(0x0000005961700000,0x0000005961800000)]
  0x000002462829a000 JavaThread "Unconstrained build operations Thread 58" [_thread_blocked, id=5832, stack(0x0000005961800000,0x0000005961900000)]
  0x000002462829b000 JavaThread "Unconstrained build operations Thread 59" [_thread_blocked, id=15756, stack(0x0000005961900000,0x0000005961a00000)]
  0x000002462829c000 JavaThread "Unconstrained build operations Thread 60" [_thread_blocked, id=10340, stack(0x0000005961a00000,0x0000005961b00000)]
  0x0000024628297800 JavaThread "Unconstrained build operations Thread 61" [_thread_blocked, id=15072, stack(0x0000005961b00000,0x0000005961c00000)]
  0x0000024628296000 JavaThread "Unconstrained build operations Thread 62" [_thread_blocked, id=13576, stack(0x0000005961c00000,0x0000005961d00000)]
  0x000002462829c800 JavaThread "Unconstrained build operations Thread 63" [_thread_blocked, id=1608, stack(0x0000005961d00000,0x0000005961e00000)]
  0x000002462829e800 JavaThread "Unconstrained build operations Thread 64" [_thread_blocked, id=15132, stack(0x0000005961e00000,0x0000005961f00000)]
  0x0000024628299800 JavaThread "Unconstrained build operations Thread 65" [_thread_blocked, id=1012, stack(0x0000005961f00000,0x0000005962000000)]
  0x000002462829d800 JavaThread "Unconstrained build operations Thread 66" [_thread_blocked, id=11052, stack(0x0000005962000000,0x0000005962100000)]
  0x000002462829f000 JavaThread "Unconstrained build operations Thread 67" [_thread_blocked, id=15856, stack(0x0000005962100000,0x0000005962200000)]
  0x00000246282a0000 JavaThread "Unconstrained build operations Thread 68" [_thread_blocked, id=4616, stack(0x0000005962200000,0x0000005962300000)]
  0x00000246282a3000 JavaThread "Unconstrained build operations Thread 69" [_thread_blocked, id=4068, stack(0x0000005962300000,0x0000005962400000)]
  0x00000246282a2800 JavaThread "Unconstrained build operations Thread 70" [_thread_blocked, id=12364, stack(0x0000005962400000,0x0000005962500000)]
  0x00000246282a1800 JavaThread "Unconstrained build operations Thread 71" [_thread_blocked, id=16232, stack(0x0000005962500000,0x0000005962600000)]
  0x00000246282a4000 JavaThread "Unconstrained build operations Thread 72" [_thread_blocked, id=6672, stack(0x0000005962600000,0x0000005962700000)]
  0x00000246282a0800 JavaThread "Unconstrained build operations Thread 73" [_thread_blocked, id=1056, stack(0x0000005962700000,0x0000005962800000)]
  0x000002462bf21000 JavaThread "Unconstrained build operations Thread 74" [_thread_blocked, id=16252, stack(0x0000005962800000,0x0000005962900000)]
  0x000002462bf23800 JavaThread "Unconstrained build operations Thread 75" [_thread_blocked, id=11804, stack(0x0000005962900000,0x0000005962a00000)]
  0x000002462bf21800 JavaThread "Unconstrained build operations Thread 76" [_thread_blocked, id=5216, stack(0x0000005962a00000,0x0000005962b00000)]
  0x000002462bf22800 JavaThread "Unconstrained build operations Thread 77" [_thread_blocked, id=14940, stack(0x0000005962b00000,0x0000005962c00000)]
  0x000002462bf24000 JavaThread "Unconstrained build operations Thread 78" [_thread_blocked, id=4112, stack(0x0000005962c00000,0x0000005962d00000)]
  0x000002462bf25000 JavaThread "Unconstrained build operations Thread 79" [_thread_blocked, id=11944, stack(0x0000005962d00000,0x0000005962e00000)]
  0x000002462bf25800 JavaThread "Unconstrained build operations Thread 80" [_thread_blocked, id=9464, stack(0x0000005962e00000,0x0000005962f00000)]
  0x000002462bf20000 JavaThread "jar transforms Thread 6" [_thread_blocked, id=10768, stack(0x0000005962f00000,0x0000005963000000)]
  0x000002462bf2c000 JavaThread "jar transforms Thread 7" [_thread_blocked, id=13748, stack(0x0000005963000000,0x0000005963100000)]
  0x000002462bf26800 JavaThread "jar transforms Thread 8" [_thread_blocked, id=16124, stack(0x0000005963100000,0x0000005963200000)]
  0x000002462bf27800 JavaThread "build event listener" [_thread_blocked, id=6736, stack(0x0000005963200000,0x0000005963300000)]
  0x000002462bf28000 JavaThread "Memory manager" [_thread_blocked, id=17264, stack(0x0000005963300000,0x0000005963400000)]
  0x000002462bf2a000 JavaThread "included builds" [_thread_blocked, id=3088, stack(0x0000005963400000,0x0000005963500000)]
  0x000002462bf2d000 JavaThread "Execution worker" [_thread_blocked, id=14988, stack(0x0000005963500000,0x0000005963600000)]
  0x000002462bf2e800 JavaThread "Execution worker Thread 2" [_thread_blocked, id=17040, stack(0x0000005963600000,0x0000005963700000)]
  0x000002462bf2a800 JavaThread "Execution worker Thread 3" [_thread_blocked, id=7956, stack(0x0000005963700000,0x0000005963800000)]
  0x000002462bf2b800 JavaThread "Execution worker Thread 4" [_thread_blocked, id=1488, stack(0x0000005963800000,0x0000005963900000)]
  0x000002462bf2e000 JavaThread "Execution worker Thread 5" [_thread_blocked, id=14460, stack(0x0000005963900000,0x0000005963a00000)]
  0x000002462bf29000 JavaThread "Execution worker Thread 6" [_thread_blocked, id=9212, stack(0x0000005963a00000,0x0000005963b00000)]
  0x000002462fb07000 JavaThread "Execution worker Thread 7" [_thread_blocked, id=12512, stack(0x0000005963b00000,0x0000005963c00000)]
  0x000002462fb07800 JavaThread "Cache worker for execution history cache (G:\AndroidStudioProjects\LaunchProject\.gradle\7.5\executionHistory)" [_thread_blocked, id=12632, stack(0x0000005963c00000,0x0000005963d00000)]
  0x000002462fb05000 JavaThread "WorkerExecutor Queue" [_thread_blocked, id=12548, stack(0x0000005963d00000,0x0000005963e00000)]
  0x000002462fb0b800 JavaThread "WorkerExecutor Queue Thread 2" [_thread_blocked, id=6208, stack(0x0000005963e00000,0x0000005963f00000)]
  0x000002462fb06000 JavaThread "WorkerExecutor Queue Thread 3" [_thread_blocked, id=12116, stack(0x0000005963f00000,0x0000005964000000)]
  0x000002462a491800 JavaThread "C2 CompilerThread1" daemon [_thread_blocked, id=13568, stack(0x000000595cf00000,0x000000595d000000)]
  0x000002462fb0c800 JavaThread "ForkJoinPool-1-worker-3" daemon [_thread_blocked, id=4424, stack(0x0000005964000000,0x0000005964100000)]
  0x000002462fb0e000 JavaThread "ForkJoinPool-1-worker-5" daemon [_thread_blocked, id=12764, stack(0x0000005964100000,0x0000005964200000)]
  0x000002462fb0d800 JavaThread "ForkJoinPool-1-worker-9" daemon [_thread_blocked, id=10828, stack(0x0000005964200000,0x0000005964300000)]
  0x000002462fb09800 JavaThread "ForkJoinPool-1-worker-7" daemon [_thread_blocked, id=2144, stack(0x0000005964300000,0x0000005964400000)]
  0x000002462fb08800 JavaThread "ForkJoinPool-1-worker-11" daemon [_thread_blocked, id=6644, stack(0x0000005964400000,0x0000005964500000)]
  0x000002462fb0f000 JavaThread "ForkJoinPool-1-worker-13" daemon [_thread_blocked, id=1952, stack(0x0000005964500000,0x0000005964600000)]
  0x000002462fb10000 JavaThread "ForkJoinPool-1-worker-15" daemon [_thread_blocked, id=15520, stack(0x0000005964600000,0x0000005964700000)]
  0x000002462fb0a000 JavaThread "ForkJoinPool-1-worker-1" daemon [_thread_blocked, id=16740, stack(0x0000005964700000,0x0000005964800000)]

Other Threads:
=>0x0000024626bb0000 VMThread "VM Thread" [stack: 0x000000595af00000,0x000000595b000000] [id=6284]
  0x0000024626dda000 WatcherThread [stack: 0x000000595b900000,0x000000595ba00000] [id=3688]
  0x000002460b422000 GCTaskThread "GC Thread#0" [stack: 0x000000595aa00000,0x000000595ab00000] [id=16304]
  0x0000024627efc000 GCTaskThread "GC Thread#1" [stack: 0x000000595bc00000,0x000000595bd00000] [id=16132]
  0x00000246280a5800 GCTaskThread "GC Thread#2" [stack: 0x000000595bd00000,0x000000595be00000] [id=10856]
  0x000002462970a800 GCTaskThread "GC Thread#3" [stack: 0x000000595c600000,0x000000595c700000] [id=16064]
  0x000002462994c800 GCTaskThread "GC Thread#4" [stack: 0x000000595c700000,0x000000595c800000] [id=15088]
  0x0000024628650800 GCTaskThread "GC Thread#5" [stack: 0x000000595c800000,0x000000595c900000] [id=5820]
  0x00000246280e0800 GCTaskThread "GC Thread#6" [stack: 0x000000595c900000,0x000000595ca00000] [id=3636]
  0x000002462938c800 GCTaskThread "GC Thread#7" [stack: 0x000000595ca00000,0x000000595cb00000] [id=13276]
  0x000002460b452000 ConcurrentGCThread "G1 Main Marker" [stack: 0x000000595ab00000,0x000000595ac00000] [id=16868]
  0x000002460b453800 ConcurrentGCThread "G1 Conc#0" [stack: 0x000000595ac00000,0x000000595ad00000] [id=2396]
  0x00000246273e2800 ConcurrentGCThread "G1 Conc#1" [stack: 0x000000595cd00000,0x000000595ce00000] [id=13376]
  0x0000024625db9800 ConcurrentGCThread "G1 Refine#0" [stack: 0x000000595ad00000,0x000000595ae00000] [id=3808]
  0x000002460b48d800 ConcurrentGCThread "G1 Young RemSet Sampling" [stack: 0x000000595ae00000,0x000000595af00000] [id=11048]

Threads with active compile tasks:
C2 CompilerThread0    21999 12401 %     4       com.android.tools.r8.graph.O2::g @ 11 (97 bytes)
C2 CompilerThread1    21999 12642       4       java.util.TimSort::mergeLo (659 bytes)

VM state:at safepoint (normal execution)

VM Mutex/Monitor currently owned by a thread:  ([mutex/lock_event])
[0x000002460b403370] Threads_lock - owner thread: 0x0000024626bb0000
[0x000002460b403910] Heap_lock - owner thread: 0x000002462fb0e000

Heap address: 0x0000000080000000, size: 2048 MB, Compressed Oops mode: 32-bit
Narrow klass base: 0x0000000000000000, Narrow klass shift: 3
Compressed class space size: 1073741824 Address: 0x0000000100000000

Heap:
 garbage-first heap   total 350208K, used 147288K [0x0000000080000000, 0x0000000100000000)
  region size 1024K, 3 young (3072K), 3 survivors (3072K)
 Metaspace       used 94698K, capacity 97575K, committed 97840K, reserved 1134592K
  class space    used 12511K, capacity 13620K, committed 13696K, reserved 1048576K
Heap Regions: E=young(eden), S=young(survivor), O=old, HS=humongous(starts), HC=humongous(continues), CS=collection set, F=free, A=archive, TAMS=top-at-mark-start (previous, next)
|   0|0x0000000080000000, 0x0000000080100000, 0x0000000080100000|100%| O|  |TAMS 0x0000000080100000, 0x0000000080000000| Untracked 
|   1|0x0000000080100000, 0x0000000080200000, 0x0000000080200000|100%| O|  |TAMS 0x0000000080200000, 0x0000000080100000| Untracked 
|   2|0x0000000080200000, 0x0000000080300000, 0x0000000080300000|100%| O|  |TAMS 0x0000000080300000, 0x0000000080200000| Untracked 
|   3|0x0000000080300000, 0x0000000080400000, 0x0000000080400000|100%|HS|  |TAMS 0x0000000080400000, 0x0000000080300000| Complete 
|   4|0x0000000080400000, 0x0000000080500000, 0x0000000080500000|100%|HC|  |TAMS 0x0000000080500000, 0x0000000080400000| Complete 
|   5|0x0000000080500000, 0x0000000080600000, 0x0000000080600000|100%|HC|  |TAMS 0x0000000080600000, 0x0000000080500000| Complete 
|   6|0x0000000080600000, 0x0000000080700000, 0x0000000080700000|100%| O|  |TAMS 0x0000000080700000, 0x0000000080600000| Untracked 
|   7|0x0000000080700000, 0x0000000080800000, 0x0000000080800000|100%| O|  |TAMS 0x0000000080800000, 0x0000000080700000| Untracked 
|   8|0x0000000080800000, 0x0000000080900000, 0x0000000080900000|100%| O|  |TAMS 0x0000000080900000, 0x0000000080800000| Untracked 
|   9|0x0000000080900000, 0x0000000080a00000, 0x0000000080a00000|100%| O|  |TAMS 0x0000000080a00000, 0x0000000080900000| Complete 
|  10|0x0000000080a00000, 0x0000000080b00000, 0x0000000080b00000|100%| O|  |TAMS 0x0000000080b00000, 0x0000000080a00000| Untracked 
|  11|0x0000000080b00000, 0x0000000080c00000, 0x0000000080c00000|100%| O|  |TAMS 0x0000000080c00000, 0x0000000080b00000| Untracked 
|  12|0x0000000080c00000, 0x0000000080d00000, 0x0000000080d00000|100%| O|  |TAMS 0x0000000080d00000, 0x0000000080c00000| Untracked 
|  13|0x0000000080d00000, 0x0000000080e00000, 0x0000000080e00000|100%| O|  |TAMS 0x0000000080e00000, 0x0000000080d00000| Untracked 
|  14|0x0000000080e00000, 0x0000000080f00000, 0x0000000080f00000|100%| O|  |TAMS 0x0000000080f00000, 0x0000000080e00000| Untracked 
|  15|0x0000000080f00000, 0x0000000081000000, 0x0000000081000000|100%| O|  |TAMS 0x0000000081000000, 0x0000000080f00000| Untracked 
|  16|0x0000000081000000, 0x0000000081100000, 0x0000000081100000|100%| O|  |TAMS 0x0000000081100000, 0x0000000081000000| Untracked 
|  17|0x0000000081100000, 0x0000000081200000, 0x0000000081200000|100%| O|  |TAMS 0x0000000081200000, 0x0000000081100000| Untracked 
|  18|0x0000000081200000, 0x0000000081300000, 0x0000000081300000|100%| O|  |TAMS 0x0000000081300000, 0x0000000081200000| Complete 
|  19|0x0000000081300000, 0x0000000081400000, 0x0000000081400000|100%| O|  |TAMS 0x0000000081400000, 0x0000000081300000| Untracked 
|  20|0x0000000081400000, 0x0000000081500000, 0x0000000081500000|100%| O|  |TAMS 0x0000000081500000, 0x0000000081400000| Untracked 
|  21|0x0000000081500000, 0x0000000081600000, 0x0000000081600000|100%| O|  |TAMS 0x0000000081600000, 0x0000000081500000| Untracked 
|  22|0x0000000081600000, 0x0000000081700000, 0x0000000081700000|100%| O|  |TAMS 0x0000000081700000, 0x0000000081600000| Complete 
|  23|0x0000000081700000, 0x0000000081800000, 0x0000000081800000|100%| O|  |TAMS 0x0000000081800000, 0x0000000081700000| Untracked 
|  24|0x0000000081800000, 0x0000000081900000, 0x0000000081900000|100%| O|  |TAMS 0x0000000081900000, 0x0000000081800000| Untracked 
|  25|0x0000000081900000, 0x0000000081a00000, 0x0000000081a00000|100%| O|  |TAMS 0x0000000081a00000, 0x0000000081900000| Untracked 
|  26|0x0000000081a00000, 0x0000000081b00000, 0x0000000081b00000|100%| O|  |TAMS 0x0000000081b00000, 0x0000000081a00000| Complete 
|  27|0x0000000081b00000, 0x0000000081c00000, 0x0000000081c00000|100%|HS|  |TAMS 0x0000000081c00000, 0x0000000081b00000| Complete 
|  28|0x0000000081c00000, 0x0000000081d00000, 0x0000000081d00000|100%|HS|  |TAMS 0x0000000081d00000, 0x0000000081c00000| Complete 
|  29|0x0000000081d00000, 0x0000000081e00000, 0x0000000081e00000|100%| O|  |TAMS 0x0000000081e00000, 0x0000000081d00000| Untracked 
|  30|0x0000000081e00000, 0x0000000081f00000, 0x0000000081f00000|100%| O|  |TAMS 0x0000000081f00000, 0x0000000081e00000| Untracked 
|  31|0x0000000081f00000, 0x0000000082000000, 0x0000000082000000|100%| O|  |TAMS 0x0000000082000000, 0x0000000081f00000| Untracked 
|  32|0x0000000082000000, 0x0000000082100000, 0x0000000082100000|100%| O|  |TAMS 0x0000000082100000, 0x0000000082000000| Complete 
|  33|0x0000000082100000, 0x0000000082200000, 0x0000000082200000|100%| O|  |TAMS 0x0000000082200000, 0x0000000082100000| Complete 
|  34|0x0000000082200000, 0x0000000082300000, 0x0000000082300000|100%| O|  |TAMS 0x0000000082300000, 0x0000000082200000| Untracked 
|  35|0x0000000082300000, 0x0000000082400000, 0x0000000082400000|100%| O|  |TAMS 0x0000000082400000, 0x0000000082300000| Untracked 
|  36|0x0000000082400000, 0x0000000082500000, 0x0000000082500000|100%| O|  |TAMS 0x0000000082500000, 0x0000000082400000| Untracked 
|  37|0x0000000082500000, 0x0000000082600000, 0x0000000082600000|100%| O|  |TAMS 0x0000000082600000, 0x0000000082500000| Untracked 
|  38|0x0000000082600000, 0x0000000082700000, 0x0000000082700000|100%| O|  |TAMS 0x0000000082700000, 0x0000000082600000| Untracked 
|  39|0x0000000082700000, 0x0000000082800000, 0x0000000082800000|100%| O|  |TAMS 0x0000000082800000, 0x0000000082700000| Untracked 
|  40|0x0000000082800000, 0x0000000082900000, 0x0000000082900000|100%| O|  |TAMS 0x0000000082900000, 0x0000000082800000| Untracked 
|  41|0x0000000082900000, 0x0000000082a00000, 0x0000000082a00000|100%| O|  |TAMS 0x0000000082a00000, 0x0000000082900000| Untracked 
|  42|0x0000000082a00000, 0x0000000082b00000, 0x0000000082b00000|100%| O|  |TAMS 0x0000000082b00000, 0x0000000082a00000| Untracked 
|  43|0x0000000082b00000, 0x0000000082c00000, 0x0000000082c00000|100%| O|  |TAMS 0x0000000082c00000, 0x0000000082b00000| Untracked 
|  44|0x0000000082c00000, 0x0000000082d00000, 0x0000000082d00000|100%| O|  |TAMS 0x0000000082d00000, 0x0000000082c00000| Untracked 
|  45|0x0000000082d00000, 0x0000000082e00000, 0x0000000082e00000|100%| O|  |TAMS 0x0000000082e00000, 0x0000000082d00000| Untracked 
|  46|0x0000000082e00000, 0x0000000082f00000, 0x0000000082f00000|100%| O|  |TAMS 0x0000000082f00000, 0x0000000082e00000| Untracked 
|  47|0x0000000082f00000, 0x0000000083000000, 0x0000000083000000|100%| O|  |TAMS 0x0000000083000000, 0x0000000082f00000| Untracked 
|  48|0x0000000083000000, 0x0000000083100000, 0x0000000083100000|100%| O|  |TAMS 0x0000000083100000, 0x0000000083000000| Untracked 
|  49|0x0000000083100000, 0x0000000083200000, 0x0000000083200000|100%| O|  |TAMS 0x0000000083200000, 0x0000000083100000| Untracked 
|  50|0x0000000083200000, 0x0000000083300000, 0x0000000083300000|100%| O|  |TAMS 0x0000000083300000, 0x0000000083200000| Untracked 
|  51|0x0000000083300000, 0x0000000083400000, 0x0000000083400000|100%| O|  |TAMS 0x0000000083400000, 0x0000000083300000| Untracked 
|  52|0x0000000083400000, 0x0000000083500000, 0x0000000083500000|100%| O|  |TAMS 0x0000000083500000, 0x0000000083400000| Complete 
|  53|0x0000000083500000, 0x0000000083600000, 0x0000000083600000|100%| O|  |TAMS 0x0000000083600000, 0x0000000083500000| Untracked 
|  54|0x0000000083600000, 0x0000000083700000, 0x0000000083700000|100%| O|  |TAMS 0x0000000083700000, 0x0000000083600000| Untracked 
|  55|0x0000000083700000, 0x0000000083800000, 0x0000000083800000|100%| O|  |TAMS 0x0000000083800000, 0x0000000083700000| Complete 
|  56|0x0000000083800000, 0x0000000083900000, 0x0000000083900000|100%| O|  |TAMS 0x0000000083900000, 0x0000000083800000| Untracked 
|  57|0x0000000083900000, 0x0000000083a00000, 0x0000000083a00000|100%| O|  |TAMS 0x0000000083a00000, 0x0000000083900000| Untracked 
|  58|0x0000000083a00000, 0x0000000083b00000, 0x0000000083b00000|100%| O|  |TAMS 0x0000000083b00000, 0x0000000083a00000| Untracked 
|  59|0x0000000083b00000, 0x0000000083c00000, 0x0000000083c00000|100%| O|  |TAMS 0x0000000083c00000, 0x0000000083b00000| Complete 
|  60|0x0000000083c00000, 0x0000000083d00000, 0x0000000083d00000|100%| O|  |TAMS 0x0000000083d00000, 0x0000000083c00000| Untracked 
|  61|0x0000000083d00000, 0x0000000083e00000, 0x0000000083e00000|100%| O|  |TAMS 0x0000000083e00000, 0x0000000083d00000| Untracked 
|  62|0x0000000083e00000, 0x0000000083f00000, 0x0000000083f00000|100%| O|  |TAMS 0x0000000083f00000, 0x0000000083e00000| Complete 
|  63|0x0000000083f00000, 0x0000000084000000, 0x0000000084000000|100%| O|  |TAMS 0x0000000084000000, 0x0000000083f00000| Untracked 
|  64|0x0000000084000000, 0x0000000084100000, 0x0000000084100000|100%| O|  |TAMS 0x0000000084100000, 0x0000000084000000| Untracked 
|  65|0x0000000084100000, 0x0000000084200000, 0x0000000084200000|100%| O|  |TAMS 0x0000000084200000, 0x0000000084100000| Untracked 
|  66|0x0000000084200000, 0x0000000084300000, 0x0000000084300000|100%| O|  |TAMS 0x0000000084300000, 0x0000000084200000| Untracked 
|  67|0x0000000084300000, 0x0000000084400000, 0x0000000084400000|100%| O|  |TAMS 0x0000000084400000, 0x0000000084300000| Complete 
|  68|0x0000000084400000, 0x0000000084500000, 0x0000000084500000|100%| O|  |TAMS 0x0000000084500000, 0x0000000084400000| Complete 
|  69|0x0000000084500000, 0x0000000084600000, 0x0000000084600000|100%| O|  |TAMS 0x0000000084600000, 0x0000000084500000| Untracked 
|  70|0x0000000084600000, 0x0000000084700000, 0x0000000084700000|100%| O|  |TAMS 0x0000000084700000, 0x0000000084600000| Untracked 
|  71|0x0000000084700000, 0x0000000084800000, 0x0000000084800000|100%| O|  |TAMS 0x0000000084800000, 0x0000000084700000| Untracked 
|  72|0x0000000084800000, 0x0000000084900000, 0x0000000084900000|100%| O|  |TAMS 0x0000000084900000, 0x0000000084800000| Untracked 
|  73|0x0000000084900000, 0x0000000084a00000, 0x0000000084a00000|100%| O|  |TAMS 0x0000000084a00000, 0x0000000084900000| Untracked 
|  74|0x0000000084a00000, 0x0000000084b00000, 0x0000000084b00000|100%| O|  |TAMS 0x0000000084b00000, 0x0000000084a00000| Untracked 
|  75|0x0000000084b00000, 0x0000000084c00000, 0x0000000084c00000|100%| O|  |TAMS 0x0000000084c00000, 0x0000000084b00000| Complete 
|  76|0x0000000084c00000, 0x0000000084d00000, 0x0000000084d00000|100%| O|  |TAMS 0x0000000084d00000, 0x0000000084c00000| Untracked 
|  77|0x0000000084d00000, 0x0000000084e00000, 0x0000000084e00000|100%| O|  |TAMS 0x0000000084e00000, 0x0000000084d00000| Untracked 
|  78|0x0000000084e00000, 0x0000000084f00000, 0x0000000084f00000|100%| O|  |TAMS 0x0000000084f00000, 0x0000000084e00000| Complete 
|  79|0x0000000084f00000, 0x0000000085000000, 0x0000000085000000|100%|HS|  |TAMS 0x0000000085000000, 0x0000000084f00000| Complete 
|  80|0x0000000085000000, 0x0000000085100000, 0x0000000085100000|100%|HC|  |TAMS 0x0000000085100000, 0x0000000085000000| Complete 
|  81|0x0000000085100000, 0x0000000085200000, 0x0000000085200000|100%|HC|  |TAMS 0x0000000085200000, 0x0000000085100000| Complete 
|  82|0x0000000085200000, 0x0000000085300000, 0x0000000085300000|100%|HC|  |TAMS 0x0000000085300000, 0x0000000085200000| Complete 
|  83|0x0000000085300000, 0x0000000085400000, 0x0000000085400000|100%|HC|  |TAMS 0x0000000085400000, 0x0000000085300000| Complete 
|  84|0x0000000085400000, 0x0000000085500000, 0x0000000085500000|100%| O|  |TAMS 0x0000000085500000, 0x0000000085400000| Untracked 
|  85|0x0000000085500000, 0x0000000085600000, 0x0000000085600000|100%| O|  |TAMS 0x0000000085600000, 0x0000000085500000| Untracked 
|  86|0x0000000085600000, 0x0000000085700000, 0x0000000085700000|100%| O|  |TAMS 0x0000000085700000, 0x0000000085600000| Complete 
|  87|0x0000000085700000, 0x0000000085800000, 0x0000000085800000|100%| O|  |TAMS 0x0000000085800000, 0x0000000085700000| Untracked 
|  88|0x0000000085800000, 0x0000000085900000, 0x0000000085900000|100%| O|  |TAMS 0x0000000085900000, 0x0000000085800000| Untracked 
|  89|0x0000000085900000, 0x0000000085a00000, 0x0000000085a00000|100%| O|  |TAMS 0x0000000085a00000, 0x0000000085900000| Complete 
|  90|0x0000000085a00000, 0x0000000085b00000, 0x0000000085b00000|100%| O|  |TAMS 0x0000000085b00000, 0x0000000085a00000| Complete 
|  91|0x0000000085b00000, 0x0000000085c00000, 0x0000000085c00000|100%| O|  |TAMS 0x0000000085c00000, 0x0000000085b00000| Complete 
|  92|0x0000000085c00000, 0x0000000085d00000, 0x0000000085d00000|100%| O|  |TAMS 0x0000000085d00000, 0x0000000085c00000| Untracked 
|  93|0x0000000085d00000, 0x0000000085e00000, 0x0000000085e00000|100%| O|  |TAMS 0x0000000085e00000, 0x0000000085d00000| Untracked 
|  94|0x0000000085e00000, 0x0000000085f00000, 0x0000000085f00000|100%| O|  |TAMS 0x0000000085f00000, 0x0000000085e00000| Complete 
|  95|0x0000000085f00000, 0x0000000086000000, 0x0000000086000000|100%| O|  |TAMS 0x0000000086000000, 0x0000000085f00000| Untracked 
|  96|0x0000000086000000, 0x0000000086100000, 0x0000000086100000|100%| O|  |TAMS 0x0000000086100000, 0x0000000086000000| Untracked 
|  97|0x0000000086100000, 0x0000000086200000, 0x0000000086200000|100%| O|  |TAMS 0x0000000086183800, 0x0000000086100000| Untracked 
|  98|0x0000000086200000, 0x0000000086300000, 0x0000000086300000|100%|HS|  |TAMS 0x0000000086200000, 0x0000000086200000| Complete 
|  99|0x0000000086300000, 0x0000000086400000, 0x0000000086400000|100%|HS|  |TAMS 0x0000000086300000, 0x0000000086300000| Complete 
| 100|0x0000000086400000, 0x0000000086500000, 0x0000000086500000|100%| O|  |TAMS 0x0000000086500000, 0x0000000086400000| Untracked 
| 101|0x0000000086500000, 0x0000000086600000, 0x0000000086600000|100%| O|  |TAMS 0x0000000086600000, 0x0000000086500000| Untracked 
| 102|0x0000000086600000, 0x0000000086700000, 0x0000000086700000|100%| O|  |TAMS 0x0000000086700000, 0x0000000086600000| Complete 
| 103|0x0000000086700000, 0x0000000086800000, 0x0000000086800000|100%| O|  |TAMS 0x0000000086800000, 0x0000000086700000| Untracked 
| 104|0x0000000086800000, 0x0000000086900000, 0x0000000086900000|100%| O|  |TAMS 0x0000000086900000, 0x0000000086800000| Complete 
| 105|0x0000000086900000, 0x0000000086a00000, 0x0000000086a00000|100%| O|  |TAMS 0x0000000086a00000, 0x0000000086900000| Untracked 
| 106|0x0000000086a00000, 0x0000000086b00000, 0x0000000086b00000|100%| O|  |TAMS 0x0000000086b00000, 0x0000000086a00000| Complete 
| 107|0x0000000086b00000, 0x0000000086c00000, 0x0000000086c00000|100%| O|  |TAMS 0x0000000086c00000, 0x0000000086b00000| Complete 
| 108|0x0000000086c00000, 0x0000000086d00000, 0x0000000086d00000|100%| O|  |TAMS 0x0000000086d00000, 0x0000000086c00000| Untracked 
| 109|0x0000000086d00000, 0x0000000086e00000, 0x0000000086e00000|100%| O|  |TAMS 0x0000000086e00000, 0x0000000086d00000| Complete 
| 110|0x0000000086e00000, 0x0000000086f00000, 0x0000000086f00000|100%| O|  |TAMS 0x0000000086f00000, 0x0000000086e00000| Complete 
| 111|0x0000000086f00000, 0x0000000087000000, 0x0000000087000000|100%| O|  |TAMS 0x0000000087000000, 0x0000000086f00000| Complete 
| 112|0x0000000087000000, 0x0000000087100000, 0x0000000087100000|100%| O|  |TAMS 0x0000000087100000, 0x0000000087000000| Complete 
| 113|0x0000000087100000, 0x0000000087200000, 0x0000000087200000|100%| O|  |TAMS 0x0000000087200000, 0x0000000087100000| Untracked 
| 114|0x0000000087200000, 0x0000000087300000, 0x0000000087300000|100%| O|  |TAMS 0x0000000087300000, 0x0000000087200000| Complete 
| 115|0x0000000087300000, 0x0000000087400000, 0x0000000087400000|100%| O|  |TAMS 0x0000000087400000, 0x0000000087300000| Untracked 
| 116|0x0000000087400000, 0x0000000087500000, 0x0000000087500000|100%| O|  |TAMS 0x0000000087500000, 0x0000000087400000| Complete 
| 117|0x0000000087500000, 0x0000000087600000, 0x0000000087600000|100%| O|  |TAMS 0x0000000087600000, 0x0000000087500000| Complete 
| 118|0x0000000087600000, 0x0000000087700000, 0x0000000087700000|100%| O|  |TAMS 0x0000000087700000, 0x0000000087600000| Untracked 
| 119|0x0000000087700000, 0x0000000087800000, 0x0000000087800000|100%| O|  |TAMS 0x0000000087800000, 0x0000000087700000| Untracked 
| 120|0x0000000087800000, 0x0000000087900000, 0x0000000087900000|100%| O|  |TAMS 0x0000000087900000, 0x0000000087800000| Complete 
| 121|0x0000000087900000, 0x0000000087a00000, 0x0000000087a00000|100%| O|  |TAMS 0x0000000087a00000, 0x0000000087900000| Complete 
| 122|0x0000000087a00000, 0x0000000087b00000, 0x0000000087b00000|100%| O|  |TAMS 0x0000000087b00000, 0x0000000087a00000| Untracked 
| 123|0x0000000087b00000, 0x0000000087c00000, 0x0000000087c00000|100%| O|  |TAMS 0x0000000087c00000, 0x0000000087b00000| Untracked 
| 124|0x0000000087c00000, 0x0000000087d00000, 0x0000000087d00000|100%| O|  |TAMS 0x0000000087d00000, 0x0000000087c00000| Untracked 
| 125|0x0000000087d00000, 0x0000000087e00000, 0x0000000087e00000|100%| O|  |TAMS 0x0000000087e00000, 0x0000000087d00000| Complete 
| 126|0x0000000087e00000, 0x0000000087f00000, 0x0000000087f00000|100%| O|  |TAMS 0x0000000087f00000, 0x0000000087e00000| Untracked 
| 127|0x0000000087f00000, 0x0000000088000000, 0x0000000088000000|100%| O|  |TAMS 0x0000000088000000, 0x0000000087f00000| Complete 
| 128|0x0000000088000000, 0x0000000088100000, 0x0000000088100000|100%| O|  |TAMS 0x0000000088100000, 0x0000000088000000| Untracked 
| 129|0x0000000088100000, 0x0000000088200000, 0x0000000088200000|100%| O|  |TAMS 0x0000000088200000, 0x0000000088100000| Complete 
| 130|0x0000000088200000, 0x0000000088300000, 0x0000000088300000|100%| O|  |TAMS 0x0000000088300000, 0x0000000088200000| Complete 
| 131|0x0000000088300000, 0x0000000088400000, 0x0000000088400000|100%| O|  |TAMS 0x0000000088400000, 0x0000000088300000| Untracked 
| 132|0x0000000088400000, 0x0000000088500000, 0x0000000088500000|100%| O|  |TAMS 0x0000000088500000, 0x0000000088400000| Untracked 
| 133|0x0000000088500000, 0x0000000088600000, 0x0000000088600000|100%| O|  |TAMS 0x0000000088600000, 0x0000000088500000| Untracked 
| 134|0x0000000088600000, 0x0000000088700000, 0x0000000088700000|100%| O|  |TAMS 0x0000000088700000, 0x0000000088600000| Complete 
| 135|0x0000000088700000, 0x0000000088800000, 0x0000000088800000|100%| O|  |TAMS 0x0000000088800000, 0x0000000088700000| Complete 
| 136|0x0000000088800000, 0x0000000088900000, 0x0000000088900000|100%| O|  |TAMS 0x0000000088900000, 0x0000000088800000| Complete 
| 137|0x0000000088900000, 0x0000000088a00000, 0x0000000088a00000|100%|HS|  |TAMS 0x0000000088900000, 0x0000000088900000| Complete 
| 138|0x0000000088a00000, 0x0000000088b00000, 0x0000000088b00000|100%|HS|  |TAMS 0x0000000088a00000, 0x0000000088a00000| Complete 
| 139|0x0000000088b00000, 0x0000000088c00000, 0x0000000088c00000|100%|HC|  |TAMS 0x0000000088b00000, 0x0000000088b00000| Complete 
| 140|0x0000000088c00000, 0x0000000088d00000, 0x0000000088d00000|100%|HS|  |TAMS 0x0000000088c00000, 0x0000000088c00000| Complete 
| 141|0x0000000088d00000, 0x0000000088db6200, 0x0000000088e00000| 71%| O|  |TAMS 0x0000000088d00000, 0x0000000088d00000| Untracked 
| 142|0x0000000088e00000, 0x0000000088e00000, 0x0000000088f00000|  0%| F|  |TAMS 0x0000000088e00000, 0x0000000088e00000| Untracked 
| 143|0x0000000088f00000, 0x0000000088f00000, 0x0000000089000000|  0%| F|  |TAMS 0x0000000088f00000, 0x0000000088f00000| Untracked 
| 144|0x0000000089000000, 0x0000000089000000, 0x0000000089100000|  0%| F|  |TAMS 0x0000000089000000, 0x0000000089000000| Untracked 
| 145|0x0000000089100000, 0x0000000089100000, 0x0000000089200000|  0%| F|  |TAMS 0x0000000089100000, 0x0000000089100000| Untracked 
| 146|0x0000000089200000, 0x0000000089200000, 0x0000000089300000|  0%| F|  |TAMS 0x0000000089200000, 0x0000000089200000| Untracked 
| 147|0x0000000089300000, 0x0000000089300000, 0x0000000089400000|  0%| F|  |TAMS 0x0000000089300000, 0x0000000089300000| Untracked 
| 148|0x0000000089400000, 0x0000000089400000, 0x0000000089500000|  0%| F|  |TAMS 0x0000000089400000, 0x0000000089400000| Untracked 
| 149|0x0000000089500000, 0x0000000089500000, 0x0000000089600000|  0%| F|  |TAMS 0x0000000089500000, 0x0000000089500000| Untracked 
| 150|0x0000000089600000, 0x0000000089600000, 0x0000000089700000|  0%| F|  |TAMS 0x0000000089600000, 0x0000000089600000| Untracked 
| 151|0x0000000089700000, 0x0000000089700000, 0x0000000089800000|  0%| F|  |TAMS 0x0000000089700000, 0x0000000089700000| Untracked 
| 152|0x0000000089800000, 0x0000000089800000, 0x0000000089900000|  0%| F|  |TAMS 0x0000000089800000, 0x0000000089800000| Untracked 
| 153|0x0000000089900000, 0x0000000089900000, 0x0000000089a00000|  0%| F|  |TAMS 0x0000000089900000, 0x0000000089900000| Untracked 
| 154|0x0000000089a00000, 0x0000000089a00000, 0x0000000089b00000|  0%| F|  |TAMS 0x0000000089a00000, 0x0000000089a00000| Untracked 
| 155|0x0000000089b00000, 0x0000000089b00000, 0x0000000089c00000|  0%| F|  |TAMS 0x0000000089b00000, 0x0000000089b00000| Untracked 
| 156|0x0000000089c00000, 0x0000000089c00000, 0x0000000089d00000|  0%| F|  |TAMS 0x0000000089c00000, 0x0000000089c00000| Untracked 
| 157|0x0000000089d00000, 0x0000000089d00000, 0x0000000089e00000|  0%| F|  |TAMS 0x0000000089d00000, 0x0000000089d00000| Untracked 
| 158|0x0000000089e00000, 0x0000000089e00000, 0x0000000089f00000|  0%| F|  |TAMS 0x0000000089e00000, 0x0000000089e00000| Untracked 
| 159|0x0000000089f00000, 0x0000000089f00000, 0x000000008a000000|  0%| F|  |TAMS 0x0000000089f00000, 0x0000000089f00000| Untracked 
| 160|0x000000008a000000, 0x000000008a000000, 0x000000008a100000|  0%| F|  |TAMS 0x000000008a000000, 0x000000008a000000| Untracked 
| 161|0x000000008a100000, 0x000000008a100000, 0x000000008a200000|  0%| F|  |TAMS 0x000000008a100000, 0x000000008a100000| Untracked 
| 162|0x000000008a200000, 0x000000008a200000, 0x000000008a300000|  0%| F|  |TAMS 0x000000008a200000, 0x000000008a200000| Untracked 
| 163|0x000000008a300000, 0x000000008a300000, 0x000000008a400000|  0%| F|  |TAMS 0x000000008a300000, 0x000000008a300000| Untracked 
| 164|0x000000008a400000, 0x000000008a400000, 0x000000008a500000|  0%| F|  |TAMS 0x000000008a400000, 0x000000008a400000| Untracked 
| 165|0x000000008a500000, 0x000000008a500000, 0x000000008a600000|  0%| F|  |TAMS 0x000000008a500000, 0x000000008a500000| Untracked 
| 166|0x000000008a600000, 0x000000008a600000, 0x000000008a700000|  0%| F|  |TAMS 0x000000008a600000, 0x000000008a600000| Untracked 
| 167|0x000000008a700000, 0x000000008a700000, 0x000000008a800000|  0%| F|  |TAMS 0x000000008a700000, 0x000000008a700000| Untracked 
| 168|0x000000008a800000, 0x000000008a800000, 0x000000008a900000|  0%| F|  |TAMS 0x000000008a800000, 0x000000008a800000| Untracked 
| 169|0x000000008a900000, 0x000000008a900000, 0x000000008aa00000|  0%| F|  |TAMS 0x000000008a900000, 0x000000008a900000| Untracked 
| 170|0x000000008aa00000, 0x000000008aa00000, 0x000000008ab00000|  0%| F|  |TAMS 0x000000008aa00000, 0x000000008aa00000| Untracked 
| 171|0x000000008ab00000, 0x000000008ab00000, 0x000000008ac00000|  0%| F|  |TAMS 0x000000008ab00000, 0x000000008ab00000| Untracked 
| 172|0x000000008ac00000, 0x000000008ac00000, 0x000000008ad00000|  0%| F|  |TAMS 0x000000008ac00000, 0x000000008ac00000| Untracked 
| 173|0x000000008ad00000, 0x000000008ad00000, 0x000000008ae00000|  0%| F|  |TAMS 0x000000008ad00000, 0x000000008ad00000| Untracked 
| 174|0x000000008ae00000, 0x000000008ae00000, 0x000000008af00000|  0%| F|  |TAMS 0x000000008ae00000, 0x000000008ae00000| Untracked 
| 175|0x000000008af00000, 0x000000008af00000, 0x000000008b000000|  0%| F|  |TAMS 0x000000008af00000, 0x000000008af00000| Untracked 
| 176|0x000000008b000000, 0x000000008b000000, 0x000000008b100000|  0%| F|  |TAMS 0x000000008b000000, 0x000000008b000000| Untracked 
| 177|0x000000008b100000, 0x000000008b100000, 0x000000008b200000|  0%| F|  |TAMS 0x000000008b100000, 0x000000008b100000| Untracked 
| 178|0x000000008b200000, 0x000000008b200000, 0x000000008b300000|  0%| F|  |TAMS 0x000000008b200000, 0x000000008b200000| Untracked 
| 179|0x000000008b300000, 0x000000008b300000, 0x000000008b400000|  0%| F|  |TAMS 0x000000008b300000, 0x000000008b300000| Untracked 
| 180|0x000000008b400000, 0x000000008b400000, 0x000000008b500000|  0%| F|  |TAMS 0x000000008b400000, 0x000000008b400000| Untracked 
| 181|0x000000008b500000, 0x000000008b500000, 0x000000008b600000|  0%| F|  |TAMS 0x000000008b500000, 0x000000008b500000| Untracked 
| 182|0x000000008b600000, 0x000000008b600000, 0x000000008b700000|  0%| F|  |TAMS 0x000000008b600000, 0x000000008b600000| Untracked 
| 183|0x000000008b700000, 0x000000008b700000, 0x000000008b800000|  0%| F|  |TAMS 0x000000008b700000, 0x000000008b700000| Untracked 
| 184|0x000000008b800000, 0x000000008b800000, 0x000000008b900000|  0%| F|  |TAMS 0x000000008b800000, 0x000000008b800000| Untracked 
| 185|0x000000008b900000, 0x000000008b900000, 0x000000008ba00000|  0%| F|  |TAMS 0x000000008b900000, 0x000000008b900000| Untracked 
| 186|0x000000008ba00000, 0x000000008ba00000, 0x000000008bb00000|  0%| F|  |TAMS 0x000000008ba00000, 0x000000008ba00000| Untracked 
| 187|0x000000008bb00000, 0x000000008bb00000, 0x000000008bc00000|  0%| F|  |TAMS 0x000000008bb00000, 0x000000008bb00000| Untracked 
| 188|0x000000008bc00000, 0x000000008bc00000, 0x000000008bd00000|  0%| F|  |TAMS 0x000000008bc00000, 0x000000008bc00000| Untracked 
| 189|0x000000008bd00000, 0x000000008bd00000, 0x000000008be00000|  0%| F|  |TAMS 0x000000008bd00000, 0x000000008bd00000| Untracked 
| 190|0x000000008be00000, 0x000000008be00000, 0x000000008bf00000|  0%| F|  |TAMS 0x000000008be00000, 0x000000008be00000| Untracked 
| 191|0x000000008bf00000, 0x000000008bf00000, 0x000000008c000000|  0%| F|  |TAMS 0x000000008bf00000, 0x000000008bf00000| Untracked 
| 192|0x000000008c000000, 0x000000008c000000, 0x000000008c100000|  0%| F|  |TAMS 0x000000008c000000, 0x000000008c000000| Untracked 
| 193|0x000000008c100000, 0x000000008c100000, 0x000000008c200000|  0%| F|  |TAMS 0x000000008c100000, 0x000000008c100000| Untracked 
| 194|0x000000008c200000, 0x000000008c200000, 0x000000008c300000|  0%| F|  |TAMS 0x000000008c200000, 0x000000008c200000| Untracked 
| 195|0x000000008c300000, 0x000000008c300000, 0x000000008c400000|  0%| F|  |TAMS 0x000000008c300000, 0x000000008c300000| Untracked 
| 196|0x000000008c400000, 0x000000008c400000, 0x000000008c500000|  0%| F|  |TAMS 0x000000008c400000, 0x000000008c400000| Untracked 
| 197|0x000000008c500000, 0x000000008c520020, 0x000000008c600000| 12%| S|CS|TAMS 0x000000008c500000, 0x000000008c500000| Complete 
| 198|0x000000008c600000, 0x000000008c700000, 0x000000008c700000|100%| S|CS|TAMS 0x000000008c600000, 0x000000008c600000| Complete 
| 199|0x000000008c700000, 0x000000008c800000, 0x000000008c800000|100%| S|CS|TAMS 0x000000008c700000, 0x000000008c700000| Complete 
| 200|0x000000008c800000, 0x000000008c800000, 0x000000008c900000|  0%| F|  |TAMS 0x000000008c800000, 0x000000008c800000| Untracked 
| 201|0x000000008c900000, 0x000000008c900000, 0x000000008ca00000|  0%| F|  |TAMS 0x000000008c900000, 0x000000008c900000| Untracked 
| 202|0x000000008ca00000, 0x000000008ca00000, 0x000000008cb00000|  0%| F|  |TAMS 0x000000008ca00000, 0x000000008ca00000| Untracked 
| 203|0x000000008cb00000, 0x000000008cb00000, 0x000000008cc00000|  0%| F|  |TAMS 0x000000008cb00000, 0x000000008cb00000| Untracked 
| 204|0x000000008cc00000, 0x000000008cc00000, 0x000000008cd00000|  0%| F|  |TAMS 0x000000008cc00000, 0x000000008cc00000| Untracked 
| 205|0x000000008cd00000, 0x000000008cd00000, 0x000000008ce00000|  0%| F|  |TAMS 0x000000008cd00000, 0x000000008cd00000| Untracked 
| 206|0x000000008ce00000, 0x000000008ce00000, 0x000000008cf00000|  0%| F|  |TAMS 0x000000008ce00000, 0x000000008ce00000| Untracked 
| 207|0x000000008cf00000, 0x000000008cf00000, 0x000000008d000000|  0%| F|  |TAMS 0x000000008cf00000, 0x000000008cf00000| Untracked 
| 208|0x000000008d000000, 0x000000008d000000, 0x000000008d100000|  0%| F|  |TAMS 0x000000008d000000, 0x000000008d000000| Untracked 
| 209|0x000000008d100000, 0x000000008d100000, 0x000000008d200000|  0%| F|  |TAMS 0x000000008d100000, 0x000000008d100000| Untracked 
| 210|0x000000008d200000, 0x000000008d200000, 0x000000008d300000|  0%| F|  |TAMS 0x000000008d200000, 0x000000008d200000| Untracked 
| 211|0x000000008d300000, 0x000000008d300000, 0x000000008d400000|  0%| F|  |TAMS 0x000000008d300000, 0x000000008d300000| Untracked 
| 212|0x000000008d400000, 0x000000008d400000, 0x000000008d500000|  0%| F|  |TAMS 0x000000008d400000, 0x000000008d400000| Untracked 
| 213|0x000000008d500000, 0x000000008d500000, 0x000000008d600000|  0%| F|  |TAMS 0x000000008d500000, 0x000000008d500000| Untracked 
| 214|0x000000008d600000, 0x000000008d600000, 0x000000008d700000|  0%| F|  |TAMS 0x000000008d600000, 0x000000008d600000| Untracked 
| 215|0x000000008d700000, 0x000000008d700000, 0x000000008d800000|  0%| F|  |TAMS 0x000000008d700000, 0x000000008d700000| Untracked 
| 216|0x000000008d800000, 0x000000008d800000, 0x000000008d900000|  0%| F|  |TAMS 0x000000008d800000, 0x000000008d800000| Untracked 
| 217|0x000000008d900000, 0x000000008d900000, 0x000000008da00000|  0%| F|  |TAMS 0x000000008d900000, 0x000000008d900000| Untracked 
| 218|0x000000008da00000, 0x000000008da00000, 0x000000008db00000|  0%| F|  |TAMS 0x000000008da00000, 0x000000008da00000| Untracked 
| 219|0x000000008db00000, 0x000000008db00000, 0x000000008dc00000|  0%| F|  |TAMS 0x000000008db00000, 0x000000008db00000| Untracked 
| 220|0x000000008dc00000, 0x000000008dc00000, 0x000000008dd00000|  0%| F|  |TAMS 0x000000008dc00000, 0x000000008dc00000| Untracked 
| 221|0x000000008dd00000, 0x000000008dd00000, 0x000000008de00000|  0%| F|  |TAMS 0x000000008dd00000, 0x000000008dd00000| Untracked 
| 222|0x000000008de00000, 0x000000008de00000, 0x000000008df00000|  0%| F|  |TAMS 0x000000008de00000, 0x000000008de00000| Untracked 
| 223|0x000000008df00000, 0x000000008df00000, 0x000000008e000000|  0%| F|  |TAMS 0x000000008df00000, 0x000000008df00000| Untracked 
| 224|0x000000008e000000, 0x000000008e000000, 0x000000008e100000|  0%| F|  |TAMS 0x000000008e000000, 0x000000008e000000| Untracked 
| 225|0x000000008e100000, 0x000000008e100000, 0x000000008e200000|  0%| F|  |TAMS 0x000000008e100000, 0x000000008e100000| Untracked 
| 226|0x000000008e200000, 0x000000008e200000, 0x000000008e300000|  0%| F|  |TAMS 0x000000008e200000, 0x000000008e200000| Untracked 
| 227|0x000000008e300000, 0x000000008e300000, 0x000000008e400000|  0%| F|  |TAMS 0x000000008e300000, 0x000000008e300000| Untracked 
| 228|0x000000008e400000, 0x000000008e400000, 0x000000008e500000|  0%| F|  |TAMS 0x000000008e400000, 0x000000008e400000| Untracked 
| 229|0x000000008e500000, 0x000000008e500000, 0x000000008e600000|  0%| F|  |TAMS 0x000000008e500000, 0x000000008e500000| Untracked 
| 230|0x000000008e600000, 0x000000008e600000, 0x000000008e700000|  0%| F|  |TAMS 0x000000008e600000, 0x000000008e600000| Untracked 
| 231|0x000000008e700000, 0x000000008e700000, 0x000000008e800000|  0%| F|  |TAMS 0x000000008e700000, 0x000000008e700000| Untracked 
| 232|0x000000008e800000, 0x000000008e800000, 0x000000008e900000|  0%| F|  |TAMS 0x000000008e800000, 0x000000008e800000| Untracked 
| 233|0x000000008e900000, 0x000000008e900000, 0x000000008ea00000|  0%| F|  |TAMS 0x000000008e900000, 0x000000008e900000| Untracked 
| 234|0x000000008ea00000, 0x000000008ea00000, 0x000000008eb00000|  0%| F|  |TAMS 0x000000008ea00000, 0x000000008ea00000| Untracked 
| 235|0x000000008eb00000, 0x000000008eb00000, 0x000000008ec00000|  0%| F|  |TAMS 0x000000008eb00000, 0x000000008eb00000| Untracked 
| 236|0x000000008ec00000, 0x000000008ec00000, 0x000000008ed00000|  0%| F|  |TAMS 0x000000008ec00000, 0x000000008ec00000| Untracked 
| 237|0x000000008ed00000, 0x000000008ed00000, 0x000000008ee00000|  0%| F|  |TAMS 0x000000008ed00000, 0x000000008ed00000| Untracked 
| 238|0x000000008ee00000, 0x000000008ee00000, 0x000000008ef00000|  0%| F|  |TAMS 0x000000008ee00000, 0x000000008ee00000| Untracked 

Card table byte_map: [0x000002461f0e0000,0x000002461f4e0000] _byte_map_base: 0x000002461ece0000

Marking Bits (Prev, Next): (CMBitMap*) 0x000002460b449490, (CMBitMap*) 0x000002460b449458
 Prev Bits: [0x00000246218e0000, 0x00000246238e0000)
 Next Bits: [0x000002461f8e0000, 0x00000246218e0000)

Polling page: 0x0000024609b00000

Metaspace:

Usage:
  Non-class:     81.99 MB capacity,    80.26 MB ( 98%) used,     1.40 MB (  2%) free+waste,   335.81 KB ( <1%) overhead. 
      Class:     13.30 MB capacity,    12.22 MB ( 92%) used,   957.22 KB (  7%) free+waste,   151.75 KB (  1%) overhead. 
       Both:     95.29 MB capacity,    92.48 MB ( 97%) used,     2.33 MB (  2%) free+waste,   487.56 KB ( <1%) overhead. 

Virtual space:
  Non-class space:       84.00 MB reserved,      82.17 MB ( 98%) committed 
      Class space:        1.00 GB reserved,      13.38 MB (  1%) committed 
             Both:        1.08 GB reserved,      95.55 MB (  9%) committed 

Chunk freelists:
   Non-Class:  61.00 KB
       Class:  12.00 KB
        Both:  73.00 KB

MaxMetaspaceSize: 17179869184.00 GB
CompressedClassSpaceSize: 1.00 GB
Initial GC threshold: 20.80 MB
Current GC threshold: 158.83 MB
CDS: off

CodeHeap 'non-profiled nmethods': size=120000Kb used=7854Kb max_used=7854Kb free=112145Kb
 bounds [0x0000024616d40000, 0x00000246174f0000, 0x000002461e270000]
CodeHeap 'profiled nmethods': size=120000Kb used=26275Kb max_used=26275Kb free=93725Kb
 bounds [0x000002460f810000, 0x00000246111c0000, 0x0000024616d40000]
CodeHeap 'non-nmethods': size=5760Kb used=2398Kb max_used=2462Kb free=3361Kb
 bounds [0x000002460f270000, 0x000002460f4e0000, 0x000002460f810000]
 total_blobs=13413 nmethods=12490 adapters=835
 compilation: enabled
              stopped_count=0, restarted_count=0
 full_count=0

Compilation events (20 events):
Event: 21.889 Thread 0x0000024626c26800 12615       2       com.android.tools.r8.graph.d$$Lambda$1365/0x0000000100c40040::<init> (10 bytes)
Event: 21.890 Thread 0x0000024626c26800 nmethod 12615 0x00000246111b4890 code [0x00000246111b4a40, 0x00000246111b4b78]
Event: 21.890 Thread 0x0000024626c26800 12630       2       com.android.tools.r8.graph.K::E (2 bytes)
Event: 21.890 Thread 0x0000024626c26800 nmethod 12630 0x00000246111b4c10 code [0x00000246111b4dc0, 0x00000246111b4eb8]
Event: 21.891 Thread 0x0000024626c26800 12632 %     3       com.android.tools.r8.internal.XT::a @ 73 (109 bytes)
Event: 21.892 Thread 0x0000024626c26800 nmethod 12632% 0x00000246111b4f90 code [0x00000246111b51a0, 0x00000246111b5708]
Event: 21.892 Thread 0x0000024626c26800 12633       3       com.android.tools.r8.internal.XT::a (109 bytes)
Event: 21.892 Thread 0x0000024626c26800 nmethod 12633 0x00000246111b5990 code [0x00000246111b5b80, 0x00000246111b6068]
Event: 21.895 Thread 0x0000024626c26800 12635       2       com.android.tools.r8.internal.dd::b (50 bytes)
Event: 21.895 Thread 0x0000024626c26800 nmethod 12635 0x00000246111b6310 code [0x00000246111b64e0, 0x00000246111b6748]
Event: 21.895 Thread 0x0000024626c26800 12636       2       com.android.tools.r8.internal.ed::a (80 bytes)
Event: 21.895 Thread 0x0000024626c26800 nmethod 12636 0x00000246111b6890 code [0x00000246111b6aa0, 0x00000246111b6da8]
Event: 21.896 Thread 0x000002462a491800 nmethod 12590% 0x00000246174e7090 code [0x00000246174e72e0, 0x00000246174e8c08]
Event: 21.896 Thread 0x000002462a491800 12591 %     4       java.util.TimSort::mergeHi @ 191 (732 bytes)
Event: 21.904 Thread 0x0000024626c26800 12648 %     3       com.android.tools.r8.internal.ed::a @ 3 (80 bytes)
Event: 21.905 Thread 0x0000024626c26800 nmethod 12648% 0x00000246111b6f90 code [0x00000246111b71e0, 0x00000246111b7b88]
Event: 21.906 Thread 0x0000024626c26800 12649       3       com.android.tools.r8.internal.ed::a (80 bytes)
Event: 21.906 Thread 0x0000024626c26800 nmethod 12649 0x00000246111b7e10 code [0x00000246111b8060, 0x00000246111b8948]
Event: 21.912 Thread 0x000002462a491800 nmethod 12591% 0x00000246174e9790 code [0x00000246174e99a0, 0x00000246174eb058]
Event: 21.912 Thread 0x000002462a491800 12642       4       java.util.TimSort::mergeLo (659 bytes)

GC Heap History (20 events):
Event: 20.667 GC heap after
{Heap after GC invocations=42 (full 0):
 garbage-first heap   total 136192K, used 120902K [0x0000000080000000, 0x0000000100000000)
  region size 1024K, 1 young (1024K), 1 survivors (1024K)
 Metaspace       used 90842K, capacity 93474K, committed 93616K, reserved 1130496K
  class space    used 12031K, capacity 13055K, committed 13056K, reserved 1048576K
}
Event: 20.701 GC heap before
{Heap before GC invocations=43 (full 0):
 garbage-first heap   total 136192K, used 126022K [0x0000000080000000, 0x0000000100000000)
  region size 1024K, 6 young (6144K), 1 survivors (1024K)
 Metaspace       used 90847K, capacity 93475K, committed 93616K, reserved 1130496K
  class space    used 12031K, capacity 13055K, committed 13056K, reserved 1048576K
}
Event: 20.704 GC heap after
{Heap after GC invocations=44 (full 0):
 garbage-first heap   total 136192K, used 123796K [0x0000000080000000, 0x0000000100000000)
  region size 1024K, 1 young (1024K), 1 survivors (1024K)
 Metaspace       used 90847K, capacity 93475K, committed 93616K, reserved 1130496K
  class space    used 12031K, capacity 13055K, committed 13056K, reserved 1048576K
}
Event: 20.728 GC heap before
{Heap before GC invocations=44 (full 0):
 garbage-first heap   total 136192K, used 127892K [0x0000000080000000, 0x0000000100000000)
  region size 1024K, 6 young (6144K), 1 survivors (1024K)
 Metaspace       used 90853K, capacity 93476K, committed 93616K, reserved 1130496K
  class space    used 12031K, capacity 13055K, committed 13056K, reserved 1048576K
}
Event: 20.732 GC heap after
{Heap after GC invocations=45 (full 0):
 garbage-first heap   total 163840K, used 126829K [0x0000000080000000, 0x0000000100000000)
  region size 1024K, 1 young (1024K), 1 survivors (1024K)
 Metaspace       used 90853K, capacity 93476K, committed 93616K, reserved 1130496K
  class space    used 12031K, capacity 13055K, committed 13056K, reserved 1048576K
}
Event: 20.770 GC heap before
{Heap before GC invocations=45 (full 0):
 garbage-first heap   total 163840K, used 133997K [0x0000000080000000, 0x0000000100000000)
  region size 1024K, 8 young (8192K), 1 survivors (1024K)
 Metaspace       used 90857K, capacity 93477K, committed 93616K, reserved 1130496K
  class space    used 12031K, capacity 13055K, committed 13056K, reserved 1048576K
}
Event: 20.774 GC heap after
{Heap after GC invocations=46 (full 0):
 garbage-first heap   total 163840K, used 131000K [0x0000000080000000, 0x0000000100000000)
  region size 1024K, 1 young (1024K), 1 survivors (1024K)
 Metaspace       used 90857K, capacity 93477K, committed 93616K, reserved 1130496K
  class space    used 12031K, capacity 13055K, committed 13056K, reserved 1048576K
}
Event: 20.822 GC heap before
{Heap before GC invocations=46 (full 0):
 garbage-first heap   total 163840K, used 138168K [0x0000000080000000, 0x0000000100000000)
  region size 1024K, 8 young (8192K), 1 survivors (1024K)
 Metaspace       used 90893K, capacity 93541K, committed 93616K, reserved 1130496K
  class space    used 12031K, capacity 13055K, committed 13056K, reserved 1048576K
}
Event: 20.827 GC heap after
{Heap after GC invocations=47 (full 0):
 garbage-first heap   total 163840K, used 134972K [0x0000000080000000, 0x0000000100000000)
  region size 1024K, 1 young (1024K), 1 survivors (1024K)
 Metaspace       used 90893K, capacity 93541K, committed 93616K, reserved 1130496K
  class space    used 12031K, capacity 13055K, committed 13056K, reserved 1048576K
}
Event: 20.871 GC heap before
{Heap before GC invocations=47 (full 0):
 garbage-first heap   total 163840K, used 141116K [0x0000000080000000, 0x0000000100000000)
  region size 1024K, 8 young (8192K), 1 survivors (1024K)
 Metaspace       used 90769K, capacity 93336K, committed 93616K, reserved 1130496K
  class space    used 11985K, capacity 12970K, committed 13056K, reserved 1048576K
}
Event: 20.876 GC heap after
{Heap after GC invocations=48 (full 0):
 garbage-first heap   total 163840K, used 139440K [0x0000000080000000, 0x0000000100000000)
  region size 1024K, 1 young (1024K), 1 survivors (1024K)
 Metaspace       used 90769K, capacity 93336K, committed 93616K, reserved 1130496K
  class space    used 11985K, capacity 12970K, committed 13056K, reserved 1048576K
}
Event: 21.032 GC heap before
{Heap before GC invocations=49 (full 0):
 garbage-first heap   total 163840K, used 146608K [0x0000000080000000, 0x0000000100000000)
  region size 1024K, 8 young (8192K), 1 survivors (1024K)
 Metaspace       used 92094K, capacity 94651K, committed 94896K, reserved 1130496K
  class space    used 12183K, capacity 13172K, committed 13312K, reserved 1048576K
}
Event: 21.037 GC heap after
{Heap after GC invocations=50 (full 0):
 garbage-first heap   total 244736K, used 140907K [0x0000000080000000, 0x0000000100000000)
  region size 1024K, 1 young (1024K), 1 survivors (1024K)
 Metaspace       used 92094K, capacity 94651K, committed 94896K, reserved 1130496K
  class space    used 12183K, capacity 13172K, committed 13312K, reserved 1048576K
}
Event: 21.327 GC heap before
{Heap before GC invocations=50 (full 0):
 garbage-first heap   total 244736K, used 167531K [0x0000000080000000, 0x0000000100000000)
  region size 1024K, 28 young (28672K), 1 survivors (1024K)
 Metaspace       used 93711K, capacity 96540K, committed 96688K, reserved 1132544K
  class space    used 12410K, capacity 13502K, committed 13568K, reserved 1048576K
}
Event: 21.331 GC heap after
{Heap after GC invocations=51 (full 0):
 garbage-first heap   total 244736K, used 143299K [0x0000000080000000, 0x0000000100000000)
  region size 1024K, 4 young (4096K), 4 survivors (4096K)
 Metaspace       used 93711K, capacity 96540K, committed 96688K, reserved 1132544K
  class space    used 12410K, capacity 13502K, committed 13568K, reserved 1048576K
}
Event: 21.565 GC heap before
{Heap before GC invocations=52 (full 0):
 garbage-first heap   total 244736K, used 165827K [0x0000000080000000, 0x0000000100000000)
  region size 1024K, 32 young (32768K), 4 survivors (4096K)
 Metaspace       used 94495K, capacity 97363K, committed 97584K, reserved 1132544K
  class space    used 12500K, capacity 13597K, committed 13696K, reserved 1048576K
}
Event: 21.571 GC heap after
{Heap after GC invocations=53 (full 0):
 garbage-first heap   total 244736K, used 140658K [0x0000000080000000, 0x0000000100000000)
  region size 1024K, 3 young (3072K), 3 survivors (3072K)
 Metaspace       used 94495K, capacity 97363K, committed 97584K, reserved 1132544K
  class space    used 12500K, capacity 13597K, committed 13696K, reserved 1048576K
}
Event: 21.589 GC heap before
{Heap before GC invocations=53 (full 0):
 garbage-first heap   total 244736K, used 142706K [0x0000000080000000, 0x0000000100000000)
  region size 1024K, 7 young (7168K), 3 survivors (3072K)
 Metaspace       used 94496K, capacity 97364K, committed 97584K, reserved 1132544K
  class space    used 12500K, capacity 13597K, committed 13696K, reserved 1048576K
}
Event: 21.593 GC heap after
{Heap after GC invocations=54 (full 0):
 garbage-first heap   total 244736K, used 140860K [0x0000000080000000, 0x0000000100000000)
  region size 1024K, 4 young (4096K), 4 survivors (4096K)
 Metaspace       used 94496K, capacity 97364K, committed 97584K, reserved 1132544K
  class space    used 12500K, capacity 13597K, committed 13696K, reserved 1048576K
}
Event: 21.922 GC heap before
{Heap before GC invocations=55 (full 0):
 garbage-first heap   total 244736K, used 181820K [0x0000000080000000, 0x0000000100000000)
  region size 1024K, 39 young (39936K), 4 survivors (4096K)
 Metaspace       used 94698K, capacity 97575K, committed 97840K, reserved 1134592K
  class space    used 12511K, capacity 13620K, committed 13696K, reserved 1048576K
}

Deoptimization events (20 events):
Event: 21.838 Thread 0x000002462fb0e000 Uncommon trap: trap_request=0xffffff4d fr.pc=0x00000246174e2e48 relative=0x0000000000000308
Event: 21.838 Thread 0x000002462fb0e000 Uncommon trap: reason=unstable_if action=reinterpret pc=0x00000246174e2e48 method=com.android.tools.r8.graph.e1.a(Lcom/android/tools/r8/graph/e1;)I @ 60 c2
Event: 21.838 Thread 0x000002462fb0e000 DEOPT PACKING pc=0x00000246174e2e48 sp=0x00000059641fe650
Event: 21.838 Thread 0x000002462fb0e000 DEOPT UNPACKING pc=0x000002460f2ba1af sp=0x00000059641fe5d8 mode 2
Event: 21.839 Thread 0x000002462fb0e000 DEOPT PACKING pc=0x00000246111a6447 sp=0x00000059641fe590
Event: 21.839 Thread 0x000002462fb0e000 DEOPT UNPACKING pc=0x000002460f2ba95e sp=0x00000059641fd9f8 mode 0
Event: 21.839 Thread 0x000002462fb0e000 DEOPT PACKING pc=0x00000246111a6447 sp=0x00000059641fe590
Event: 21.839 Thread 0x000002462fb0e000 DEOPT UNPACKING pc=0x000002460f2ba95e sp=0x00000059641fd9f8 mode 0
Event: 21.877 Thread 0x000002462fb0e000 DEOPT PACKING pc=0x00000246111a7fa7 sp=0x00000059641fe7c0
Event: 21.877 Thread 0x000002462fb0e000 DEOPT UNPACKING pc=0x000002460f2ba95e sp=0x00000059641fdcc8 mode 0
Event: 21.897 Thread 0x000002462fb0e000 DEOPT PACKING pc=0x00000246111a558c sp=0x00000059641fe510
Event: 21.897 Thread 0x000002462fb0e000 DEOPT UNPACKING pc=0x000002460f2ba95e sp=0x00000059641fd9f8 mode 0
Event: 21.903 Thread 0x000002462fb0e000 DEOPT PACKING pc=0x00000246111a558c sp=0x00000059641fe510
Event: 21.903 Thread 0x000002462fb0e000 DEOPT UNPACKING pc=0x000002460f2ba95e sp=0x00000059641fd9f8 mode 0
Event: 21.908 Thread 0x000002462fb0e000 DEOPT PACKING pc=0x00000246111a558c sp=0x00000059641fe510
Event: 21.908 Thread 0x000002462fb0e000 DEOPT UNPACKING pc=0x000002460f2ba95e sp=0x00000059641fd9f8 mode 0
Event: 21.914 Thread 0x000002462fb0e000 DEOPT PACKING pc=0x00000246111a558c sp=0x00000059641fe510
Event: 21.914 Thread 0x000002462fb0e000 DEOPT UNPACKING pc=0x000002460f2ba95e sp=0x00000059641fd9f8 mode 0
Event: 21.919 Thread 0x000002462fb0e000 DEOPT PACKING pc=0x000002461096c71d sp=0x00000059641fe500
Event: 21.919 Thread 0x000002462fb0e000 DEOPT UNPACKING pc=0x000002460f2ba95e sp=0x00000059641fd9f0 mode 0

Classes redefined (0 events):
No events

Internal exceptions (20 events):
Event: 16.624 Thread 0x000002462bf2e800 Exception <a 'java/lang/NoSuchMethodError'{0x0000000087d0c888}: <clinit>> (0x0000000087d0c888) thrown at [src/hotspot/share/prims/jni.cpp, line 1367]
Event: 16.625 Thread 0x000002462bf2e800 Exception <a 'java/lang/NoSuchMethodError'{0x0000000087d251f8}: <clinit>> (0x0000000087d251f8) thrown at [src/hotspot/share/prims/jni.cpp, line 1367]
Event: 16.626 Thread 0x000002462bf2e800 Exception <a 'java/lang/NoSuchMethodError'{0x0000000087d26430}: <clinit>> (0x0000000087d26430) thrown at [src/hotspot/share/prims/jni.cpp, line 1367]
Event: 16.832 Thread 0x000002462bf25800 Implicit null exception at 0x0000024617305a93 to 0x0000024617305ba0
Event: 18.720 Thread 0x000002462fb0b800 Exception <a 'sun/nio/fs/WindowsException'{0x0000000087a69f20}> (0x0000000087a69f20) thrown at [src/hotspot/share/prims/jni.cpp, line 617]
Event: 19.214 Thread 0x000002462fb0b800 Exception <a 'java/lang/NoSuchMethodError'{0x00000000878a3618}: 'java.lang.Object java.lang.invoke.DirectMethodHandle$Holder.newInvokeSpecial(java.lang.Object, int)'> (0x00000000878a3618) thrown at [src/hotspot/share/interpreter/linkResolver.cpp, line 773]
Event: 19.909 Thread 0x000002462fb0b800 Exception <a 'java/lang/NoSuchMethodError'{0x0000000086fa4588}: 'java.lang.Object java.lang.invoke.DirectMethodHandle$Holder.invokeStaticInit(java.lang.Object, java.lang.Object, java.lang.Object, java.lang.Object, java.lang.Object, java.lang.Object, java.lang.Object, java.lang.Object, java.lang.Object, java.lang.Object, java.lang.Object, java.lang.Object, java.lang.Object, java.lang.Object, java.lang.Object, java.lang.Object, java.lang.Object, java.lang.Object, java.lang.Object, int, java.lang.Object, java
Event: 20.161 Thread 0x000002462fb0b800 Implicit null exception at 0x000002461742ec1c to 0x000002461742f768
Event: 20.375 Thread 0x000002462fb10000 Exception <a 'java/lang/IncompatibleClassChangeError'{0x00000000879daf20}: Found class java.lang.Object, but interface was expected> (0x00000000879daf20) thrown at [src/hotspot/share/interpreter/linkResolver.cpp, line 839]
Event: 20.375 Thread 0x000002462fb0d800 Exception <a 'java/lang/IncompatibleClassChangeError'{0x00000000879f6800}: Found class java.lang.Object, but interface was expected> (0x00000000879f6800) thrown at [src/hotspot/share/interpreter/linkResolver.cpp, line 839]
Event: 20.378 Thread 0x000002462fb0d800 Exception <a 'java/lang/IncompatibleClassChangeError'{0x0000000087857008}: Found class java.lang.Object, but interface was expected> (0x0000000087857008) thrown at [src/hotspot/share/interpreter/linkResolver.cpp, line 839]
Event: 20.378 Thread 0x000002462fb10000 Exception <a 'java/lang/IncompatibleClassChangeError'{0x00000000878598d0}: Found class java.lang.Object, but interface was expected> (0x00000000878598d0) thrown at [src/hotspot/share/interpreter/linkResolver.cpp, line 839]
Event: 20.379 Thread 0x000002462fb10000 Exception <a 'java/lang/IncompatibleClassChangeError'{0x00000000878702a8}: Found class java.lang.Object, but interface was expected> (0x00000000878702a8) thrown at [src/hotspot/share/interpreter/linkResolver.cpp, line 839]
Event: 20.379 Thread 0x000002462fb0d800 Exception <a 'java/lang/IncompatibleClassChangeError'{0x000000008785f360}: Found class java.lang.Object, but interface was expected> (0x000000008785f360) thrown at [src/hotspot/share/interpreter/linkResolver.cpp, line 839]
Event: 21.006 Thread 0x000002462fb0b800 Exception <a 'java/lang/NoSuchMethodError'{0x0000000089a6dcf0}: 'void java.lang.invoke.DirectMethodHandle$Holder.invokeStatic(java.lang.Object, java.lang.Object, java.lang.Object, int)'> (0x0000000089a6dcf0) thrown at [src/hotspot/share/interpreter/linkResolver.cpp, line 773]
Event: 21.006 Thread 0x000002462fb0b800 Exception <a 'java/lang/IncompatibleClassChangeError'{0x0000000089a75be8}: Found class java.lang.Object, but interface was expected> (0x0000000089a75be8) thrown at [src/hotspot/share/interpreter/linkResolver.cpp, line 839]
Event: 21.215 Thread 0x000002462fb0b800 Exception <a 'java/lang/NoSuchMethodError'{0x000000008e289f08}: 'java.lang.Object java.lang.invoke.Invokers$Holder.linkToTargetMethod(java.lang.Object, int, java.lang.Object, java.lang.Object, java.lang.Object, java.lang.Object)'> (0x000000008e289f08) thrown at [src/hotspot/share/interpreter/linkResolver.cpp, line 773]
Event: 21.220 Thread 0x000002462fb0b800 Exception <a 'java/lang/IncompatibleClassChangeError'{0x000000008e2af808}: Found class java.lang.Object, but interface was expected> (0x000000008e2af808) thrown at [src/hotspot/share/interpreter/linkResolver.cpp, line 839]
Event: 21.240 Thread 0x000002462fb0b800 Exception <a 'java/lang/NoSuchMethodError'{0x000000008e185b98}: 'void java.lang.invoke.DirectMethodHandle$Holder.invokeStatic(java.lang.Object, java.lang.Object, java.lang.Object, java.lang.Object, java.lang.Object, java.lang.Object, java.lang.Object, java.lang.Object)'> (0x000000008e185b98) thrown at [src/hotspot/share/interpreter/linkResolver.cpp, line 773]
Event: 21.800 Thread 0x000002462fb0b800 Exception <a 'java/lang/IncompatibleClassChangeError'{0x000000008d5855a0}: Found class java.lang.Object, but interface was expected> (0x000000008d5855a0) thrown at [src/hotspot/share/interpreter/linkResolver.cpp, line 839]

Events (20 events):
Event: 21.884 loading class com/android/tools/r8/internal/EM done
Event: 21.885 loading class com/android/tools/r8/internal/EM
Event: 21.885 loading class com/android/tools/r8/internal/EM done
Event: 21.885 loading class com/android/tools/r8/graph/a1
Event: 21.885 loading class com/android/tools/r8/graph/a1 done
Event: 21.885 loading class com/android/tools/r8/internal/EM
Event: 21.885 loading class com/android/tools/r8/internal/EM done
Event: 21.885 loading class com/android/tools/r8/graph/O
Event: 21.885 loading class com/android/tools/r8/graph/O done
Event: 21.885 loading class com/android/tools/r8/graph/O
Event: 21.885 loading class com/android/tools/r8/graph/O done
Event: 21.885 loading class com/android/tools/r8/graph/t
Event: 21.885 loading class com/android/tools/r8/graph/t done
Event: 21.885 loading class com/android/tools/r8/graph/u
Event: 21.885 loading class com/android/tools/r8/graph/u done
Event: 21.894 loading class com/android/tools/r8/graph/b1
Event: 21.894 loading class com/android/tools/r8/graph/b1 done
Event: 21.894 loading class com/android/tools/r8/internal/FM
Event: 21.894 loading class com/android/tools/r8/internal/FM done
Event: 21.922 Executing VM operation: G1CollectForAllocation


Dynamic libraries:
0x00007ff71f8f0000 - 0x00007ff71f8fa000 	G:\Android studio\jbr\bin\java.exe
0x00007ff843de0000 - 0x00007ff843fd0000 	C:\Windows\SYSTEM32\ntdll.dll
0x00007ff842470000 - 0x00007ff842522000 	C:\Windows\System32\KERNEL32.DLL
0x00007ff841be0000 - 0x00007ff841e85000 	C:\Windows\System32\KERNELBASE.dll
0x00007ff841760000 - 0x00007ff84185a000 	C:\Windows\System32\ucrtbase.dll
0x00007ff82f170000 - 0x00007ff82f18b000 	G:\Android studio\jbr\bin\VCRUNTIME140.dll
0x00007ff82f150000 - 0x00007ff82f167000 	G:\Android studio\jbr\bin\jli.dll
0x00007ff842ee0000 - 0x00007ff843074000 	C:\Windows\System32\USER32.dll
0x00007ff840dc0000 - 0x00007ff840de1000 	C:\Windows\System32\win32u.dll
0x00007ff82f950000 - 0x00007ff82fbd4000 	C:\Windows\WinSxS\amd64_microsoft.windows.common-controls_6595b64144ccf1df_6.0.18362.1139_none_9e7bf2d3e4605ac6\COMCTL32.dll
0x00007ff8428c0000 - 0x00007ff8428e6000 	C:\Windows\System32\GDI32.dll
0x00007ff842a90000 - 0x00007ff842b2e000 	C:\Windows\System32\msvcrt.dll
0x00007ff840df0000 - 0x00007ff840f86000 	C:\Windows\System32\gdi32full.dll
0x00007ff842130000 - 0x00007ff842465000 	C:\Windows\System32\combase.dll
0x00007ff842dc0000 - 0x00007ff842ee0000 	C:\Windows\System32\RPCRT4.dll
0x00007ff841b40000 - 0x00007ff841bde000 	C:\Windows\System32\msvcp_win.dll
0x00007ff8419b0000 - 0x00007ff841a30000 	C:\Windows\System32\bcryptPrimitives.dll
0x00007ff842540000 - 0x00007ff84256e000 	C:\Windows\System32\IMM32.DLL
0x0000000067f30000 - 0x0000000067f3c000 	C:\Program Files (x86)\360\360Safe\safemon\SafeWrapper.dll
0x00007ff842d10000 - 0x00007ff842db3000 	C:\Windows\System32\ADVAPI32.dll
0x00007ff843c90000 - 0x00007ff843d27000 	C:\Windows\System32\sechost.dll
0x00007ff831fa0000 - 0x00007ff832036000 	C:\Program Files (x86)\360\360Safe\safemon\libzdtp64.dll
0x00007ff843080000 - 0x00007ff843767000 	C:\Windows\System32\SHELL32.dll
0x00007ff840d70000 - 0x00007ff840dba000 	C:\Windows\System32\cfgmgr32.dll
0x00007ff8425e0000 - 0x00007ff842689000 	C:\Windows\System32\shcore.dll
0x00007ff840fe0000 - 0x00007ff841760000 	C:\Windows\System32\windows.storage.dll
0x00007ff840cd0000 - 0x00007ff840cf3000 	C:\Windows\System32\profapi.dll
0x00007ff840d20000 - 0x00007ff840d6a000 	C:\Windows\System32\powrprof.dll
0x00007ff840ca0000 - 0x00007ff840cb0000 	C:\Windows\System32\UMPDC.dll
0x00007ff842860000 - 0x00007ff8428b2000 	C:\Windows\System32\shlwapi.dll
0x00007ff840cb0000 - 0x00007ff840cc1000 	C:\Windows\System32\kernel.appcore.dll
0x00007ff840fc0000 - 0x00007ff840fd7000 	C:\Windows\System32\cryptsp.dll
0x00007ff840820000 - 0x00007ff84082a000 	C:\Windows\SYSTEM32\VERSION.dll
0x00007ff817cc0000 - 0x00007ff817d4d000 	G:\Android studio\jbr\bin\msvcp140.dll
0x00007ff83eda0000 - 0x00007ff83edab000 	C:\Windows\SYSTEM32\VCRUNTIME140_1.dll
0x00007ff809040000 - 0x00007ff809bfc000 	G:\Android studio\jbr\bin\server\jvm.dll
0x00007ff842570000 - 0x00007ff842578000 	C:\Windows\System32\PSAPI.DLL
0x00007ff83ec30000 - 0x00007ff83ec54000 	C:\Windows\SYSTEM32\WINMM.dll
0x00007ff83edb0000 - 0x00007ff83edb9000 	C:\Windows\SYSTEM32\WSOCK32.dll
0x00007ff843d30000 - 0x00007ff843d9f000 	C:\Windows\System32\WS2_32.dll
0x00007ff83ec00000 - 0x00007ff83ec2d000 	C:\Windows\SYSTEM32\winmmbase.dll
0x00007ff839f40000 - 0x00007ff839f50000 	G:\Android studio\jbr\bin\verify.dll
0x00007ff812200000 - 0x00007ff8123f4000 	C:\Windows\SYSTEM32\DBGHELP.DLL
0x00007ff82f2c0000 - 0x00007ff82f2ea000 	C:\Windows\SYSTEM32\dbgcore.DLL
0x00007ff82f290000 - 0x00007ff82f2b8000 	G:\Android studio\jbr\bin\java.dll
0x00007ff8307c0000 - 0x00007ff8307ca000 	G:\Android studio\jbr\bin\jimage.dll
0x00007ff82f530000 - 0x00007ff82f548000 	G:\Android studio\jbr\bin\zip.dll
0x00007ff83ee10000 - 0x00007ff83ee29000 	G:\Android studio\jbr\bin\net.dll
0x00007ff83c210000 - 0x00007ff83c300000 	C:\Windows\SYSTEM32\WINHTTP.dll
0x00007ff840420000 - 0x00007ff840487000 	C:\Windows\system32\mswsock.dll
0x00007ff839e80000 - 0x00007ff839e93000 	G:\Android studio\jbr\bin\nio.dll
0x00007ff832990000 - 0x00007ff8329b7000 	G:\AndroidStudioProjects\LaunchPro\.gradle\native\e1d6ef7f7dcc3fd88c89a11ec53ec762bb8ba0a96d01ffa2cd45eb1d1d8dd5c5\windows-amd64\native-platform.dll
0x00007ff817110000 - 0x00007ff817254000 	G:\AndroidStudioProjects\LaunchPro\.gradle\native\0d407fdbe67a94daf76414ababcb853783967236a71b16ec16e742cd7a986fd3\windows-amd64\native-platform-file-events.dll
0x00007ff839e70000 - 0x00007ff839e7a000 	G:\Android studio\jbr\bin\management.dll
0x00007ff839cc0000 - 0x00007ff839ccb000 	G:\Android studio\jbr\bin\management_ext.dll
0x00007ff83ff90000 - 0x00007ff83ffc3000 	C:\Windows\system32\rsaenh.dll
0x00007ff840f90000 - 0x00007ff840fb6000 	C:\Windows\System32\bcrypt.dll
0x00007ff840b80000 - 0x00007ff840ba5000 	C:\Windows\SYSTEM32\USERENV.dll
0x00007ff8405f0000 - 0x00007ff8405fc000 	C:\Windows\SYSTEM32\CRYPTBASE.dll
0x00007ff840130000 - 0x00007ff84016a000 	C:\Windows\SYSTEM32\IPHLPAPI.DLL
0x00007ff842530000 - 0x00007ff842538000 	C:\Windows\System32\NSI.dll
0x00007ff83b7f0000 - 0x00007ff83b806000 	C:\Windows\SYSTEM32\dhcpcsvc6.DLL
0x00007ff83b560000 - 0x00007ff83b57c000 	C:\Windows\SYSTEM32\dhcpcsvc.DLL
0x00007ff840170000 - 0x00007ff84023b000 	C:\Windows\SYSTEM32\DNSAPI.dll

dbghelp: loaded successfully - version: 4.0.5 - missing functions: none
symbol engine: initialized successfully - sym options: 0x614 - pdb path: .;G:\Android studio\jbr\bin;C:\Windows\SYSTEM32;C:\Windows\WinSxS\amd64_microsoft.windows.common-controls_6595b64144ccf1df_6.0.18362.1139_none_9e7bf2d3e4605ac6;C:\Program Files (x86)\360\360Safe\safemon;G:\Android studio\jbr\bin\server;G:\AndroidStudioProjects\LaunchPro\.gradle\native\e1d6ef7f7dcc3fd88c89a11ec53ec762bb8ba0a96d01ffa2cd45eb1d1d8dd5c5\windows-amd64;G:\AndroidStudioProjects\LaunchPro\.gradle\native\0d407fdbe67a94daf76414ababcb853783967236a71b16ec16e742cd7a986fd3\windows-amd64

VM Arguments:
jvm_args: --add-opens=java.base/java.util=ALL-UNNAMED --add-opens=java.base/java.lang=ALL-UNNAMED --add-opens=java.base/java.lang.invoke=ALL-UNNAMED --add-opens=java.base/java.util=ALL-UNNAMED --add-opens=java.prefs/java.util.prefs=ALL-UNNAMED --add-opens=java.prefs/java.util.prefs=ALL-UNNAMED --add-opens=java.base/java.nio.charset=ALL-UNNAMED --add-opens=java.base/java.net=ALL-UNNAMED --add-opens=java.base/java.util.concurrent.atomic=ALL-UNNAMED -Xmx2048m -Dfile.encoding=UTF-8 -Duser.country=CN -Duser.language=zh -Duser.variant 
java_command: org.gradle.launcher.daemon.bootstrap.GradleDaemon 7.5
java_class_path (initial): G:\AndroidStudioProjects\LaunchPro\.gradle\wrapper\dists\gradle-7.5-bin\f1w0cc9nuo0eivz97x2xlu9sv\gradle-7.5\lib\gradle-launcher-7.5.jar
Launcher Type: SUN_STANDARD

[Global flags]
     intx CICompilerCount                          = 4                                         {product} {ergonomic}
     uint ConcGCThreads                            = 2                                         {product} {ergonomic}
     uint G1ConcRefinementThreads                  = 8                                         {product} {ergonomic}
   size_t G1HeapRegionSize                         = 1048576                                   {product} {ergonomic}
    uintx GCDrainStackTargetSize                   = 64                                        {product} {ergonomic}
   size_t InitialHeapSize                          = 132120576                                 {product} {ergonomic}
   size_t MarkStackSize                            = 4194304                                   {product} {ergonomic}
   size_t MaxHeapSize                              = 2147483648                                {product} {command line}
   size_t MaxNewSize                               = 1287651328                                {product} {ergonomic}
   size_t MinHeapDeltaBytes                        = 1048576                                   {product} {ergonomic}
    uintx NonNMethodCodeHeapSize                   = 5836300                                {pd product} {ergonomic}
    uintx NonProfiledCodeHeapSize                  = 122910970                              {pd product} {ergonomic}
    uintx ProfiledCodeHeapSize                     = 122910970                              {pd product} {ergonomic}
    uintx ReservedCodeCacheSize                    = 251658240                              {pd product} {ergonomic}
     bool SegmentedCodeCache                       = true                                      {product} {ergonomic}
     bool UseCompressedClassPointers               = true                                 {lp64_product} {ergonomic}
     bool UseCompressedOops                        = true                                 {lp64_product} {ergonomic}
     bool UseG1GC                                  = true                                      {product} {ergonomic}
     bool UseLargePagesIndividualAllocation        = false                                  {pd product} {ergonomic}

Logging:
Log output configuration:
 #0: stdout all=warning uptime,level,tags
 #1: stderr all=off uptime,level,tags

Environment Variables:
PATH=C:\Program Files (x86)\Common Files\Oracle\Java\javapath;C:\Windows\system32;C:\Windows;C:\Windows\System32\Wbem;C:\Windows\System32\WindowsPowerShell\v1.0\;C:\Windows\System32\OpenSSH\;G:\;G:\sdk\platform-tools;C:\Users\Administrator\AppData\Local\Microsoft\WindowsApps;
USERNAME=Administrator
OS=Windows_NT
PROCESSOR_IDENTIFIER=Intel64 Family 6 Model 165 Stepping 3, GenuineIntel



---------------  S Y S T E M  ---------------

OS: Windows 10 , 64 bit Build 18362 (10.0.18362.1110)
OS uptime: 7 days 22:43 hours

CPU:total 8 (initial active 8) (4 cores per cpu, 2 threads per core) family 6 model 165 stepping 3 microcode 0xe0, cmov, cx8, fxsr, mmx, sse, sse2, sse3, ssse3, sse4.1, sse4.2, popcnt, avx, avx2, aes, clmul, erms, 3dnowpref, lzcnt, ht, tsc, tscinvbit, bmi1, bmi2, adx, fma

Memory: 4k page, system-wide physical 8037M (425M free)
TotalPageFile size 23801M (AvailPageFile size 102M)
current process WorkingSet (physical memory assigned to process): 496M, peak: 499M
current process commit charge ("private bytes"): 581M, peak: 686M

vm_info: OpenJDK 64-Bit Server VM (11.0.15+0-b2043.56-8887301) for windows-amd64 JRE (11.0.15+0-b2043.56-8887301), built on Jul 29 2022 23:19:47 by "builduser" with unknown MS VC++:1929

END.
