#
# There is insufficient memory for the Java Runtime Environment to continue.
# Native memory allocation (mmap) failed to map 176160768 bytes for Failed to commit area from 0x000000008e600000 to 0x0000000098e00000 of length 176160768.
# Possible reasons:
#   The system is out of physical RAM or swap space
#   The process is running with CompressedOops enabled, and the Java Heap may be blocking the growth of the native heap
# Possible solutions:
#   Reduce memory load on the system
#   Increase physical memory or swap space
#   Check if swap backing store is full
#   Decrease Java heap size (-Xmx/-Xms)
#   Decrease number of Java threads
#   Decrease Java thread stack sizes (-Xss)
#   Set larger code cache with -XX:ReservedCodeCacheSize=
#   JVM is running with Unscaled Compressed Oops mode in which the Java heap is
#     placed in the first 4GB address space. The Java Heap base address is the
#     maximum limit for the native heap growth. Please use -XX:HeapBaseMinAddress
#     to set the Java Heap base and to place the Java Heap above 4GB virtual address.
# This output file may be truncated or incomplete.
#
#  Out of Memory Error (src/hotspot/os/windows/os_windows.cpp:3627), pid=7092, tid=4424
#
# JRE version: OpenJDK Runtime Environment (11.0.15) (build 11.0.15+0-b2043.56-8887301)
# Java VM: OpenJDK 64-Bit Server VM (11.0.15+0-b2043.56-8887301, mixed mode, tiered, compressed oops, g1 gc, windows-amd64)
# No core dump will be written. Minidumps are not enabled by default on client versions of Windows
#

---------------  S U M M A R Y ------------

Command Line: --add-opens=java.base/java.util=ALL-UNNAMED --add-opens=java.base/java.lang=ALL-UNNAMED --add-opens=java.base/java.lang.invoke=ALL-UNNAMED --add-opens=java.base/java.util=ALL-UNNAMED --add-opens=java.prefs/java.util.prefs=ALL-UNNAMED --add-opens=java.prefs/java.util.prefs=ALL-UNNAMED --add-opens=java.base/java.nio.charset=ALL-UNNAMED --add-opens=java.base/java.net=ALL-UNNAMED --add-opens=java.base/java.util.concurrent.atomic=ALL-UNNAMED -Xmx2048m -Dfile.encoding=UTF-8 -Duser.country=CN -Duser.language=zh -Duser.variant org.gradle.launcher.daemon.bootstrap.GradleDaemon 7.5

Host: Intel(R) Core(TM) i3-10100 CPU @ 3.60GHz, 8 cores, 7G,  Windows 10 , 64 bit Build 18362 (10.0.18362.1110)
Time: Tue Apr 11 10:14:32 2023 中国标准时间 elapsed time: 203.092553 seconds (0d 0h 3m 23s)

---------------  T H R E A D  ---------------

Current thread (0x0000027d510c2800):  VMThread "VM Thread" [stack: 0x000000e2d7d00000,0x000000e2d7e00000] [id=4424]

Stack: [0x000000e2d7d00000,0x000000e2d7e00000]
[error occurred during error reporting (printing stack bounds), id 0xc0000005, EXCEPTION_ACCESS_VIOLATION (0xc0000005) at pc=0x0000027d397b112d]

Native frames: (J=compiled Java code, j=interpreted, Vv=VM code, C=native code)
V  [jvm.dll+0x64135a]
V  [jvm.dll+0x7d39f9]
V  [jvm.dll+0x7d51b9]
V  [jvm.dll+0x7d5805]
V  [jvm.dll+0x7d57bb]
V  [jvm.dll+0x640655]
V  [jvm.dll+0x640d68]
C  [ntdll.dll+0xa121f]
C  [ntdll.dll+0x6a259]
C  [ntdll.dll+0x9fe8e]
C  0x0000027d397b112d

VM_Operation (0x000000e2e25fe4b0): G1CollectForAllocation, mode: safepoint, requested by thread 0x0000027d545e9800


---------------  P R O C E S S  ---------------

Threads class SMR info:
_java_thread_list=0x0000027d5c728560, length=161, elements={
0x0000027d358fb000, 0x0000027d510c5800, 0x0000027d510cf000, 0x0000027d51135800,
0x0000027d51136800, 0x0000027d51139800, 0x0000027d5113f000, 0x0000027d51148000,
0x0000027d5114c800, 0x0000027d512b6800, 0x0000027d534b7800, 0x0000027d52634000,
0x0000027d52c39000, 0x0000027d53475000, 0x0000027d53477800, 0x0000027d53474000,
0x0000027d53475800, 0x0000027d53476800, 0x0000027d53478000, 0x0000027d53911000,
0x0000027d5390b800, 0x0000027d5390c000, 0x0000027d53912000, 0x0000027d53912800,
0x0000027d5390d800, 0x0000027d56e7f000, 0x0000027d56e83800, 0x0000027d56e84800,
0x0000027d54228800, 0x0000027d5422b000, 0x0000027d54226000, 0x0000027d54227800,
0x0000027d54229800, 0x0000027d54225000, 0x0000027d5422b800, 0x0000027d54227000,
0x0000027d54232800, 0x0000027d54230000, 0x0000027d54230800, 0x0000027d5422d800,
0x0000027d5422e000, 0x0000027d5422f000, 0x0000027d54231800, 0x0000027d5422c800,
0x0000027d54234000, 0x0000027d54233000, 0x0000027d56e76000, 0x0000027d56e79000,
0x0000027d56e7a000, 0x0000027d56e7c800, 0x0000027d56e7a800, 0x0000027d56e76800,
0x0000027d56e77800, 0x0000027d56e78800, 0x0000027d56e7e000, 0x0000027d56e80800,
0x0000027d56e81800, 0x0000027d56e7f800, 0x0000027d56e7b800, 0x0000027d56e83000,
0x0000027d56e82000, 0x0000027d56e7d000, 0x0000027d5390d000, 0x0000027d53916000,
0x0000027d53919000, 0x0000027d53916800, 0x0000027d53913800, 0x0000027d53918800,
0x0000027d53917800, 0x0000027d53915000, 0x0000027d5391a000, 0x0000027d53914800,
0x0000027d53472800, 0x0000027d53479000, 0x0000027d53473000, 0x0000027d58649000,
0x0000027d5864e000, 0x0000027d5864a000, 0x0000027d5864b000, 0x0000027d5864f000,
0x0000027d58651800, 0x0000027d58650800, 0x0000027d5864b800, 0x0000027d58652000,
0x0000027d58650000, 0x0000027d5864c800, 0x0000027d58653000, 0x0000027d5864d800,
0x0000027d58655800, 0x0000027d58657000, 0x0000027d58658000, 0x0000027d58654800,
0x0000027d58656800, 0x0000027d58654000, 0x0000027d56533000, 0x0000027d56535000,
0x0000027d56537000, 0x0000027d56534800, 0x0000027d56537800, 0x0000027d56536000,
0x0000027d56532000, 0x0000027d56538800, 0x0000027d56539800, 0x0000027d56533800,
0x0000027d5653d800, 0x0000027d5653c800, 0x0000027d5653b000, 0x0000027d5653e000,
0x0000027d56540000, 0x0000027d5653a000, 0x0000027d5653f000, 0x0000027d56540800,
0x0000027d5653c000, 0x0000027d52a15000, 0x0000027d52a18800, 0x0000027d52a1a000,
0x0000027d52a16800, 0x0000027d52a17800, 0x0000027d52a14000, 0x0000027d52a1a800,
0x0000027d52a1b800, 0x0000027d52a19000, 0x0000027d52a16000, 0x0000027d52a1d000,
0x0000027d52a1f800, 0x0000027d52a21800, 0x0000027d52a1e000, 0x0000027d52a22000,
0x0000027d52a1c800, 0x0000027d52a1f000, 0x0000027d52a20800, 0x0000027d52a23000,
0x0000027d52702800, 0x0000027d52702000, 0x0000027d52701000, 0x0000027d52703800,
0x0000027d526ff800, 0x0000027d52704800, 0x0000027d52700000, 0x0000027d5270a000,
0x0000027d5270c800, 0x0000027d52707800, 0x0000027d5270b000, 0x0000027d52709000,
0x0000027d52706800, 0x0000027d5270b800, 0x0000027d5270d800, 0x0000027d52708800,
0x0000027d545ec000, 0x0000027d545ea800, 0x0000027d545eb000, 0x0000027d545e6000,
0x0000027d5ec90800, 0x0000027d545ec800, 0x0000027d545e7000, 0x0000027d545e8000,
0x0000027d545e8800, 0x0000027d545e9800, 0x0000027d568ea000, 0x0000027d568ed800,
0x0000027d568ee000
}

Java Threads: ( => current thread )
  0x0000027d358fb000 JavaThread "main" [_thread_blocked, id=15456, stack(0x000000e2d7700000,0x000000e2d7800000)]
  0x0000027d510c5800 JavaThread "Reference Handler" daemon [_thread_blocked, id=13652, stack(0x000000e2d7e00000,0x000000e2d7f00000)]
  0x0000027d510cf000 JavaThread "Finalizer" daemon [_thread_blocked, id=9996, stack(0x000000e2d7f00000,0x000000e2d8000000)]
  0x0000027d51135800 JavaThread "Signal Dispatcher" daemon [_thread_blocked, id=13376, stack(0x000000e2d8000000,0x000000e2d8100000)]
  0x0000027d51136800 JavaThread "Attach Listener" daemon [_thread_blocked, id=9756, stack(0x000000e2d8100000,0x000000e2d8200000)]
  0x0000027d51139800 JavaThread "Service Thread" daemon [_thread_blocked, id=12264, stack(0x000000e2d8200000,0x000000e2d8300000)]
  0x0000027d5113f000 JavaThread "C2 CompilerThread0" daemon [_thread_in_native, id=17116, stack(0x000000e2d8300000,0x000000e2d8400000)]
  0x0000027d51148000 JavaThread "C1 CompilerThread0" daemon [_thread_blocked, id=11696, stack(0x000000e2d8400000,0x000000e2d8500000)]
  0x0000027d5114c800 JavaThread "Sweeper thread" daemon [_thread_blocked, id=15776, stack(0x000000e2d8500000,0x000000e2d8600000)]
  0x0000027d512b6800 JavaThread "Common-Cleaner" daemon [_thread_blocked, id=11064, stack(0x000000e2d8600000,0x000000e2d8700000)]
  0x0000027d534b7800 JavaThread "Daemon health stats" [_thread_blocked, id=15240, stack(0x000000e2d8c00000,0x000000e2d8d00000)]
  0x0000027d52634000 JavaThread "Incoming local TCP Connector on port 63345" [_thread_in_native, id=8088, stack(0x000000e2d8800000,0x000000e2d8900000)]
  0x0000027d52c39000 JavaThread "Daemon periodic checks" [_thread_blocked, id=15884, stack(0x000000e2d8900000,0x000000e2d8a00000)]
  0x0000027d53475000 JavaThread "Cache worker for journal cache (G:\AndroidStudioProjects\LaunchPro\.gradle\caches\journal-1)" [_thread_blocked, id=6124, stack(0x000000e2d9900000,0x000000e2d9a00000)]
  0x0000027d53477800 JavaThread "File lock request listener" [_thread_in_native, id=8120, stack(0x000000e2d9a00000,0x000000e2d9b00000)]
  0x0000027d53474000 JavaThread "Cache worker for file hash cache (G:\AndroidStudioProjects\LaunchPro\.gradle\caches\7.5\fileHashes)" [_thread_blocked, id=15840, stack(0x000000e2d9c00000,0x000000e2d9d00000)]
  0x0000027d53475800 JavaThread "File watcher server" daemon [_thread_blocked, id=14520, stack(0x000000e2d9f00000,0x000000e2da000000)]
  0x0000027d53476800 JavaThread "File watcher consumer" daemon [_thread_blocked, id=7964, stack(0x000000e2da000000,0x000000e2da100000)]
  0x0000027d53478000 JavaThread "Cache worker for file content cache (G:\AndroidStudioProjects\LaunchPro\.gradle\caches\7.5\fileContent)" [_thread_blocked, id=9056, stack(0x000000e2da300000,0x000000e2da400000)]
  0x0000027d53911000 JavaThread "Cache worker for execution history cache (G:\AndroidStudioProjects\LaunchPro\.gradle\caches\7.5\executionHistory)" [_thread_blocked, id=2392, stack(0x000000e2da600000,0x000000e2da700000)]
  0x0000027d5390b800 JavaThread "jar transforms" [_thread_blocked, id=13204, stack(0x000000e2da700000,0x000000e2da800000)]
  0x0000027d5390c000 JavaThread "jar transforms Thread 2" [_thread_blocked, id=8516, stack(0x000000e2da800000,0x000000e2da900000)]
  0x0000027d53912000 JavaThread "jar transforms Thread 3" [_thread_blocked, id=16452, stack(0x000000e2da900000,0x000000e2daa00000)]
  0x0000027d53912800 JavaThread "jar transforms Thread 4" [_thread_blocked, id=16048, stack(0x000000e2daa00000,0x000000e2dab00000)]
  0x0000027d5390d800 JavaThread "jar transforms Thread 5" [_thread_blocked, id=14304, stack(0x000000e2dac00000,0x000000e2dad00000)]
  0x0000027d56e7f000 JavaThread "jar transforms Thread 6" [_thread_blocked, id=15256, stack(0x000000e2dfe00000,0x000000e2dff00000)]
  0x0000027d56e83800 JavaThread "jar transforms Thread 7" [_thread_blocked, id=16684, stack(0x000000e2dff00000,0x000000e2e0000000)]
  0x0000027d56e84800 JavaThread "jar transforms Thread 8" [_thread_blocked, id=15220, stack(0x000000e2e0000000,0x000000e2e0100000)]
  0x0000027d54228800 JavaThread "Memory manager" [_thread_blocked, id=11568, stack(0x000000e2e0200000,0x000000e2e0300000)]
  0x0000027d5422b000 JavaThread "Daemon Thread 2" [_thread_blocked, id=17268, stack(0x000000e2d7400000,0x000000e2d7500000)]
  0x0000027d54226000 JavaThread "Handler for socket connection from /127.0.0.1:63345 to /127.0.0.1:63946" [_thread_in_native, id=11560, stack(0x000000e2d7500000,0x000000e2d7600000)]
  0x0000027d54227800 JavaThread "Cancel handler" [_thread_blocked, id=15420, stack(0x000000e2d7600000,0x000000e2d7700000)]
  0x0000027d54229800 JavaThread "Daemon worker Thread 2" [_thread_blocked, id=16660, stack(0x000000e2d8d00000,0x000000e2d8e00000)]
  0x0000027d54225000 JavaThread "Asynchronous log dispatcher for DefaultDaemonConnection: socket connection from /127.0.0.1:63345 to /127.0.0.1:63946" [_thread_blocked, id=16420, stack(0x000000e2d8e00000,0x000000e2d8f00000)]
  0x0000027d5422b800 JavaThread "Stdin handler" [_thread_blocked, id=880, stack(0x000000e2d8f00000,0x000000e2d9000000)]
  0x0000027d54227000 JavaThread "Daemon client event forwarder" [_thread_blocked, id=16436, stack(0x000000e2d9000000,0x000000e2d9100000)]
  0x0000027d54232800 JavaThread "Cache worker for checksums cache (G:\AndroidStudioProjects\LaunchProject\.gradle\7.5\checksums)" [_thread_blocked, id=17292, stack(0x000000e2d9300000,0x000000e2d9400000)]
  0x0000027d54230000 JavaThread "Cache worker for cache directory md-rule (G:\AndroidStudioProjects\LaunchPro\.gradle\caches\7.5\md-rule)" [_thread_blocked, id=4860, stack(0x000000e2d9e00000,0x000000e2d9f00000)]
  0x0000027d54230800 JavaThread "Cache worker for file hash cache (G:\AndroidStudioProjects\LaunchProject\.gradle\7.5\fileHashes)" [_thread_blocked, id=4148, stack(0x000000e2da500000,0x000000e2da600000)]
  0x0000027d5422d800 JavaThread "Cache worker for cache directory md-supplier (G:\AndroidStudioProjects\LaunchPro\.gradle\caches\7.5\md-supplier)" [_thread_blocked, id=9708, stack(0x000000e2dab00000,0x000000e2dac00000)]
  0x0000027d5422e000 JavaThread "Cache worker for dependencies-accessors (G:\AndroidStudioProjects\LaunchProject\.gradle\7.5\dependencies-accessors)" [_thread_blocked, id=15132, stack(0x000000e2dad00000,0x000000e2dae00000)]
  0x0000027d5422f000 JavaThread "Cache worker for Build Output Cleanup Cache (G:\AndroidStudioProjects\LaunchProject\.gradle\buildOutputCleanup)" [_thread_blocked, id=6312, stack(0x000000e2dae00000,0x000000e2daf00000)]
  0x0000027d54231800 JavaThread "Unconstrained build operations" [_thread_blocked, id=16600, stack(0x000000e2daf00000,0x000000e2db000000)]
  0x0000027d5422c800 JavaThread "Unconstrained build operations Thread 2" [_thread_blocked, id=16916, stack(0x000000e2db000000,0x000000e2db100000)]
  0x0000027d54234000 JavaThread "Unconstrained build operations Thread 3" [_thread_blocked, id=7244, stack(0x000000e2db100000,0x000000e2db200000)]
  0x0000027d54233000 JavaThread "Unconstrained build operations Thread 4" [_thread_blocked, id=14196, stack(0x000000e2db200000,0x000000e2db300000)]
  0x0000027d56e76000 JavaThread "Unconstrained build operations Thread 5" [_thread_blocked, id=1720, stack(0x000000e2db300000,0x000000e2db400000)]
  0x0000027d56e79000 JavaThread "Unconstrained build operations Thread 6" [_thread_blocked, id=12616, stack(0x000000e2db400000,0x000000e2db500000)]
  0x0000027d56e7a000 JavaThread "Unconstrained build operations Thread 7" [_thread_blocked, id=15792, stack(0x000000e2db500000,0x000000e2db600000)]
  0x0000027d56e7c800 JavaThread "Unconstrained build operations Thread 8" [_thread_blocked, id=14656, stack(0x000000e2db600000,0x000000e2db700000)]
  0x0000027d56e7a800 JavaThread "Unconstrained build operations Thread 9" [_thread_blocked, id=13168, stack(0x000000e2db700000,0x000000e2db800000)]
  0x0000027d56e76800 JavaThread "Unconstrained build operations Thread 10" [_thread_blocked, id=2468, stack(0x000000e2db800000,0x000000e2db900000)]
  0x0000027d56e77800 JavaThread "Unconstrained build operations Thread 11" [_thread_blocked, id=6200, stack(0x000000e2db900000,0x000000e2dba00000)]
  0x0000027d56e78800 JavaThread "Unconstrained build operations Thread 12" [_thread_blocked, id=11384, stack(0x000000e2dba00000,0x000000e2dbb00000)]
  0x0000027d56e7e000 JavaThread "Unconstrained build operations Thread 13" [_thread_blocked, id=11940, stack(0x000000e2dbb00000,0x000000e2dbc00000)]
  0x0000027d56e80800 JavaThread "Unconstrained build operations Thread 14" [_thread_blocked, id=8584, stack(0x000000e2dbc00000,0x000000e2dbd00000)]
  0x0000027d56e81800 JavaThread "Unconstrained build operations Thread 15" [_thread_blocked, id=9292, stack(0x000000e2dbd00000,0x000000e2dbe00000)]
  0x0000027d56e7f800 JavaThread "Unconstrained build operations Thread 16" [_thread_blocked, id=11348, stack(0x000000e2dbe00000,0x000000e2dbf00000)]
  0x0000027d56e7b800 JavaThread "Unconstrained build operations Thread 17" [_thread_blocked, id=8208, stack(0x000000e2dbf00000,0x000000e2dc000000)]
  0x0000027d56e83000 JavaThread "Unconstrained build operations Thread 18" [_thread_blocked, id=14460, stack(0x000000e2dc000000,0x000000e2dc100000)]
  0x0000027d56e82000 JavaThread "Unconstrained build operations Thread 19" [_thread_blocked, id=12156, stack(0x000000e2dc100000,0x000000e2dc200000)]
  0x0000027d56e7d000 JavaThread "Unconstrained build operations Thread 20" [_thread_blocked, id=11048, stack(0x000000e2dc200000,0x000000e2dc300000)]
  0x0000027d5390d000 JavaThread "Unconstrained build operations Thread 21" [_thread_blocked, id=5172, stack(0x000000e2dc300000,0x000000e2dc400000)]
  0x0000027d53916000 JavaThread "Unconstrained build operations Thread 22" [_thread_blocked, id=11820, stack(0x000000e2dc400000,0x000000e2dc500000)]
  0x0000027d53919000 JavaThread "Unconstrained build operations Thread 23" [_thread_blocked, id=13760, stack(0x000000e2dc500000,0x000000e2dc600000)]
  0x0000027d53916800 JavaThread "Unconstrained build operations Thread 24" [_thread_blocked, id=13636, stack(0x000000e2dc600000,0x000000e2dc700000)]
  0x0000027d53913800 JavaThread "Unconstrained build operations Thread 25" [_thread_blocked, id=17032, stack(0x000000e2dc700000,0x000000e2dc800000)]
  0x0000027d53918800 JavaThread "Unconstrained build operations Thread 26" [_thread_blocked, id=2760, stack(0x000000e2dc800000,0x000000e2dc900000)]
  0x0000027d53917800 JavaThread "Unconstrained build operations Thread 27" [_thread_blocked, id=17360, stack(0x000000e2dc900000,0x000000e2dca00000)]
  0x0000027d53915000 JavaThread "Unconstrained build operations Thread 28" [_thread_blocked, id=11016, stack(0x000000e2dca00000,0x000000e2dcb00000)]
  0x0000027d5391a000 JavaThread "Unconstrained build operations Thread 29" [_thread_blocked, id=3400, stack(0x000000e2dcb00000,0x000000e2dcc00000)]
  0x0000027d53914800 JavaThread "Unconstrained build operations Thread 30" [_thread_blocked, id=11744, stack(0x000000e2dcc00000,0x000000e2dcd00000)]
  0x0000027d53472800 JavaThread "Unconstrained build operations Thread 31" [_thread_blocked, id=17004, stack(0x000000e2dcd00000,0x000000e2dce00000)]
  0x0000027d53479000 JavaThread "Unconstrained build operations Thread 32" [_thread_blocked, id=15908, stack(0x000000e2dce00000,0x000000e2dcf00000)]
  0x0000027d53473000 JavaThread "Unconstrained build operations Thread 33" [_thread_blocked, id=17348, stack(0x000000e2dcf00000,0x000000e2dd000000)]
  0x0000027d58649000 JavaThread "Unconstrained build operations Thread 34" [_thread_blocked, id=15236, stack(0x000000e2dd000000,0x000000e2dd100000)]
  0x0000027d5864e000 JavaThread "Unconstrained build operations Thread 35" [_thread_blocked, id=3800, stack(0x000000e2dd100000,0x000000e2dd200000)]
  0x0000027d5864a000 JavaThread "Unconstrained build operations Thread 36" [_thread_blocked, id=12488, stack(0x000000e2dd200000,0x000000e2dd300000)]
  0x0000027d5864b000 JavaThread "Unconstrained build operations Thread 37" [_thread_blocked, id=5464, stack(0x000000e2dd300000,0x000000e2dd400000)]
  0x0000027d5864f000 JavaThread "Unconstrained build operations Thread 38" [_thread_blocked, id=13872, stack(0x000000e2dd400000,0x000000e2dd500000)]
  0x0000027d58651800 JavaThread "Unconstrained build operations Thread 39" [_thread_blocked, id=4360, stack(0x000000e2dd500000,0x000000e2dd600000)]
  0x0000027d58650800 JavaThread "Unconstrained build operations Thread 40" [_thread_blocked, id=7312, stack(0x000000e2dd600000,0x000000e2dd700000)]
  0x0000027d5864b800 JavaThread "Unconstrained build operations Thread 41" [_thread_blocked, id=1056, stack(0x000000e2dd700000,0x000000e2dd800000)]
  0x0000027d58652000 JavaThread "Unconstrained build operations Thread 42" [_thread_blocked, id=12976, stack(0x000000e2dd800000,0x000000e2dd900000)]
  0x0000027d58650000 JavaThread "Unconstrained build operations Thread 43" [_thread_blocked, id=1088, stack(0x000000e2dd900000,0x000000e2dda00000)]
  0x0000027d5864c800 JavaThread "Unconstrained build operations Thread 44" [_thread_blocked, id=13200, stack(0x000000e2dda00000,0x000000e2ddb00000)]
  0x0000027d58653000 JavaThread "Unconstrained build operations Thread 45" [_thread_blocked, id=10244, stack(0x000000e2ddb00000,0x000000e2ddc00000)]
  0x0000027d5864d800 JavaThread "Unconstrained build operations Thread 46" [_thread_blocked, id=13880, stack(0x000000e2ddc00000,0x000000e2ddd00000)]
  0x0000027d58655800 JavaThread "Unconstrained build operations Thread 47" [_thread_blocked, id=5516, stack(0x000000e2ddd00000,0x000000e2dde00000)]
  0x0000027d58657000 JavaThread "Unconstrained build operations Thread 48" [_thread_blocked, id=9384, stack(0x000000e2dde00000,0x000000e2ddf00000)]
  0x0000027d58658000 JavaThread "Unconstrained build operations Thread 49" [_thread_blocked, id=2344, stack(0x000000e2ddf00000,0x000000e2de000000)]
  0x0000027d58654800 JavaThread "Unconstrained build operations Thread 50" [_thread_blocked, id=6480, stack(0x000000e2de000000,0x000000e2de100000)]
  0x0000027d58656800 JavaThread "Unconstrained build operations Thread 51" [_thread_blocked, id=9932, stack(0x000000e2de100000,0x000000e2de200000)]
  0x0000027d58654000 JavaThread "Unconstrained build operations Thread 52" [_thread_blocked, id=14288, stack(0x000000e2de200000,0x000000e2de300000)]
  0x0000027d56533000 JavaThread "Unconstrained build operations Thread 53" [_thread_blocked, id=10792, stack(0x000000e2de300000,0x000000e2de400000)]
  0x0000027d56535000 JavaThread "Unconstrained build operations Thread 54" [_thread_blocked, id=9444, stack(0x000000e2de400000,0x000000e2de500000)]
  0x0000027d56537000 JavaThread "Unconstrained build operations Thread 55" [_thread_blocked, id=11052, stack(0x000000e2de500000,0x000000e2de600000)]
  0x0000027d56534800 JavaThread "Unconstrained build operations Thread 56" [_thread_blocked, id=12648, stack(0x000000e2de600000,0x000000e2de700000)]
  0x0000027d56537800 JavaThread "Unconstrained build operations Thread 57" [_thread_blocked, id=7788, stack(0x000000e2de700000,0x000000e2de800000)]
  0x0000027d56536000 JavaThread "Unconstrained build operations Thread 58" [_thread_blocked, id=14440, stack(0x000000e2de800000,0x000000e2de900000)]
  0x0000027d56532000 JavaThread "Unconstrained build operations Thread 59" [_thread_blocked, id=14300, stack(0x000000e2de900000,0x000000e2dea00000)]
  0x0000027d56538800 JavaThread "Unconstrained build operations Thread 60" [_thread_blocked, id=9696, stack(0x000000e2dea00000,0x000000e2deb00000)]
  0x0000027d56539800 JavaThread "Unconstrained build operations Thread 61" [_thread_blocked, id=10684, stack(0x000000e2deb00000,0x000000e2dec00000)]
  0x0000027d56533800 JavaThread "Unconstrained build operations Thread 62" [_thread_blocked, id=7232, stack(0x000000e2dec00000,0x000000e2ded00000)]
  0x0000027d5653d800 JavaThread "Unconstrained build operations Thread 63" [_thread_blocked, id=16348, stack(0x000000e2ded00000,0x000000e2dee00000)]
  0x0000027d5653c800 JavaThread "Unconstrained build operations Thread 64" [_thread_blocked, id=12456, stack(0x000000e2dee00000,0x000000e2def00000)]
  0x0000027d5653b000 JavaThread "Unconstrained build operations Thread 65" [_thread_blocked, id=3552, stack(0x000000e2def00000,0x000000e2df000000)]
  0x0000027d5653e000 JavaThread "Unconstrained build operations Thread 66" [_thread_blocked, id=4940, stack(0x000000e2df000000,0x000000e2df100000)]
  0x0000027d56540000 JavaThread "Unconstrained build operations Thread 67" [_thread_blocked, id=15080, stack(0x000000e2df100000,0x000000e2df200000)]
  0x0000027d5653a000 JavaThread "Unconstrained build operations Thread 68" [_thread_blocked, id=8872, stack(0x000000e2df200000,0x000000e2df300000)]
  0x0000027d5653f000 JavaThread "Unconstrained build operations Thread 69" [_thread_blocked, id=16528, stack(0x000000e2df300000,0x000000e2df400000)]
  0x0000027d56540800 JavaThread "Unconstrained build operations Thread 70" [_thread_blocked, id=9628, stack(0x000000e2df400000,0x000000e2df500000)]
  0x0000027d5653c000 JavaThread "Unconstrained build operations Thread 71" [_thread_blocked, id=16944, stack(0x000000e2df500000,0x000000e2df600000)]
  0x0000027d52a15000 JavaThread "Unconstrained build operations Thread 72" [_thread_blocked, id=12588, stack(0x000000e2df600000,0x000000e2df700000)]
  0x0000027d52a18800 JavaThread "Unconstrained build operations Thread 73" [_thread_blocked, id=11308, stack(0x000000e2df700000,0x000000e2df800000)]
  0x0000027d52a1a000 JavaThread "Unconstrained build operations Thread 74" [_thread_blocked, id=8064, stack(0x000000e2df800000,0x000000e2df900000)]
  0x0000027d52a16800 JavaThread "Unconstrained build operations Thread 75" [_thread_blocked, id=14376, stack(0x000000e2df900000,0x000000e2dfa00000)]
  0x0000027d52a17800 JavaThread "Unconstrained build operations Thread 76" [_thread_blocked, id=3852, stack(0x000000e2dfa00000,0x000000e2dfb00000)]
  0x0000027d52a14000 JavaThread "Unconstrained build operations Thread 77" [_thread_blocked, id=15280, stack(0x000000e2dfb00000,0x000000e2dfc00000)]
  0x0000027d52a1a800 JavaThread "Unconstrained build operations Thread 78" [_thread_blocked, id=15992, stack(0x000000e2dfc00000,0x000000e2dfd00000)]
  0x0000027d52a1b800 JavaThread "Unconstrained build operations Thread 79" [_thread_blocked, id=12496, stack(0x000000e2dfd00000,0x000000e2dfe00000)]
  0x0000027d52a19000 JavaThread "Unconstrained build operations Thread 80" [_thread_blocked, id=14172, stack(0x000000e2e0100000,0x000000e2e0200000)]
  0x0000027d52a16000 JavaThread "build event listener" [_thread_blocked, id=16464, stack(0x000000e2e0300000,0x000000e2e0400000)]
  0x0000027d52a1d000 JavaThread "included builds" [_thread_blocked, id=13976, stack(0x000000e2e0400000,0x000000e2e0500000)]
  0x0000027d52a1f800 JavaThread "Execution worker" [_thread_blocked, id=16864, stack(0x000000e2e0500000,0x000000e2e0600000)]
  0x0000027d52a21800 JavaThread "Execution worker Thread 2" [_thread_blocked, id=7068, stack(0x000000e2e0600000,0x000000e2e0700000)]
  0x0000027d52a1e000 JavaThread "Execution worker Thread 3" [_thread_blocked, id=6500, stack(0x000000e2e0700000,0x000000e2e0800000)]
  0x0000027d52a22000 JavaThread "Execution worker Thread 4" [_thread_blocked, id=14168, stack(0x000000e2e0800000,0x000000e2e0900000)]
  0x0000027d52a1c800 JavaThread "Execution worker Thread 5" [_thread_blocked, id=12896, stack(0x000000e2e0900000,0x000000e2e0a00000)]
  0x0000027d52a1f000 JavaThread "Execution worker Thread 6" [_thread_blocked, id=13304, stack(0x000000e2e0a00000,0x000000e2e0b00000)]
  0x0000027d52a20800 JavaThread "Execution worker Thread 7" [_thread_blocked, id=6968, stack(0x000000e2e0b00000,0x000000e2e0c00000)]
  0x0000027d52a23000 JavaThread "Cache worker for execution history cache (G:\AndroidStudioProjects\LaunchProject\.gradle\7.5\executionHistory)" [_thread_blocked, id=7448, stack(0x000000e2e0c00000,0x000000e2e0d00000)]
  0x0000027d52702800 JavaThread "WorkerExecutor Queue" [_thread_blocked, id=10312, stack(0x000000e2e0d00000,0x000000e2e0e00000)]
  0x0000027d52702000 JavaThread "WorkerExecutor Queue Thread 2" [_thread_blocked, id=10868, stack(0x000000e2e0f00000,0x000000e2e1000000)]
  0x0000027d52701000 JavaThread "WorkerExecutor Queue Thread 3" [_thread_blocked, id=9096, stack(0x000000e2e1000000,0x000000e2e1100000)]
  0x0000027d52703800 JavaThread "pool-4-thread-1" [_thread_blocked, id=15928, stack(0x000000e2d9200000,0x000000e2d9300000)]
  0x0000027d526ff800 JavaThread "stderr" [_thread_in_native, id=3808, stack(0x000000e2e1100000,0x000000e2e1200000)]
  0x0000027d52704800 JavaThread "stdout" [_thread_in_native, id=8552, stack(0x000000e2e1200000,0x000000e2e1300000)]
  0x0000027d52700000 JavaThread "Cache worker for Java compile cache (G:\AndroidStudioProjects\LaunchPro\.gradle\caches\7.5\javaCompile)" [_thread_blocked, id=3600, stack(0x000000e2e1300000,0x000000e2e1400000)]
  0x0000027d5270a000 JavaThread "Build operations" [_thread_blocked, id=14432, stack(0x000000e2d9100000,0x000000e2d9200000)]
  0x0000027d5270c800 JavaThread "Build operations Thread 2" [_thread_blocked, id=13804, stack(0x000000e2e1400000,0x000000e2e1500000)]
  0x0000027d52707800 JavaThread "Build operations Thread 3" [_thread_blocked, id=10096, stack(0x000000e2e1500000,0x000000e2e1600000)]
  0x0000027d5270b000 JavaThread "Build operations Thread 4" [_thread_blocked, id=8128, stack(0x000000e2e1600000,0x000000e2e1700000)]
  0x0000027d52709000 JavaThread "Build operations Thread 5" [_thread_blocked, id=10196, stack(0x000000e2e1700000,0x000000e2e1800000)]
  0x0000027d52706800 JavaThread "Build operations Thread 6" [_thread_blocked, id=6408, stack(0x000000e2e1800000,0x000000e2e1900000)]
  0x0000027d5270b800 JavaThread "Build operations Thread 7" [_thread_blocked, id=16612, stack(0x000000e2e1900000,0x000000e2e1a00000)]
  0x0000027d5270d800 JavaThread "Build operations Thread 8" [_thread_blocked, id=15412, stack(0x000000e2e1a00000,0x000000e2e1b00000)]
  0x0000027d52708800 JavaThread "WorkerExecutor Queue Thread 4" [_thread_blocked, id=9236, stack(0x000000e2e1c00000,0x000000e2e1d00000)]
  0x0000027d545ec000 JavaThread "WorkerExecutor Queue Thread 5" [_thread_blocked, id=4112, stack(0x000000e2e1d00000,0x000000e2e1e00000)]
  0x0000027d545ea800 JavaThread "WorkerExecutor Queue Thread 6" [_thread_blocked, id=15936, stack(0x000000e2e1e00000,0x000000e2e1f00000)]
  0x0000027d545eb000 JavaThread "WorkerExecutor Queue Thread 7" [_thread_blocked, id=8988, stack(0x000000e2e1f00000,0x000000e2e2000000)]
  0x0000027d545e6000 JavaThread "WorkerExecutor Queue Thread 8" [_thread_blocked, id=3548, stack(0x000000e2e2000000,0x000000e2e2100000)]
  0x0000027d5ec90800 JavaThread "C2 CompilerThread1" daemon [_thread_in_native, id=13656, stack(0x000000e2e1b00000,0x000000e2e1c00000)]
  0x0000027d545ec800 JavaThread "ForkJoinPool-1-worker-3" daemon [_thread_blocked, id=7224, stack(0x000000e2e2100000,0x000000e2e2200000)]
  0x0000027d545e7000 JavaThread "ForkJoinPool-1-worker-5" daemon [_thread_blocked, id=16532, stack(0x000000e2e2200000,0x000000e2e2300000)]
  0x0000027d545e8000 JavaThread "ForkJoinPool-1-worker-7" daemon [_thread_blocked, id=9704, stack(0x000000e2e2300000,0x000000e2e2400000)]
  0x0000027d545e8800 JavaThread "ForkJoinPool-1-worker-9" daemon [_thread_blocked, id=15916, stack(0x000000e2e2400000,0x000000e2e2500000)]
  0x0000027d545e9800 JavaThread "ForkJoinPool-1-worker-11" daemon [_thread_blocked, id=13252, stack(0x000000e2e2500000,0x000000e2e2600000)]
  0x0000027d568ea000 JavaThread "ForkJoinPool-1-worker-13" daemon [_thread_blocked, id=16972, stack(0x000000e2e2600000,0x000000e2e2700000)]
  0x0000027d568ed800 JavaThread "ForkJoinPool-1-worker-15" daemon [_thread_blocked, id=10160, stack(0x000000e2e2700000,0x000000e2e2800000)]
  0x0000027d568ee000 JavaThread "ForkJoinPool-1-worker-1" daemon [_thread_blocked, id=7792, stack(0x000000e2e2800000,0x000000e2e2900000)]

Other Threads:
=>0x0000027d510c2800 VMThread "VM Thread" [stack: 0x000000e2d7d00000,0x000000e2d7e00000] [id=4424]
  0x0000027d512ba800 WatcherThread [stack: 0x000000e2d8700000,0x000000e2d8800000] [id=8576]
  0x0000027d35914800 GCTaskThread "GC Thread#0" [stack: 0x000000e2d7800000,0x000000e2d7900000] [id=14480]
  0x0000027d52305800 GCTaskThread "GC Thread#1" [stack: 0x000000e2d8a00000,0x000000e2d8b00000] [id=15500]
  0x0000027d524ec000 GCTaskThread "GC Thread#2" [stack: 0x000000e2d8b00000,0x000000e2d8c00000] [id=12564]
  0x0000027d540cc800 GCTaskThread "GC Thread#3" [stack: 0x000000e2d9400000,0x000000e2d9500000] [id=8344]
  0x0000027d543ee000 GCTaskThread "GC Thread#4" [stack: 0x000000e2d9500000,0x000000e2d9600000] [id=7956]
  0x0000027d543ef000 GCTaskThread "GC Thread#5" [stack: 0x000000e2d9600000,0x000000e2d9700000] [id=6572]
  0x0000027d53935000 GCTaskThread "GC Thread#6" [stack: 0x000000e2d9700000,0x000000e2d9800000] [id=8316]
  0x0000027d53935800 GCTaskThread "GC Thread#7" [stack: 0x000000e2d9800000,0x000000e2d9900000] [id=17344]
  0x0000027d35945800 ConcurrentGCThread "G1 Main Marker" [stack: 0x000000e2d7900000,0x000000e2d7a00000] [id=16232]
  0x0000027d35947000 ConcurrentGCThread "G1 Conc#0" [stack: 0x000000e2d7a00000,0x000000e2d7b00000] [id=10308]
  0x0000027d542c2800 ConcurrentGCThread "G1 Conc#1" [stack: 0x000000e2d9b00000,0x000000e2d9c00000] [id=14644]
  0x0000027d5070d800 ConcurrentGCThread "G1 Refine#0" [stack: 0x000000e2d7b00000,0x000000e2d7c00000] [id=11692]
  0x0000027d54c4a000 ConcurrentGCThread "G1 Refine#1" [stack: 0x000000e2d9d00000,0x000000e2d9e00000] [id=11316]
  0x0000027d539e9800 ConcurrentGCThread "G1 Refine#2" [stack: 0x000000e2da100000,0x000000e2da200000] [id=8784]
  0x0000027d586de800 ConcurrentGCThread "G1 Refine#3" [stack: 0x000000e2da200000,0x000000e2da300000] [id=12700]
  0x0000027d51e34800 ConcurrentGCThread "G1 Refine#4" [stack: 0x000000e2da400000,0x000000e2da500000] [id=964]
  0x0000027d5070e800 ConcurrentGCThread "G1 Young RemSet Sampling" [stack: 0x000000e2d7c00000,0x000000e2d7d00000] [id=15628]

Threads with active compile tasks:
C2 CompilerThread0   203133 17956       4       com.android.tools.r8.dex.i::a (829 bytes)
C2 CompilerThread1   203133 17918 %     4       com.android.tools.r8.dex.i::a @ 315 (1041 bytes)

VM state:at safepoint (normal execution)

VM Mutex/Monitor currently owned by a thread:  ([mutex/lock_event])
[0x0000027d358f7b30] Threads_lock - owner thread: 0x0000027d510c2800
[0x0000027d358f83a0] Heap_lock - owner thread: 0x0000027d545e9800

Heap address: 0x0000000080000000, size: 2048 MB, Compressed Oops mode: 32-bit
Narrow klass base: 0x0000000000000000, Narrow klass shift: 3
Compressed class space size: 1073741824 Address: 0x0000000100000000

Heap:
 garbage-first heap   total 407552K, used 167737K [0x0000000080000000, 0x0000000100000000)
  region size 1024K, 2 young (2048K), 2 survivors (2048K)
 Metaspace       used 121456K, capacity 125245K, committed 127184K, reserved 1159168K
  class space    used 15633K, capacity 17108K, committed 17952K, reserved 1048576K
Heap Regions: E=young(eden), S=young(survivor), O=old, HS=humongous(starts), HC=humongous(continues), CS=collection set, F=free, A=archive, TAMS=top-at-mark-start (previous, next)
|   0|0x0000000080000000, 0x0000000080100000, 0x0000000080100000|100%| O|  |TAMS 0x0000000080100000, 0x0000000080000000| Untracked 
|   1|0x0000000080100000, 0x0000000080200000, 0x0000000080200000|100%| O|  |TAMS 0x0000000080200000, 0x0000000080100000| Untracked 
|   2|0x0000000080200000, 0x0000000080300000, 0x0000000080300000|100%| O|  |TAMS 0x0000000080300000, 0x0000000080200000| Untracked 
|   3|0x0000000080300000, 0x0000000080400000, 0x0000000080400000|100%|HS|  |TAMS 0x0000000080400000, 0x0000000080300000| Complete 
|   4|0x0000000080400000, 0x0000000080500000, 0x0000000080500000|100%|HC|  |TAMS 0x0000000080500000, 0x0000000080400000| Complete 
|   5|0x0000000080500000, 0x0000000080600000, 0x0000000080600000|100%|HC|  |TAMS 0x0000000080600000, 0x0000000080500000| Complete 
|   6|0x0000000080600000, 0x0000000080700000, 0x0000000080700000|100%| O|  |TAMS 0x0000000080700000, 0x0000000080600000| Untracked 
|   7|0x0000000080700000, 0x0000000080800000, 0x0000000080800000|100%| O|  |TAMS 0x0000000080800000, 0x0000000080700000| Untracked 
|   8|0x0000000080800000, 0x0000000080900000, 0x0000000080900000|100%| O|  |TAMS 0x0000000080900000, 0x0000000080800000| Untracked 
|   9|0x0000000080900000, 0x0000000080a00000, 0x0000000080a00000|100%| O|  |TAMS 0x0000000080a00000, 0x0000000080900000| Untracked 
|  10|0x0000000080a00000, 0x0000000080b00000, 0x0000000080b00000|100%| O|  |TAMS 0x0000000080b00000, 0x0000000080a00000| Untracked 
|  11|0x0000000080b00000, 0x0000000080c00000, 0x0000000080c00000|100%| O|  |TAMS 0x0000000080c00000, 0x0000000080b00000| Untracked 
|  12|0x0000000080c00000, 0x0000000080d00000, 0x0000000080d00000|100%| O|  |TAMS 0x0000000080d00000, 0x0000000080c00000| Untracked 
|  13|0x0000000080d00000, 0x0000000080e00000, 0x0000000080e00000|100%| O|  |TAMS 0x0000000080e00000, 0x0000000080d00000| Untracked 
|  14|0x0000000080e00000, 0x0000000080f00000, 0x0000000080f00000|100%| O|  |TAMS 0x0000000080f00000, 0x0000000080e00000| Untracked 
|  15|0x0000000080f00000, 0x0000000081000000, 0x0000000081000000|100%| O|  |TAMS 0x0000000081000000, 0x0000000080f00000| Untracked 
|  16|0x0000000081000000, 0x0000000081100000, 0x0000000081100000|100%| O|  |TAMS 0x0000000081100000, 0x0000000081000000| Untracked 
|  17|0x0000000081100000, 0x0000000081200000, 0x0000000081200000|100%| O|  |TAMS 0x0000000081200000, 0x0000000081100000| Untracked 
|  18|0x0000000081200000, 0x0000000081300000, 0x0000000081300000|100%| O|  |TAMS 0x0000000081300000, 0x0000000081200000| Untracked 
|  19|0x0000000081300000, 0x0000000081400000, 0x0000000081400000|100%| O|  |TAMS 0x0000000081400000, 0x0000000081300000| Untracked 
|  20|0x0000000081400000, 0x0000000081500000, 0x0000000081500000|100%| O|  |TAMS 0x0000000081500000, 0x0000000081400000| Untracked 
|  21|0x0000000081500000, 0x0000000081600000, 0x0000000081600000|100%| O|  |TAMS 0x0000000081600000, 0x0000000081500000| Untracked 
|  22|0x0000000081600000, 0x0000000081700000, 0x0000000081700000|100%|HS|  |TAMS 0x0000000081700000, 0x0000000081600000| Complete 
|  23|0x0000000081700000, 0x0000000081800000, 0x0000000081800000|100%| O|  |TAMS 0x0000000081800000, 0x0000000081700000| Untracked 
|  24|0x0000000081800000, 0x0000000081900000, 0x0000000081900000|100%| O|  |TAMS 0x0000000081900000, 0x0000000081800000| Untracked 
|  25|0x0000000081900000, 0x0000000081a00000, 0x0000000081a00000|100%| O|  |TAMS 0x0000000081a00000, 0x0000000081900000| Untracked 
|  26|0x0000000081a00000, 0x0000000081b00000, 0x0000000081b00000|100%| O|  |TAMS 0x0000000081b00000, 0x0000000081a00000| Untracked 
|  27|0x0000000081b00000, 0x0000000081c00000, 0x0000000081c00000|100%| O|  |TAMS 0x0000000081c00000, 0x0000000081b00000| Untracked 
|  28|0x0000000081c00000, 0x0000000081d00000, 0x0000000081d00000|100%|HS|  |TAMS 0x0000000081d00000, 0x0000000081c00000| Complete 
|  29|0x0000000081d00000, 0x0000000081e00000, 0x0000000081e00000|100%| O|  |TAMS 0x0000000081e00000, 0x0000000081d00000| Untracked 
|  30|0x0000000081e00000, 0x0000000081f00000, 0x0000000081f00000|100%| O|  |TAMS 0x0000000081f00000, 0x0000000081e00000| Untracked 
|  31|0x0000000081f00000, 0x0000000082000000, 0x0000000082000000|100%| O|  |TAMS 0x0000000082000000, 0x0000000081f00000| Untracked 
|  32|0x0000000082000000, 0x0000000082100000, 0x0000000082100000|100%| O|  |TAMS 0x0000000082100000, 0x0000000082000000| Untracked 
|  33|0x0000000082100000, 0x0000000082200000, 0x0000000082200000|100%| O|  |TAMS 0x0000000082200000, 0x0000000082100000| Untracked 
|  34|0x0000000082200000, 0x0000000082300000, 0x0000000082300000|100%| O|  |TAMS 0x0000000082300000, 0x0000000082200000| Untracked 
|  35|0x0000000082300000, 0x0000000082400000, 0x0000000082400000|100%| O|  |TAMS 0x0000000082400000, 0x0000000082300000| Untracked 
|  36|0x0000000082400000, 0x0000000082500000, 0x0000000082500000|100%| O|  |TAMS 0x0000000082500000, 0x0000000082400000| Untracked 
|  37|0x0000000082500000, 0x0000000082600000, 0x0000000082600000|100%| O|  |TAMS 0x0000000082500000, 0x0000000082500000| Untracked 
|  38|0x0000000082600000, 0x0000000082700000, 0x0000000082700000|100%| O|  |TAMS 0x0000000082700000, 0x0000000082600000| Untracked 
|  39|0x0000000082700000, 0x0000000082800000, 0x0000000082800000|100%| O|  |TAMS 0x0000000082800000, 0x0000000082700000| Untracked 
|  40|0x0000000082800000, 0x0000000082900000, 0x0000000082900000|100%| O|  |TAMS 0x0000000082900000, 0x0000000082800000| Untracked 
|  41|0x0000000082900000, 0x0000000082a00000, 0x0000000082a00000|100%| O|  |TAMS 0x0000000082a00000, 0x0000000082900000| Untracked 
|  42|0x0000000082a00000, 0x0000000082b00000, 0x0000000082b00000|100%| O|  |TAMS 0x0000000082b00000, 0x0000000082a00000| Untracked 
|  43|0x0000000082b00000, 0x0000000082c00000, 0x0000000082c00000|100%| O|  |TAMS 0x0000000082c00000, 0x0000000082b00000| Untracked 
|  44|0x0000000082c00000, 0x0000000082d00000, 0x0000000082d00000|100%| O|  |TAMS 0x0000000082d00000, 0x0000000082c00000| Untracked 
|  45|0x0000000082d00000, 0x0000000082e00000, 0x0000000082e00000|100%| O|  |TAMS 0x0000000082e00000, 0x0000000082d00000| Untracked 
|  46|0x0000000082e00000, 0x0000000082f00000, 0x0000000082f00000|100%| O|  |TAMS 0x0000000082f00000, 0x0000000082e00000| Untracked 
|  47|0x0000000082f00000, 0x0000000083000000, 0x0000000083000000|100%| O|  |TAMS 0x0000000083000000, 0x0000000082f00000| Untracked 
|  48|0x0000000083000000, 0x0000000083100000, 0x0000000083100000|100%| O|  |TAMS 0x0000000083100000, 0x0000000083000000| Untracked 
|  49|0x0000000083100000, 0x0000000083200000, 0x0000000083200000|100%| O|  |TAMS 0x0000000083200000, 0x0000000083100000| Untracked 
|  50|0x0000000083200000, 0x0000000083300000, 0x0000000083300000|100%| O|  |TAMS 0x0000000083300000, 0x0000000083200000| Untracked 
|  51|0x0000000083300000, 0x0000000083400000, 0x0000000083400000|100%| O|  |TAMS 0x0000000083400000, 0x0000000083300000| Untracked 
|  52|0x0000000083400000, 0x0000000083500000, 0x0000000083500000|100%| O|  |TAMS 0x0000000083500000, 0x0000000083400000| Untracked 
|  53|0x0000000083500000, 0x0000000083600000, 0x0000000083600000|100%| O|  |TAMS 0x0000000083600000, 0x0000000083500000| Untracked 
|  54|0x0000000083600000, 0x0000000083700000, 0x0000000083700000|100%| O|  |TAMS 0x0000000083600000, 0x0000000083600000| Untracked 
|  55|0x0000000083700000, 0x0000000083800000, 0x0000000083800000|100%| O|  |TAMS 0x0000000083700000, 0x0000000083700000| Untracked 
|  56|0x0000000083800000, 0x0000000083900000, 0x0000000083900000|100%| O|  |TAMS 0x0000000083900000, 0x0000000083800000| Untracked 
|  57|0x0000000083900000, 0x0000000083a00000, 0x0000000083a00000|100%| O|  |TAMS 0x0000000083a00000, 0x0000000083900000| Untracked 
|  58|0x0000000083a00000, 0x0000000083b00000, 0x0000000083b00000|100%| O|  |TAMS 0x0000000083b00000, 0x0000000083a00000| Untracked 
|  59|0x0000000083b00000, 0x0000000083c00000, 0x0000000083c00000|100%| O|  |TAMS 0x0000000083c00000, 0x0000000083b00000| Untracked 
|  60|0x0000000083c00000, 0x0000000083d00000, 0x0000000083d00000|100%| O|  |TAMS 0x0000000083d00000, 0x0000000083c00000| Untracked 
|  61|0x0000000083d00000, 0x0000000083e00000, 0x0000000083e00000|100%| O|  |TAMS 0x0000000083e00000, 0x0000000083d00000| Untracked 
|  62|0x0000000083e00000, 0x0000000083f00000, 0x0000000083f00000|100%| O|  |TAMS 0x0000000083f00000, 0x0000000083e00000| Untracked 
|  63|0x0000000083f00000, 0x0000000084000000, 0x0000000084000000|100%| O|  |TAMS 0x0000000084000000, 0x0000000083f00000| Untracked 
|  64|0x0000000084000000, 0x0000000084100000, 0x0000000084100000|100%| O|  |TAMS 0x0000000084100000, 0x0000000084000000| Untracked 
|  65|0x0000000084100000, 0x0000000084200000, 0x0000000084200000|100%| O|  |TAMS 0x0000000084200000, 0x0000000084100000| Untracked 
|  66|0x0000000084200000, 0x0000000084300000, 0x0000000084300000|100%| O|  |TAMS 0x0000000084300000, 0x0000000084200000| Untracked 
|  67|0x0000000084300000, 0x0000000084400000, 0x0000000084400000|100%| O|  |TAMS 0x0000000084400000, 0x0000000084300000| Untracked 
|  68|0x0000000084400000, 0x0000000084500000, 0x0000000084500000|100%| O|  |TAMS 0x0000000084500000, 0x0000000084400000| Untracked 
|  69|0x0000000084500000, 0x0000000084600000, 0x0000000084600000|100%| O|  |TAMS 0x0000000084600000, 0x0000000084500000| Untracked 
|  70|0x0000000084600000, 0x0000000084700000, 0x0000000084700000|100%| O|  |TAMS 0x0000000084600000, 0x0000000084600000| Untracked 
|  71|0x0000000084700000, 0x0000000084800000, 0x0000000084800000|100%| O|  |TAMS 0x0000000084800000, 0x0000000084700000| Untracked 
|  72|0x0000000084800000, 0x0000000084900000, 0x0000000084900000|100%| O|  |TAMS 0x0000000084900000, 0x0000000084800000| Untracked 
|  73|0x0000000084900000, 0x0000000084a00000, 0x0000000084a00000|100%| O|  |TAMS 0x0000000084a00000, 0x0000000084900000| Untracked 
|  74|0x0000000084a00000, 0x0000000084b00000, 0x0000000084b00000|100%| O|  |TAMS 0x0000000084b00000, 0x0000000084a00000| Untracked 
|  75|0x0000000084b00000, 0x0000000084c00000, 0x0000000084c00000|100%| O|  |TAMS 0x0000000084b00000, 0x0000000084b00000| Untracked 
|  76|0x0000000084c00000, 0x0000000084d00000, 0x0000000084d00000|100%| O|  |TAMS 0x0000000084d00000, 0x0000000084c00000| Untracked 
|  77|0x0000000084d00000, 0x0000000084e00000, 0x0000000084e00000|100%| O|  |TAMS 0x0000000084d00000, 0x0000000084d00000| Untracked 
|  78|0x0000000084e00000, 0x0000000084f00000, 0x0000000084f00000|100%| O|  |TAMS 0x0000000084e00000, 0x0000000084e00000| Untracked 
|  79|0x0000000084f00000, 0x0000000085000000, 0x0000000085000000|100%| O|  |TAMS 0x0000000085000000, 0x0000000084f00000| Untracked 
|  80|0x0000000085000000, 0x0000000085100000, 0x0000000085100000|100%| O|  |TAMS 0x0000000085100000, 0x0000000085000000| Untracked 
|  81|0x0000000085100000, 0x0000000085200000, 0x0000000085200000|100%| O|  |TAMS 0x0000000085200000, 0x0000000085100000| Untracked 
|  82|0x0000000085200000, 0x0000000085300000, 0x0000000085300000|100%| O|  |TAMS 0x0000000085200000, 0x0000000085200000| Untracked 
|  83|0x0000000085300000, 0x0000000085400000, 0x0000000085400000|100%| O|  |TAMS 0x0000000085400000, 0x0000000085300000| Untracked 
|  84|0x0000000085400000, 0x0000000085500000, 0x0000000085500000|100%| O|  |TAMS 0x0000000085500000, 0x0000000085400000| Untracked 
|  85|0x0000000085500000, 0x0000000085600000, 0x0000000085600000|100%| O|  |TAMS 0x0000000085600000, 0x0000000085500000| Untracked 
|  86|0x0000000085600000, 0x0000000085700000, 0x0000000085700000|100%| O|  |TAMS 0x0000000085700000, 0x0000000085600000| Untracked 
|  87|0x0000000085700000, 0x0000000085800000, 0x0000000085800000|100%| O|  |TAMS 0x0000000085700000, 0x0000000085700000| Untracked 
|  88|0x0000000085800000, 0x0000000085900000, 0x0000000085900000|100%| O|  |TAMS 0x0000000085800000, 0x0000000085800000| Untracked 
|  89|0x0000000085900000, 0x0000000085a00000, 0x0000000085a00000|100%| O|  |TAMS 0x0000000085a00000, 0x0000000085900000| Untracked 
|  90|0x0000000085a00000, 0x0000000085b00000, 0x0000000085b00000|100%| O|  |TAMS 0x0000000085b00000, 0x0000000085a00000| Untracked 
|  91|0x0000000085b00000, 0x0000000085c00000, 0x0000000085c00000|100%| O|  |TAMS 0x0000000085c00000, 0x0000000085b00000| Untracked 
|  92|0x0000000085c00000, 0x0000000085d00000, 0x0000000085d00000|100%| O|  |TAMS 0x0000000085d00000, 0x0000000085c00000| Untracked 
|  93|0x0000000085d00000, 0x0000000085e00000, 0x0000000085e00000|100%| O|  |TAMS 0x0000000085e00000, 0x0000000085d00000| Untracked 
|  94|0x0000000085e00000, 0x0000000085f00000, 0x0000000085f00000|100%| O|  |TAMS 0x0000000085e00000, 0x0000000085e00000| Untracked 
|  95|0x0000000085f00000, 0x0000000086000000, 0x0000000086000000|100%| O|  |TAMS 0x0000000085f00000, 0x0000000085f00000| Untracked 
|  96|0x0000000086000000, 0x0000000086100000, 0x0000000086100000|100%| O|  |TAMS 0x0000000086100000, 0x0000000086000000| Untracked 
|  97|0x0000000086100000, 0x0000000086200000, 0x0000000086200000|100%| O|  |TAMS 0x0000000086200000, 0x0000000086100000| Untracked 
|  98|0x0000000086200000, 0x0000000086300000, 0x0000000086300000|100%| O|  |TAMS 0x0000000086200000, 0x0000000086200000| Untracked 
|  99|0x0000000086300000, 0x0000000086400000, 0x0000000086400000|100%| O|  |TAMS 0x0000000086300000, 0x0000000086300000| Untracked 
| 100|0x0000000086400000, 0x0000000086500000, 0x0000000086500000|100%| O|  |TAMS 0x0000000086500000, 0x0000000086400000| Untracked 
| 101|0x0000000086500000, 0x0000000086600000, 0x0000000086600000|100%| O|  |TAMS 0x0000000086500000, 0x0000000086500000| Untracked 
| 102|0x0000000086600000, 0x0000000086700000, 0x0000000086700000|100%| O|  |TAMS 0x0000000086600000, 0x0000000086600000| Untracked 
| 103|0x0000000086700000, 0x0000000086800000, 0x0000000086800000|100%| O|  |TAMS 0x0000000086700000, 0x0000000086700000| Untracked 
| 104|0x0000000086800000, 0x0000000086900000, 0x0000000086900000|100%| O|  |TAMS 0x0000000086800000, 0x0000000086800000| Untracked 
| 105|0x0000000086900000, 0x0000000086a00000, 0x0000000086a00000|100%| O|  |TAMS 0x0000000086900000, 0x0000000086900000| Untracked 
| 106|0x0000000086a00000, 0x0000000086b00000, 0x0000000086b00000|100%| O|  |TAMS 0x0000000086a00000, 0x0000000086a00000| Untracked 
| 107|0x0000000086b00000, 0x0000000086c00000, 0x0000000086c00000|100%| O|  |TAMS 0x0000000086b00000, 0x0000000086b00000| Untracked 
| 108|0x0000000086c00000, 0x0000000086d00000, 0x0000000086d00000|100%| O|  |TAMS 0x0000000086c00000, 0x0000000086c00000| Untracked 
| 109|0x0000000086d00000, 0x0000000086e00000, 0x0000000086e00000|100%| O|  |TAMS 0x0000000086d00000, 0x0000000086d00000| Untracked 
| 110|0x0000000086e00000, 0x0000000086f00000, 0x0000000086f00000|100%| O|  |TAMS 0x0000000086e00000, 0x0000000086e00000| Untracked 
| 111|0x0000000086f00000, 0x0000000087000000, 0x0000000087000000|100%| O|  |TAMS 0x0000000087000000, 0x0000000086f00000| Untracked 
| 112|0x0000000087000000, 0x0000000087100000, 0x0000000087100000|100%| O|  |TAMS 0x0000000087100000, 0x0000000087000000| Untracked 
| 113|0x0000000087100000, 0x0000000087200000, 0x0000000087200000|100%| O|  |TAMS 0x0000000087200000, 0x0000000087100000| Untracked 
| 114|0x0000000087200000, 0x0000000087300000, 0x0000000087300000|100%| O|  |TAMS 0x0000000087200000, 0x0000000087200000| Untracked 
| 115|0x0000000087300000, 0x0000000087400000, 0x0000000087400000|100%| O|  |TAMS 0x0000000087300000, 0x0000000087300000| Untracked 
| 116|0x0000000087400000, 0x0000000087500000, 0x0000000087500000|100%| O|  |TAMS 0x0000000087400000, 0x0000000087400000| Untracked 
| 117|0x0000000087500000, 0x0000000087600000, 0x0000000087600000|100%| O|  |TAMS 0x0000000087500000, 0x0000000087500000| Untracked 
| 118|0x0000000087600000, 0x0000000087700000, 0x0000000087700000|100%| O|  |TAMS 0x0000000087600000, 0x0000000087600000| Untracked 
| 119|0x0000000087700000, 0x0000000087800000, 0x0000000087800000|100%| O|  |TAMS 0x0000000087700000, 0x0000000087700000| Untracked 
| 120|0x0000000087800000, 0x0000000087900000, 0x0000000087900000|100%| O|  |TAMS 0x0000000087800000, 0x0000000087800000| Untracked 
| 121|0x0000000087900000, 0x0000000087a00000, 0x0000000087a00000|100%| O|  |TAMS 0x0000000087900000, 0x0000000087900000| Untracked 
| 122|0x0000000087a00000, 0x0000000087b00000, 0x0000000087b00000|100%| O|  |TAMS 0x0000000087a00000, 0x0000000087a00000| Untracked 
| 123|0x0000000087b00000, 0x0000000087c00000, 0x0000000087c00000|100%| O|  |TAMS 0x0000000087b00000, 0x0000000087b00000| Untracked 
| 124|0x0000000087c00000, 0x0000000087d00000, 0x0000000087d00000|100%| O|  |TAMS 0x0000000087c00000, 0x0000000087c00000| Untracked 
| 125|0x0000000087d00000, 0x0000000087e00000, 0x0000000087e00000|100%| O|  |TAMS 0x0000000087d00000, 0x0000000087d00000| Untracked 
| 126|0x0000000087e00000, 0x0000000087f00000, 0x0000000087f00000|100%| O|  |TAMS 0x0000000087e00000, 0x0000000087e00000| Untracked 
| 127|0x0000000087f00000, 0x0000000088000000, 0x0000000088000000|100%| O|  |TAMS 0x0000000087f00000, 0x0000000087f00000| Untracked 
| 128|0x0000000088000000, 0x0000000088100000, 0x0000000088100000|100%| O|  |TAMS 0x0000000088000000, 0x0000000088000000| Untracked 
| 129|0x0000000088100000, 0x0000000088200000, 0x0000000088200000|100%| O|  |TAMS 0x0000000088171e00, 0x0000000088100000| Untracked 
| 130|0x0000000088200000, 0x0000000088300000, 0x0000000088300000|100%|HS|  |TAMS 0x0000000088200000, 0x0000000088200000| Complete 
| 131|0x0000000088300000, 0x0000000088400000, 0x0000000088400000|100%|HC|  |TAMS 0x0000000088300000, 0x0000000088300000| Complete 
| 132|0x0000000088400000, 0x0000000088500000, 0x0000000088500000|100%|HC|  |TAMS 0x0000000088400000, 0x0000000088400000| Complete 
| 133|0x0000000088500000, 0x0000000088600000, 0x0000000088600000|100%|HC|  |TAMS 0x0000000088500000, 0x0000000088500000| Complete 
| 134|0x0000000088600000, 0x0000000088700000, 0x0000000088700000|100%|HC|  |TAMS 0x0000000088600000, 0x0000000088600000| Complete 
| 135|0x0000000088700000, 0x0000000088800000, 0x0000000088800000|100%| O|  |TAMS 0x0000000088700000, 0x0000000088700000| Untracked 
| 136|0x0000000088800000, 0x0000000088900000, 0x0000000088900000|100%| O|  |TAMS 0x0000000088800000, 0x0000000088800000| Untracked 
| 137|0x0000000088900000, 0x0000000088a00000, 0x0000000088a00000|100%| O|  |TAMS 0x0000000088900000, 0x0000000088900000| Untracked 
| 138|0x0000000088a00000, 0x0000000088b00000, 0x0000000088b00000|100%| O|  |TAMS 0x0000000088a00000, 0x0000000088a00000| Untracked 
| 139|0x0000000088b00000, 0x0000000088c00000, 0x0000000088c00000|100%| O|  |TAMS 0x0000000088b00000, 0x0000000088b00000| Untracked 
| 140|0x0000000088c00000, 0x0000000088d00000, 0x0000000088d00000|100%| O|  |TAMS 0x0000000088c00000, 0x0000000088c00000| Untracked 
| 141|0x0000000088d00000, 0x0000000088e00000, 0x0000000088e00000|100%| O|  |TAMS 0x0000000088d00000, 0x0000000088d00000| Untracked 
| 142|0x0000000088e00000, 0x0000000088f00000, 0x0000000088f00000|100%| O|  |TAMS 0x0000000088e00000, 0x0000000088e00000| Untracked 
| 143|0x0000000088f00000, 0x0000000089000000, 0x0000000089000000|100%| O|  |TAMS 0x0000000088f00000, 0x0000000088f00000| Untracked 
| 144|0x0000000089000000, 0x0000000089100000, 0x0000000089100000|100%| O|  |TAMS 0x0000000089000000, 0x0000000089000000| Untracked 
| 145|0x0000000089100000, 0x0000000089200000, 0x0000000089200000|100%|HS|  |TAMS 0x0000000089100000, 0x0000000089100000| Complete 
| 146|0x0000000089200000, 0x0000000089300000, 0x0000000089300000|100%|HC|  |TAMS 0x0000000089200000, 0x0000000089200000| Complete 
| 147|0x0000000089300000, 0x0000000089400000, 0x0000000089400000|100%|HC|  |TAMS 0x0000000089300000, 0x0000000089300000| Complete 
| 148|0x0000000089400000, 0x0000000089500000, 0x0000000089500000|100%|HC|  |TAMS 0x0000000089400000, 0x0000000089400000| Complete 
| 149|0x0000000089500000, 0x0000000089600000, 0x0000000089600000|100%|HC|  |TAMS 0x0000000089500000, 0x0000000089500000| Complete 
| 150|0x0000000089600000, 0x0000000089700000, 0x0000000089700000|100%| O|  |TAMS 0x0000000089600000, 0x0000000089600000| Untracked 
| 151|0x0000000089700000, 0x0000000089800000, 0x0000000089800000|100%| O|  |TAMS 0x0000000089700000, 0x0000000089700000| Untracked 
| 152|0x0000000089800000, 0x0000000089900000, 0x0000000089900000|100%|HS|  |TAMS 0x0000000089800000, 0x0000000089800000| Complete 
| 153|0x0000000089900000, 0x0000000089a00000, 0x0000000089a00000|100%|HS|  |TAMS 0x0000000089900000, 0x0000000089900000| Complete 
| 154|0x0000000089a00000, 0x0000000089b00000, 0x0000000089b00000|100%|HS|  |TAMS 0x0000000089a00000, 0x0000000089a00000| Complete 
| 155|0x0000000089b00000, 0x0000000089c00000, 0x0000000089c00000|100%|HS|  |TAMS 0x0000000089b00000, 0x0000000089b00000| Complete 
| 156|0x0000000089c00000, 0x0000000089d00000, 0x0000000089d00000|100%|HC|  |TAMS 0x0000000089c00000, 0x0000000089c00000| Complete 
| 157|0x0000000089d00000, 0x0000000089e00000, 0x0000000089e00000|100%| O|  |TAMS 0x0000000089d00000, 0x0000000089d00000| Untracked 
| 158|0x0000000089e00000, 0x0000000089e4ea00, 0x0000000089f00000| 30%| O|  |TAMS 0x0000000089e00000, 0x0000000089e00000| Untracked 
| 159|0x0000000089f00000, 0x0000000089f00000, 0x000000008a000000|  0%| F|  |TAMS 0x0000000089f00000, 0x0000000089f00000| Untracked 
| 160|0x000000008a000000, 0x000000008a000000, 0x000000008a100000|  0%| F|  |TAMS 0x000000008a000000, 0x000000008a000000| Untracked 
| 161|0x000000008a100000, 0x000000008a100000, 0x000000008a200000|  0%| F|  |TAMS 0x000000008a100000, 0x000000008a100000| Untracked 
| 162|0x000000008a200000, 0x000000008a200000, 0x000000008a300000|  0%| F|  |TAMS 0x000000008a200000, 0x000000008a200000| Untracked 
| 163|0x000000008a300000, 0x000000008a300000, 0x000000008a400000|  0%| F|  |TAMS 0x000000008a300000, 0x000000008a300000| Untracked 
| 164|0x000000008a400000, 0x000000008a400000, 0x000000008a500000|  0%| F|  |TAMS 0x000000008a400000, 0x000000008a400000| Untracked 
| 165|0x000000008a500000, 0x000000008a500000, 0x000000008a600000|  0%| F|  |TAMS 0x000000008a500000, 0x000000008a500000| Untracked 
| 166|0x000000008a600000, 0x000000008a700000, 0x000000008a700000|100%| O|  |TAMS 0x000000008a600000, 0x000000008a600000| Untracked 
| 167|0x000000008a700000, 0x000000008a800000, 0x000000008a800000|100%| O|  |TAMS 0x000000008a700000, 0x000000008a700000| Untracked 
| 168|0x000000008a800000, 0x000000008a900000, 0x000000008a900000|100%| O|  |TAMS 0x000000008a800000, 0x000000008a800000| Untracked 
| 169|0x000000008a900000, 0x000000008aa00000, 0x000000008aa00000|100%| O|  |TAMS 0x000000008a900000, 0x000000008a900000| Untracked 
| 170|0x000000008aa00000, 0x000000008aa00000, 0x000000008ab00000|  0%| F|  |TAMS 0x000000008aa00000, 0x000000008aa00000| Untracked 
| 171|0x000000008ab00000, 0x000000008ab00000, 0x000000008ac00000|  0%| F|  |TAMS 0x000000008ab00000, 0x000000008ab00000| Untracked 
| 172|0x000000008ac00000, 0x000000008ac00000, 0x000000008ad00000|  0%| F|  |TAMS 0x000000008ac00000, 0x000000008ac00000| Untracked 
| 173|0x000000008ad00000, 0x000000008ad00000, 0x000000008ae00000|  0%| F|  |TAMS 0x000000008ad00000, 0x000000008ad00000| Untracked 
| 174|0x000000008ae00000, 0x000000008ae00000, 0x000000008af00000|  0%| F|  |TAMS 0x000000008ae00000, 0x000000008ae00000| Untracked 
| 175|0x000000008af00000, 0x000000008af00000, 0x000000008b000000|  0%| F|  |TAMS 0x000000008af00000, 0x000000008af00000| Untracked 
| 176|0x000000008b000000, 0x000000008b000000, 0x000000008b100000|  0%| F|  |TAMS 0x000000008b000000, 0x000000008b000000| Untracked 
| 177|0x000000008b100000, 0x000000008b100000, 0x000000008b200000|  0%| F|  |TAMS 0x000000008b100000, 0x000000008b100000| Untracked 
| 178|0x000000008b200000, 0x000000008b200000, 0x000000008b300000|  0%| F|  |TAMS 0x000000008b200000, 0x000000008b200000| Untracked 
| 179|0x000000008b300000, 0x000000008b300000, 0x000000008b400000|  0%| F|  |TAMS 0x000000008b300000, 0x000000008b300000| Untracked 
| 180|0x000000008b400000, 0x000000008b400000, 0x000000008b500000|  0%| F|  |TAMS 0x000000008b400000, 0x000000008b400000| Untracked 
| 181|0x000000008b500000, 0x000000008b500000, 0x000000008b600000|  0%| F|  |TAMS 0x000000008b500000, 0x000000008b500000| Untracked 
| 182|0x000000008b600000, 0x000000008b600000, 0x000000008b700000|  0%| F|  |TAMS 0x000000008b600000, 0x000000008b600000| Untracked 
| 183|0x000000008b700000, 0x000000008b700000, 0x000000008b800000|  0%| F|  |TAMS 0x000000008b700000, 0x000000008b700000| Untracked 
| 184|0x000000008b800000, 0x000000008b800000, 0x000000008b900000|  0%| F|  |TAMS 0x000000008b800000, 0x000000008b800000| Untracked 
| 185|0x000000008b900000, 0x000000008b900000, 0x000000008ba00000|  0%| F|  |TAMS 0x000000008b900000, 0x000000008b900000| Untracked 
| 186|0x000000008ba00000, 0x000000008ba00000, 0x000000008bb00000|  0%| F|  |TAMS 0x000000008ba00000, 0x000000008ba00000| Untracked 
| 187|0x000000008bb00000, 0x000000008bb00000, 0x000000008bc00000|  0%| F|  |TAMS 0x000000008bb00000, 0x000000008bb00000| Untracked 
| 188|0x000000008bc00000, 0x000000008bc00000, 0x000000008bd00000|  0%| F|  |TAMS 0x000000008bc00000, 0x000000008bc00000| Untracked 
| 189|0x000000008bd00000, 0x000000008bd00000, 0x000000008be00000|  0%| F|  |TAMS 0x000000008bd00000, 0x000000008bd00000| Untracked 
| 190|0x000000008be00000, 0x000000008be00000, 0x000000008bf00000|  0%| F|  |TAMS 0x000000008be00000, 0x000000008be00000| Untracked 
| 191|0x000000008bf00000, 0x000000008bf00000, 0x000000008c000000|  0%| F|  |TAMS 0x000000008bf00000, 0x000000008bf00000| Untracked 
| 192|0x000000008c000000, 0x000000008c000000, 0x000000008c100000|  0%| F|  |TAMS 0x000000008c000000, 0x000000008c000000| Untracked 
| 193|0x000000008c100000, 0x000000008c100000, 0x000000008c200000|  0%| F|  |TAMS 0x000000008c100000, 0x000000008c100000| Untracked 
| 194|0x000000008c200000, 0x000000008c200000, 0x000000008c300000|  0%| F|  |TAMS 0x000000008c200000, 0x000000008c200000| Untracked 
| 195|0x000000008c300000, 0x000000008c300000, 0x000000008c400000|  0%| F|  |TAMS 0x000000008c300000, 0x000000008c300000| Untracked 
| 196|0x000000008c400000, 0x000000008c400000, 0x000000008c500000|  0%| F|  |TAMS 0x000000008c400000, 0x000000008c400000| Untracked 
| 197|0x000000008c500000, 0x000000008c500000, 0x000000008c600000|  0%| F|  |TAMS 0x000000008c500000, 0x000000008c500000| Untracked 
| 198|0x000000008c600000, 0x000000008c600000, 0x000000008c700000|  0%| F|  |TAMS 0x000000008c600000, 0x000000008c600000| Untracked 
| 199|0x000000008c700000, 0x000000008c700000, 0x000000008c800000|  0%| F|  |TAMS 0x000000008c700000, 0x000000008c700000| Untracked 
| 200|0x000000008c800000, 0x000000008c800000, 0x000000008c900000|  0%| F|  |TAMS 0x000000008c800000, 0x000000008c800000| Untracked 
| 201|0x000000008c900000, 0x000000008c900000, 0x000000008ca00000|  0%| F|  |TAMS 0x000000008c900000, 0x000000008c900000| Untracked 
| 202|0x000000008ca00000, 0x000000008ca7fbf0, 0x000000008cb00000| 49%| S|CS|TAMS 0x000000008ca00000, 0x000000008ca00000| Complete 
| 203|0x000000008cb00000, 0x000000008cc00000, 0x000000008cc00000|100%| S|CS|TAMS 0x000000008cb00000, 0x000000008cb00000| Complete 
| 204|0x000000008cc00000, 0x000000008cc00000, 0x000000008cd00000|  0%| F|  |TAMS 0x000000008cc00000, 0x000000008cc00000| Untracked 
| 205|0x000000008cd00000, 0x000000008cd00000, 0x000000008ce00000|  0%| F|  |TAMS 0x000000008cd00000, 0x000000008cd00000| Untracked 
| 206|0x000000008ce00000, 0x000000008ce00000, 0x000000008cf00000|  0%| F|  |TAMS 0x000000008ce00000, 0x000000008ce00000| Untracked 
| 207|0x000000008cf00000, 0x000000008cf00000, 0x000000008d000000|  0%| F|  |TAMS 0x000000008cf00000, 0x000000008cf00000| Untracked 
| 208|0x000000008d000000, 0x000000008d000000, 0x000000008d100000|  0%| F|  |TAMS 0x000000008d000000, 0x000000008d000000| Untracked 
| 209|0x000000008d100000, 0x000000008d100000, 0x000000008d200000|  0%| F|  |TAMS 0x000000008d100000, 0x000000008d100000| Untracked 
| 210|0x000000008d200000, 0x000000008d200000, 0x000000008d300000|  0%| F|  |TAMS 0x000000008d200000, 0x000000008d200000| Untracked 
| 211|0x000000008d300000, 0x000000008d300000, 0x000000008d400000|  0%| F|  |TAMS 0x000000008d300000, 0x000000008d300000| Untracked 
| 212|0x000000008d400000, 0x000000008d400000, 0x000000008d500000|  0%| F|  |TAMS 0x000000008d400000, 0x000000008d400000| Untracked 
| 213|0x000000008d500000, 0x000000008d500000, 0x000000008d600000|  0%| F|  |TAMS 0x000000008d500000, 0x000000008d500000| Untracked 
| 214|0x000000008d600000, 0x000000008d600000, 0x000000008d700000|  0%| F|  |TAMS 0x000000008d600000, 0x000000008d600000| Untracked 
| 215|0x000000008d700000, 0x000000008d700000, 0x000000008d800000|  0%| F|  |TAMS 0x000000008d700000, 0x000000008d700000| Untracked 
| 216|0x000000008d800000, 0x000000008d800000, 0x000000008d900000|  0%| F|  |TAMS 0x000000008d800000, 0x000000008d800000| Untracked 
| 217|0x000000008d900000, 0x000000008d900000, 0x000000008da00000|  0%| F|  |TAMS 0x000000008d900000, 0x000000008d900000| Untracked 
| 218|0x000000008da00000, 0x000000008da00000, 0x000000008db00000|  0%| F|  |TAMS 0x000000008da00000, 0x000000008da00000| Untracked 
| 219|0x000000008db00000, 0x000000008db00000, 0x000000008dc00000|  0%| F|  |TAMS 0x000000008db00000, 0x000000008db00000| Untracked 
| 220|0x000000008dc00000, 0x000000008dc00000, 0x000000008dd00000|  0%| F|  |TAMS 0x000000008dc00000, 0x000000008dc00000| Untracked 
| 221|0x000000008dd00000, 0x000000008dd00000, 0x000000008de00000|  0%| F|  |TAMS 0x000000008dd00000, 0x000000008dd00000| Untracked 
| 222|0x000000008de00000, 0x000000008de00000, 0x000000008df00000|  0%| F|  |TAMS 0x000000008de00000, 0x000000008de00000| Untracked 
| 223|0x000000008df00000, 0x000000008df00000, 0x000000008e000000|  0%| F|  |TAMS 0x000000008df00000, 0x000000008df00000| Untracked 
| 224|0x000000008e000000, 0x000000008e000000, 0x000000008e100000|  0%| F|  |TAMS 0x000000008e000000, 0x000000008e000000| Untracked 
| 225|0x000000008e100000, 0x000000008e100000, 0x000000008e200000|  0%| F|  |TAMS 0x000000008e100000, 0x000000008e100000| Untracked 
| 226|0x000000008e200000, 0x000000008e200000, 0x000000008e300000|  0%| F|  |TAMS 0x000000008e200000, 0x000000008e200000| Untracked 
| 227|0x000000008e300000, 0x000000008e300000, 0x000000008e400000|  0%| F|  |TAMS 0x000000008e300000, 0x000000008e300000| Untracked 
| 228|0x000000008e400000, 0x000000008e400000, 0x000000008e500000|  0%| F|  |TAMS 0x000000008e400000, 0x000000008e400000| Untracked 
| 229|0x000000008e500000, 0x000000008e500000, 0x000000008e600000|  0%| F|  |TAMS 0x000000008e500000, 0x000000008e500000| Untracked 

Card table byte_map: [0x0000027d49610000,0x0000027d49a10000] _byte_map_base: 0x0000027d49210000

Marking Bits (Prev, Next): (CMBitMap*) 0x0000027d3593ca18, (CMBitMap*) 0x0000027d3593ca50
 Prev Bits: [0x0000027d49e10000, 0x0000027d4be10000)
 Next Bits: [0x0000027d4be10000, 0x0000027d4de10000)

Polling page: 0x0000027d33f50000

Metaspace:

Usage:
  Non-class:    105.60 MB capacity,   103.34 MB ( 98%) used,     1.81 MB (  2%) free+waste,   460.25 KB ( <1%) overhead. 
      Class:     16.71 MB capacity,    15.27 MB ( 91%) used,     1.24 MB (  7%) free+waste,   208.69 KB (  1%) overhead. 
       Both:    122.31 MB capacity,   118.61 MB ( 97%) used,     3.05 MB (  2%) free+waste,   668.94 KB ( <1%) overhead. 

Virtual space:
  Non-class space:      108.00 MB reserved,     106.67 MB ( 99%) committed 
      Class space:        1.00 GB reserved,      17.53 MB (  2%) committed 
             Both:        1.11 GB reserved,     124.20 MB ( 11%) committed 

Chunk freelists:
   Non-Class:  1.01 MB
       Class:  748.00 KB
        Both:  1.74 MB

MaxMetaspaceSize: 17179869184.00 GB
CompressedClassSpaceSize: 1.00 GB
Initial GC threshold: 20.80 MB
Current GC threshold: 204.09 MB
CDS: off

CodeHeap 'non-profiled nmethods': size=120000Kb used=11949Kb max_used=11949Kb free=108050Kb
 bounds [0x0000027d41280000, 0x0000027d41e30000, 0x0000027d487b0000]
CodeHeap 'profiled nmethods': size=120000Kb used=37666Kb max_used=37666Kb free=82333Kb
 bounds [0x0000027d39d50000, 0x0000027d3c220000, 0x0000027d41280000]
CodeHeap 'non-nmethods': size=5760Kb used=2455Kb max_used=2527Kb free=3304Kb
 bounds [0x0000027d397b0000, 0x0000027d39a30000, 0x0000027d39d50000]
 total_blobs=18681 nmethods=17690 adapters=902
 compilation: enabled
              stopped_count=0, restarted_count=0
 full_count=0

Compilation events (20 events):
Event: 203.018 Thread 0x0000027d51148000 18702       2       com.android.tools.r8.graph.D$$Lambda$2768/0x00000001010f6440::compare (16 bytes)
Event: 203.018 Thread 0x0000027d51148000 nmethod 18702 0x0000027d3c217f10 code [0x0000027d3c2180e0, 0x0000027d3c218288]
Event: 203.018 Thread 0x0000027d51148000 18703       2       com.android.tools.r8.graph.D::a (21 bytes)
Event: 203.018 Thread 0x0000027d51148000 nmethod 18703 0x0000027d3c218410 code [0x0000027d3c2185c0, 0x0000027d3c2186e8]
Event: 203.018 Thread 0x0000027d51148000 18704       2       com.android.tools.r8.graph.k0$$Lambda$2772/0x00000001010f5440::compare (12 bytes)
Event: 203.018 Thread 0x0000027d51148000 nmethod 18704 0x0000027d3c218810 code [0x0000027d3c2189e0, 0x0000027d3c218b88]
Event: 203.018 Thread 0x0000027d51148000 18707       2       com.android.tools.r8.graph.j1$a::V0 (28 bytes)
Event: 203.018 Thread 0x0000027d51148000 nmethod 18707 0x0000027d3c218d10 code [0x0000027d3c218ec0, 0x0000027d3c219068]
Event: 203.018 Thread 0x0000027d51148000 18705       2       com.android.tools.r8.graph.k0::a (12 bytes)
Event: 203.018 Thread 0x0000027d51148000 nmethod 18705 0x0000027d3c219190 code [0x0000027d3c219340, 0x0000027d3c219448]
Event: 203.019 Thread 0x0000027d51148000 18709       2       com.android.tools.r8.graph.D$$Lambda$2768/0x00000001010f6440::get$Lambda (9 bytes)
Event: 203.019 Thread 0x0000027d51148000 nmethod 18709 0x0000027d3c219590 code [0x0000027d3c219740, 0x0000027d3c2198b8]
Event: 203.019 Thread 0x0000027d51148000 18710       2       com.android.tools.r8.graph.D$$Lambda$2768/0x00000001010f6440::<init> (10 bytes)
Event: 203.019 Thread 0x0000027d51148000 nmethod 18710 0x0000027d3c219990 code [0x0000027d3c219b40, 0x0000027d3c219c78]
Event: 203.020 Thread 0x0000027d51148000 18713       2       com.android.tools.r8.graph.n1::H0 (4 bytes)
Event: 203.020 Thread 0x0000027d51148000 nmethod 18713 0x0000027d3c219d10 code [0x0000027d3c219ec0, 0x0000027d3c219fb8]
Event: 203.023 Thread 0x0000027d51148000 18718       2       com.android.tools.r8.graph.k1::H0 (4 bytes)
Event: 203.023 Thread 0x0000027d51148000 nmethod 18718 0x0000027d3c21a090 code [0x0000027d3c21a240, 0x0000027d3c21a338]
Event: 203.023 Thread 0x0000027d51148000 18720       2       com.android.tools.r8.graph.n1::V0 (1 bytes)
Event: 203.023 Thread 0x0000027d51148000 nmethod 18720 0x0000027d3c21a410 code [0x0000027d3c21a5c0, 0x0000027d3c21a6b8]

GC Heap History (20 events):
Event: 201.645 GC heap after
{Heap after GC invocations=68 (full 0):
 garbage-first heap   total 168960K, used 133515K [0x0000000080000000, 0x0000000100000000)
  region size 1024K, 2 young (2048K), 2 survivors (2048K)
 Metaspace       used 120362K, capacity 124744K, committed 125008K, reserved 1157120K
  class space    used 15715K, capacity 17517K, committed 17568K, reserved 1048576K
}
Event: 201.922 GC heap before
{Heap before GC invocations=68 (full 0):
 garbage-first heap   total 168960K, used 137611K [0x0000000080000000, 0x0000000100000000)
  region size 1024K, 7 young (7168K), 2 survivors (2048K)
 Metaspace       used 120666K, capacity 125088K, committed 125264K, reserved 1157120K
  class space    used 15748K, capacity 17539K, committed 17568K, reserved 1048576K
}
Event: 201.925 GC heap after
{Heap after GC invocations=69 (full 0):
 garbage-first heap   total 168960K, used 131816K [0x0000000080000000, 0x0000000100000000)
  region size 1024K, 1 young (1024K), 1 survivors (1024K)
 Metaspace       used 120666K, capacity 125088K, committed 125264K, reserved 1157120K
  class space    used 15748K, capacity 17539K, committed 17568K, reserved 1048576K
}
Event: 202.147 GC heap before
{Heap before GC invocations=70 (full 0):
 garbage-first heap   total 168960K, used 165608K [0x0000000080000000, 0x0000000100000000)
  region size 1024K, 15 young (15360K), 1 survivors (1024K)
 Metaspace       used 119549K, capacity 123107K, committed 125648K, reserved 1157120K
  class space    used 15309K, capacity 16724K, committed 17696K, reserved 1048576K
}
Event: 202.154 GC heap after
{Heap after GC invocations=71 (full 0):
 garbage-first heap   total 174080K, used 147050K [0x0000000080000000, 0x0000000100000000)
  region size 1024K, 2 young (2048K), 2 survivors (2048K)
 Metaspace       used 119549K, capacity 123107K, committed 125648K, reserved 1157120K
  class space    used 15309K, capacity 16724K, committed 17696K, reserved 1048576K
}
Event: 202.185 GC heap before
{Heap before GC invocations=71 (full 0):
 garbage-first heap   total 174080K, used 152170K [0x0000000080000000, 0x0000000100000000)
  region size 1024K, 8 young (8192K), 2 survivors (2048K)
 Metaspace       used 119588K, capacity 123172K, committed 125648K, reserved 1157120K
  class space    used 15309K, capacity 16724K, committed 17696K, reserved 1048576K
}
Event: 202.189 GC heap after
{Heap after GC invocations=72 (full 0):
 garbage-first heap   total 174080K, used 132527K [0x0000000080000000, 0x0000000100000000)
  region size 1024K, 1 young (1024K), 1 survivors (1024K)
 Metaspace       used 119588K, capacity 123172K, committed 125648K, reserved 1157120K
  class space    used 15309K, capacity 16724K, committed 17696K, reserved 1048576K
}
Event: 202.209 GC heap before
{Heap before GC invocations=72 (full 0):
 garbage-first heap   total 174080K, used 139695K [0x0000000080000000, 0x0000000100000000)
  region size 1024K, 8 young (8192K), 1 survivors (1024K)
 Metaspace       used 119590K, capacity 123172K, committed 125648K, reserved 1157120K
  class space    used 15309K, capacity 16724K, committed 17696K, reserved 1048576K
}
Event: 202.220 GC heap after
{Heap after GC invocations=73 (full 0):
 garbage-first heap   total 174080K, used 122502K [0x0000000080000000, 0x0000000100000000)
  region size 1024K, 1 young (1024K), 1 survivors (1024K)
 Metaspace       used 119590K, capacity 123172K, committed 125648K, reserved 1157120K
  class space    used 15309K, capacity 16724K, committed 17696K, reserved 1048576K
}
Event: 202.241 GC heap before
{Heap before GC invocations=73 (full 0):
 garbage-first heap   total 174080K, used 128646K [0x0000000080000000, 0x0000000100000000)
  region size 1024K, 8 young (8192K), 1 survivors (1024K)
 Metaspace       used 119590K, capacity 123172K, committed 125648K, reserved 1157120K
  class space    used 15309K, capacity 16724K, committed 17696K, reserved 1048576K
}
Event: 202.247 GC heap after
{Heap after GC invocations=74 (full 0):
 garbage-first heap   total 174080K, used 125264K [0x0000000080000000, 0x0000000100000000)
  region size 1024K, 1 young (1024K), 1 survivors (1024K)
 Metaspace       used 119590K, capacity 123172K, committed 125648K, reserved 1157120K
  class space    used 15309K, capacity 16724K, committed 17696K, reserved 1048576K
}
Event: 202.413 GC heap before
{Heap before GC invocations=74 (full 0):
 garbage-first heap   total 174080K, used 143696K [0x0000000080000000, 0x0000000100000000)
  region size 1024K, 19 young (19456K), 1 survivors (1024K)
 Metaspace       used 120776K, capacity 124442K, committed 126672K, reserved 1159168K
  class space    used 15558K, capacity 17005K, committed 17952K, reserved 1048576K
}
Event: 202.421 GC heap after
{Heap after GC invocations=75 (full 0):
 garbage-first heap   total 235520K, used 134240K [0x0000000080000000, 0x0000000100000000)
  region size 1024K, 3 young (3072K), 3 survivors (3072K)
 Metaspace       used 120776K, capacity 124442K, committed 126672K, reserved 1159168K
  class space    used 15558K, capacity 17005K, committed 17952K, reserved 1048576K
}
Event: 202.574 GC heap before
{Heap before GC invocations=75 (full 0):
 garbage-first heap   total 235520K, used 170080K [0x0000000080000000, 0x0000000100000000)
  region size 1024K, 39 young (39936K), 3 survivors (3072K)
 Metaspace       used 120840K, capacity 124513K, committed 126928K, reserved 1159168K
  class space    used 15558K, capacity 17005K, committed 17952K, reserved 1048576K
}
Event: 202.590 GC heap after
{Heap after GC invocations=76 (full 0):
 garbage-first heap   total 235520K, used 154178K [0x0000000080000000, 0x0000000100000000)
  region size 1024K, 5 young (5120K), 5 survivors (5120K)
 Metaspace       used 120840K, capacity 124513K, committed 126928K, reserved 1159168K
  class space    used 15558K, capacity 17005K, committed 17952K, reserved 1048576K
}
Event: 202.752 GC heap before
{Heap before GC invocations=76 (full 0):
 garbage-first heap   total 235520K, used 179778K [0x0000000080000000, 0x0000000100000000)
  region size 1024K, 31 young (31744K), 5 survivors (5120K)
 Metaspace       used 121245K, capacity 124922K, committed 126928K, reserved 1159168K
  class space    used 15624K, capacity 17094K, committed 17952K, reserved 1048576K
}
Event: 202.762 GC heap after
{Heap after GC invocations=77 (full 0):
 garbage-first heap   total 235520K, used 159414K [0x0000000080000000, 0x0000000100000000)
  region size 1024K, 4 young (4096K), 4 survivors (4096K)
 Metaspace       used 121245K, capacity 124922K, committed 126928K, reserved 1159168K
  class space    used 15624K, capacity 17094K, committed 17952K, reserved 1048576K
}
Event: 202.875 GC heap before
{Heap before GC invocations=77 (full 0):
 garbage-first heap   total 235520K, used 185014K [0x0000000080000000, 0x0000000100000000)
  region size 1024K, 30 young (30720K), 4 survivors (4096K)
 Metaspace       used 121410K, capacity 125113K, committed 127184K, reserved 1159168K
  class space    used 15633K, capacity 17108K, committed 17952K, reserved 1048576K
}
Event: 202.880 GC heap after
{Heap after GC invocations=78 (full 0):
 garbage-first heap   total 235520K, used 162361K [0x0000000080000000, 0x0000000100000000)
  region size 1024K, 3 young (3072K), 3 survivors (3072K)
 Metaspace       used 121410K, capacity 125113K, committed 127184K, reserved 1159168K
  class space    used 15633K, capacity 17108K, committed 17952K, reserved 1048576K
}
Event: 203.029 GC heap before
{Heap before GC invocations=78 (full 0):
 garbage-first heap   total 235520K, used 193081K [0x0000000080000000, 0x0000000100000000)
  region size 1024K, 29 young (29696K), 3 survivors (3072K)
 Metaspace       used 121456K, capacity 125245K, committed 127184K, reserved 1159168K
  class space    used 15633K, capacity 17108K, committed 17952K, reserved 1048576K
}

Deoptimization events (20 events):
Event: 202.788 Thread 0x0000027d568ed800 DEOPT PACKING pc=0x0000027d3c16c94c sp=0x000000e2e27fecf0
Event: 202.788 Thread 0x0000027d568ed800 DEOPT UNPACKING pc=0x0000027d397fa95e sp=0x000000e2e27fe1a8 mode 0
Event: 202.789 Thread 0x0000027d568ed800 DEOPT PACKING pc=0x0000027d3c1b9481 sp=0x000000e2e27fe9e0
Event: 202.789 Thread 0x0000027d568ed800 DEOPT UNPACKING pc=0x0000027d397fa95e sp=0x000000e2e27fdea8 mode 0
Event: 202.789 Thread 0x0000027d545ec800 DEOPT PACKING pc=0x0000027d3c1b9481 sp=0x000000e2e21fe870
Event: 202.789 Thread 0x0000027d545ec800 DEOPT UNPACKING pc=0x0000027d397fa95e sp=0x000000e2e21fdd38 mode 0
Event: 203.011 Thread 0x0000027d545ec000 DEOPT PACKING pc=0x0000027d3c204c81 sp=0x000000e2e1dfd5f0
Event: 203.011 Thread 0x0000027d545ec000 DEOPT UNPACKING pc=0x0000027d397fa95e sp=0x000000e2e1dfcac8 mode 0
Event: 203.013 Thread 0x0000027d545ec000 DEOPT PACKING pc=0x0000027d39e08788 sp=0x000000e2e1dfd530
Event: 203.013 Thread 0x0000027d545ec000 DEOPT UNPACKING pc=0x0000027d397fa95e sp=0x000000e2e1dfca50 mode 0
Event: 203.013 Thread 0x0000027d545ec000 DEOPT PACKING pc=0x0000027d39e08788 sp=0x000000e2e1dfd530
Event: 203.013 Thread 0x0000027d545ec000 DEOPT UNPACKING pc=0x0000027d397fa95e sp=0x000000e2e1dfca50 mode 0
Event: 203.013 Thread 0x0000027d545ec000 DEOPT PACKING pc=0x0000027d39e08788 sp=0x000000e2e1dfd530
Event: 203.013 Thread 0x0000027d545ec000 DEOPT UNPACKING pc=0x0000027d397fa95e sp=0x000000e2e1dfca50 mode 0
Event: 203.014 Thread 0x0000027d545ec000 DEOPT PACKING pc=0x0000027d39e08788 sp=0x000000e2e1dfd530
Event: 203.014 Thread 0x0000027d545ec000 DEOPT UNPACKING pc=0x0000027d397fa95e sp=0x000000e2e1dfca50 mode 0
Event: 203.014 Thread 0x0000027d545ec000 DEOPT PACKING pc=0x0000027d39e08788 sp=0x000000e2e1dfd4d0
Event: 203.014 Thread 0x0000027d545ec000 DEOPT UNPACKING pc=0x0000027d397fa95e sp=0x000000e2e1dfc9f0 mode 0
Event: 203.014 Thread 0x0000027d545ec000 DEOPT PACKING pc=0x0000027d39e08788 sp=0x000000e2e1dfd560
Event: 203.014 Thread 0x0000027d545ec000 DEOPT UNPACKING pc=0x0000027d397fa95e sp=0x000000e2e1dfca70 mode 0

Classes redefined (0 events):
No events

Internal exceptions (20 events):
Event: 201.182 Thread 0x0000027d545eb000 Exception <a 'java/lang/IncompatibleClassChangeError'{0x000000008a346680}: Found class java.lang.Object, but interface was expected> (0x000000008a346680) thrown at [src/hotspot/share/interpreter/linkResolver.cpp, line 839]
Event: 201.274 Thread 0x0000027d52702800 Exception <a 'java/lang/NoSuchMethodError'{0x000000008a045a00}: 'void java.lang.invoke.DirectMethodHandle$Holder.invokeSpecial(java.lang.Object, java.lang.Object, int, java.lang.Object)'> (0x000000008a045a00) thrown at [src/hotspot/share/interpreter/linkResolver.cpp, line 773]
Event: 201.274 Thread 0x0000027d545e6000 Exception <a 'java/lang/NoSuchMethodError'{0x000000008a0b8de8}: 'void java.lang.invoke.DirectMethodHandle$Holder.invokeSpecial(java.lang.Object, java.lang.Object, int, java.lang.Object)'> (0x000000008a0b8de8) thrown at [src/hotspot/share/interpreter/linkResolver.cpp, line 773]
Event: 201.274 Thread 0x0000027d52708800 Exception <a 'java/lang/NoSuchMethodError'{0x000000008a1c4f10}: 'void java.lang.invoke.DirectMethodHandle$Holder.invokeSpecial(java.lang.Object, java.lang.Object, int, java.lang.Object)'> (0x000000008a1c4f10) thrown at [src/hotspot/share/interpreter/linkResolver.cpp, line 773]
Event: 201.274 Thread 0x0000027d545eb000 Exception <a 'java/lang/NoSuchMethodError'{0x000000008a19cd98}: 'void java.lang.invoke.DirectMethodHandle$Holder.invokeSpecial(java.lang.Object, java.lang.Object, int, java.lang.Object)'> (0x000000008a19cd98) thrown at [src/hotspot/share/interpreter/linkResolver.cpp, line 773]
Event: 201.321 Thread 0x0000027d545e6000 Exception <a 'java/lang/NoSuchMethodError'{0x0000000089c43fe8}: 'int java.lang.invoke.DirectMethodHandle$Holder.invokeSpecial(java.lang.Object, java.lang.Object, java.lang.Object, int, java.lang.Object)'> (0x0000000089c43fe8) thrown at [src/hotspot/share/interpreter/linkResolver.cpp, line 773]
Event: 201.321 Thread 0x0000027d52708800 Exception <a 'java/lang/NoSuchMethodError'{0x0000000089c39078}: 'int java.lang.invoke.DirectMethodHandle$Holder.invokeSpecial(java.lang.Object, java.lang.Object, java.lang.Object, int, java.lang.Object)'> (0x0000000089c39078) thrown at [src/hotspot/share/interpreter/linkResolver.cpp, line 773]
Event: 201.321 Thread 0x0000027d52702800 Exception <a 'java/lang/NoSuchMethodError'{0x0000000089c4f6f0}: 'int java.lang.invoke.DirectMethodHandle$Holder.invokeSpecial(java.lang.Object, java.lang.Object, java.lang.Object, int, java.lang.Object)'> (0x0000000089c4f6f0) thrown at [src/hotspot/share/interpreter/linkResolver.cpp, line 773]
Event: 201.321 Thread 0x0000027d545eb000 Exception <a 'java/lang/NoSuchMethodError'{0x0000000089c66fe8}: 'int java.lang.invoke.DirectMethodHandle$Holder.invokeSpecial(java.lang.Object, java.lang.Object, java.lang.Object, int, java.lang.Object)'> (0x0000000089c66fe8) thrown at [src/hotspot/share/interpreter/linkResolver.cpp, line 773]
Event: 201.375 Thread 0x0000027d52702800 Exception <a 'java/lang/NoSuchMethodError'{0x000000008a2459c8}: 'int java.lang.invoke.DirectMethodHandle$Holder.invokeStatic(java.lang.Object, java.lang.Object, int, java.lang.Object)'> (0x000000008a2459c8) thrown at [src/hotspot/share/interpreter/linkResolver.cpp, line 773]
Event: 201.441 Thread 0x0000027d52702800 Exception <a 'java/lang/NoSuchMethodError'{0x000000008a3603d8}: 'java.lang.Object java.lang.invoke.Invokers$Holder.linkToTargetMethod(java.lang.Object, int, java.lang.Object, java.lang.Object, java.lang.Object, java.lang.Object)'> (0x000000008a3603d8) thrown at [src/hotspot/share/interpreter/linkResolver.cpp, line 773]
Event: 201.441 Thread 0x0000027d52708800 Exception <a 'java/lang/NoSuchMethodError'{0x000000008a36d210}: 'java.lang.Object java.lang.invoke.Invokers$Holder.linkToTargetMethod(java.lang.Object, int, java.lang.Object, java.lang.Object, java.lang.Object, java.lang.Object)'> (0x000000008a36d210) thrown at [src/hotspot/share/interpreter/linkResolver.cpp, line 773]
Event: 201.444 Thread 0x0000027d52708800 Exception <a 'java/lang/NoSuchMethodError'{0x000000008a3b0200}: 'void java.lang.invoke.DirectMethodHandle$Holder.invokeStatic(java.lang.Object, java.lang.Object, java.lang.Object, java.lang.Object, java.lang.Object, java.lang.Object, java.lang.Object, java.lang.Object)'> (0x000000008a3b0200) thrown at [src/hotspot/share/interpreter/linkResolver.cpp, line 773]
Event: 201.444 Thread 0x0000027d52702800 Exception <a 'java/lang/NoSuchMethodError'{0x000000008a3a7220}: 'void java.lang.invoke.DirectMethodHandle$Holder.invokeStatic(java.lang.Object, java.lang.Object, java.lang.Object, java.lang.Object, java.lang.Object, java.lang.Object, java.lang.Object, java.lang.Object)'> (0x000000008a3a7220) thrown at [src/hotspot/share/interpreter/linkResolver.cpp, line 773]
Event: 201.507 Thread 0x0000027d52708800 Exception <a 'java/lang/IncompatibleClassChangeError'{0x0000000089cd7ef8}: Found class java.lang.Object, but interface was expected> (0x0000000089cd7ef8) thrown at [src/hotspot/share/interpreter/linkResolver.cpp, line 839]
Event: 201.560 Thread 0x0000027d545ea800 Exception <a 'java/lang/NoSuchMethodError'{0x000000008a0b2398}: 'void java.lang.invoke.DirectMethodHandle$Holder.invokeSpecial(java.lang.Object, java.lang.Object, int)'> (0x000000008a0b2398) thrown at [src/hotspot/share/interpreter/linkResolver.cpp, line 773]
Event: 201.560 Thread 0x0000027d52708800 Exception <a 'java/lang/NoSuchMethodError'{0x000000008a0c87c0}: 'void java.lang.invoke.DirectMethodHandle$Holder.invokeSpecial(java.lang.Object, java.lang.Object, int)'> (0x000000008a0c87c0) thrown at [src/hotspot/share/interpreter/linkResolver.cpp, line 773]
Event: 201.595 Thread 0x0000027d52702800 Exception <a 'sun/nio/fs/WindowsException'{0x0000000089c1c4d0}> (0x0000000089c1c4d0) thrown at [src/hotspot/share/prims/jni.cpp, line 617]
Event: 202.060 Thread 0x0000027d545ec000 Exception <a 'sun/nio/fs/WindowsException'{0x000000008a4fdaf8}> (0x000000008a4fdaf8) thrown at [src/hotspot/share/prims/jni.cpp, line 617]
Event: 202.694 Thread 0x0000027d545ec000 Exception <a 'java/lang/IncompatibleClassChangeError'{0x000000008daed710}: Found class java.lang.Object, but interface was expected> (0x000000008daed710) thrown at [src/hotspot/share/interpreter/linkResolver.cpp, line 839]

Events (20 events):
Event: 202.810 loading class com/android/tools/r8/graph/l2 done
Event: 202.810 loading class com/android/tools/r8/graph/q2
Event: 202.810 loading class com/android/tools/r8/graph/q2 done
Event: 202.811 loading class com/android/tools/r8/graph/i2
Event: 202.811 loading class com/android/tools/r8/graph/i2 done
Event: 202.811 loading class com/android/tools/r8/graph/k2
Event: 202.811 loading class com/android/tools/r8/graph/k2 done
Event: 202.811 loading class com/android/tools/r8/graph/q2
Event: 202.811 loading class com/android/tools/r8/graph/q2 done
Event: 202.811 loading class com/android/tools/r8/graph/f1
Event: 202.811 loading class com/android/tools/r8/graph/f1 done
Event: 202.811 loading class com/android/tools/r8/graph/f1
Event: 202.811 loading class com/android/tools/r8/graph/f1 done
Event: 202.811 loading class com/android/tools/r8/graph/o3
Event: 202.811 loading class com/android/tools/r8/graph/o3 done
Event: 202.811 loading class com/android/tools/r8/graph/o3
Event: 202.811 loading class com/android/tools/r8/graph/o3 done
Event: 202.875 Executing VM operation: G1CollectForAllocation
Event: 202.880 Executing VM operation: G1CollectForAllocation done
Event: 203.028 Executing VM operation: G1CollectForAllocation


Dynamic libraries:
0x00007ff69bd60000 - 0x00007ff69bd6a000 	G:\Android studio\jbr\bin\java.exe
0x00007ff843de0000 - 0x00007ff843fd0000 	C:\Windows\SYSTEM32\ntdll.dll
0x00007ff842470000 - 0x00007ff842522000 	C:\Windows\System32\KERNEL32.DLL
0x00007ff841be0000 - 0x00007ff841e85000 	C:\Windows\System32\KERNELBASE.dll
0x00007ff841760000 - 0x00007ff84185a000 	C:\Windows\System32\ucrtbase.dll
0x00007ff82e630000 - 0x00007ff82e647000 	G:\Android studio\jbr\bin\jli.dll
0x00007ff82d920000 - 0x00007ff82d93b000 	G:\Android studio\jbr\bin\VCRUNTIME140.dll
0x00007ff842ee0000 - 0x00007ff843074000 	C:\Windows\System32\USER32.dll
0x00007ff840dc0000 - 0x00007ff840de1000 	C:\Windows\System32\win32u.dll
0x00007ff8428c0000 - 0x00007ff8428e6000 	C:\Windows\System32\GDI32.dll
0x00007ff82f950000 - 0x00007ff82fbd4000 	C:\Windows\WinSxS\amd64_microsoft.windows.common-controls_6595b64144ccf1df_6.0.18362.1139_none_9e7bf2d3e4605ac6\COMCTL32.dll
0x00007ff840df0000 - 0x00007ff840f86000 	C:\Windows\System32\gdi32full.dll
0x00007ff842a90000 - 0x00007ff842b2e000 	C:\Windows\System32\msvcrt.dll
0x00007ff841b40000 - 0x00007ff841bde000 	C:\Windows\System32\msvcp_win.dll
0x00007ff842130000 - 0x00007ff842465000 	C:\Windows\System32\combase.dll
0x00007ff842dc0000 - 0x00007ff842ee0000 	C:\Windows\System32\RPCRT4.dll
0x00007ff8419b0000 - 0x00007ff841a30000 	C:\Windows\System32\bcryptPrimitives.dll
0x00007ff842540000 - 0x00007ff84256e000 	C:\Windows\System32\IMM32.DLL
0x0000000067f30000 - 0x0000000067f3c000 	C:\Program Files (x86)\360\360Safe\safemon\SafeWrapper.dll
0x00007ff842d10000 - 0x00007ff842db3000 	C:\Windows\System32\ADVAPI32.dll
0x00007ff843c90000 - 0x00007ff843d27000 	C:\Windows\System32\sechost.dll
0x00007ff831fa0000 - 0x00007ff832036000 	C:\Program Files (x86)\360\360Safe\safemon\libzdtp64.dll
0x00007ff843080000 - 0x00007ff843767000 	C:\Windows\System32\SHELL32.dll
0x00007ff840d70000 - 0x00007ff840dba000 	C:\Windows\System32\cfgmgr32.dll
0x00007ff8425e0000 - 0x00007ff842689000 	C:\Windows\System32\shcore.dll
0x00007ff840fe0000 - 0x00007ff841760000 	C:\Windows\System32\windows.storage.dll
0x00007ff840cd0000 - 0x00007ff840cf3000 	C:\Windows\System32\profapi.dll
0x00007ff840d20000 - 0x00007ff840d6a000 	C:\Windows\System32\powrprof.dll
0x00007ff840ca0000 - 0x00007ff840cb0000 	C:\Windows\System32\UMPDC.dll
0x00007ff842860000 - 0x00007ff8428b2000 	C:\Windows\System32\shlwapi.dll
0x00007ff840cb0000 - 0x00007ff840cc1000 	C:\Windows\System32\kernel.appcore.dll
0x00007ff840fc0000 - 0x00007ff840fd7000 	C:\Windows\System32\cryptsp.dll
0x00007ff840820000 - 0x00007ff84082a000 	C:\Windows\SYSTEM32\VERSION.dll
0x00007ff818e10000 - 0x00007ff818e9d000 	G:\Android studio\jbr\bin\msvcp140.dll
0x00007ff83eda0000 - 0x00007ff83edab000 	C:\Windows\SYSTEM32\VCRUNTIME140_1.dll
0x00007ff809040000 - 0x00007ff809bfc000 	G:\Android studio\jbr\bin\server\jvm.dll
0x00007ff842570000 - 0x00007ff842578000 	C:\Windows\System32\PSAPI.DLL
0x00007ff83edb0000 - 0x00007ff83edb9000 	C:\Windows\SYSTEM32\WSOCK32.dll
0x00007ff83ec30000 - 0x00007ff83ec54000 	C:\Windows\SYSTEM32\WINMM.dll
0x00007ff843d30000 - 0x00007ff843d9f000 	C:\Windows\System32\WS2_32.dll
0x00007ff83ec00000 - 0x00007ff83ec2d000 	C:\Windows\SYSTEM32\WINMMBASE.dll
0x00007ff839f40000 - 0x00007ff839f50000 	G:\Android studio\jbr\bin\verify.dll
0x00007ff812200000 - 0x00007ff8123f4000 	C:\Windows\SYSTEM32\DBGHELP.DLL
0x00007ff82f2c0000 - 0x00007ff82f2ea000 	C:\Windows\SYSTEM32\dbgcore.DLL
0x00007ff82f290000 - 0x00007ff82f2b8000 	G:\Android studio\jbr\bin\java.dll
0x00007ff8307c0000 - 0x00007ff8307ca000 	G:\Android studio\jbr\bin\jimage.dll
0x00007ff82f530000 - 0x00007ff82f548000 	G:\Android studio\jbr\bin\zip.dll
0x00007ff83ee10000 - 0x00007ff83ee29000 	G:\Android studio\jbr\bin\net.dll
0x00007ff83c210000 - 0x00007ff83c300000 	C:\Windows\SYSTEM32\WINHTTP.dll
0x00007ff840420000 - 0x00007ff840487000 	C:\Windows\system32\mswsock.dll
0x00007ff839e80000 - 0x00007ff839e93000 	G:\Android studio\jbr\bin\nio.dll
0x00007ff832990000 - 0x00007ff8329b7000 	G:\AndroidStudioProjects\LaunchPro\.gradle\native\e1d6ef7f7dcc3fd88c89a11ec53ec762bb8ba0a96d01ffa2cd45eb1d1d8dd5c5\windows-amd64\native-platform.dll
0x00007ff818280000 - 0x00007ff8183c4000 	G:\AndroidStudioProjects\LaunchPro\.gradle\native\0d407fdbe67a94daf76414ababcb853783967236a71b16ec16e742cd7a986fd3\windows-amd64\native-platform-file-events.dll
0x00007ff839e70000 - 0x00007ff839e7a000 	G:\Android studio\jbr\bin\management.dll
0x00007ff839cc0000 - 0x00007ff839ccb000 	G:\Android studio\jbr\bin\management_ext.dll
0x00007ff83ff90000 - 0x00007ff83ffc3000 	C:\Windows\system32\rsaenh.dll
0x00007ff840f90000 - 0x00007ff840fb6000 	C:\Windows\System32\bcrypt.dll
0x00007ff840b80000 - 0x00007ff840ba5000 	C:\Windows\SYSTEM32\USERENV.dll
0x00007ff8405f0000 - 0x00007ff8405fc000 	C:\Windows\SYSTEM32\CRYPTBASE.dll
0x00007ff840130000 - 0x00007ff84016a000 	C:\Windows\SYSTEM32\IPHLPAPI.DLL
0x00007ff842530000 - 0x00007ff842538000 	C:\Windows\System32\NSI.dll
0x00007ff83b7f0000 - 0x00007ff83b806000 	C:\Windows\SYSTEM32\dhcpcsvc6.DLL
0x00007ff83b560000 - 0x00007ff83b57c000 	C:\Windows\SYSTEM32\dhcpcsvc.DLL
0x00007ff840170000 - 0x00007ff84023b000 	C:\Windows\SYSTEM32\DNSAPI.dll
0x00007ff83fc70000 - 0x00007ff83fca1000 	C:\Windows\SYSTEM32\ntmarta.dll

dbghelp: loaded successfully - version: 4.0.5 - missing functions: none
symbol engine: initialized successfully - sym options: 0x614 - pdb path: .;G:\Android studio\jbr\bin;C:\Windows\SYSTEM32;C:\Windows\WinSxS\amd64_microsoft.windows.common-controls_6595b64144ccf1df_6.0.18362.1139_none_9e7bf2d3e4605ac6;C:\Program Files (x86)\360\360Safe\safemon;G:\Android studio\jbr\bin\server;G:\AndroidStudioProjects\LaunchPro\.gradle\native\e1d6ef7f7dcc3fd88c89a11ec53ec762bb8ba0a96d01ffa2cd45eb1d1d8dd5c5\windows-amd64;G:\AndroidStudioProjects\LaunchPro\.gradle\native\0d407fdbe67a94daf76414ababcb853783967236a71b16ec16e742cd7a986fd3\windows-amd64

VM Arguments:
jvm_args: --add-opens=java.base/java.util=ALL-UNNAMED --add-opens=java.base/java.lang=ALL-UNNAMED --add-opens=java.base/java.lang.invoke=ALL-UNNAMED --add-opens=java.base/java.util=ALL-UNNAMED --add-opens=java.prefs/java.util.prefs=ALL-UNNAMED --add-opens=java.prefs/java.util.prefs=ALL-UNNAMED --add-opens=java.base/java.nio.charset=ALL-UNNAMED --add-opens=java.base/java.net=ALL-UNNAMED --add-opens=java.base/java.util.concurrent.atomic=ALL-UNNAMED -Xmx2048m -Dfile.encoding=UTF-8 -Duser.country=CN -Duser.language=zh -Duser.variant 
java_command: org.gradle.launcher.daemon.bootstrap.GradleDaemon 7.5
java_class_path (initial): G:\AndroidStudioProjects\LaunchPro\.gradle\wrapper\dists\gradle-7.5-bin\f1w0cc9nuo0eivz97x2xlu9sv\gradle-7.5\lib\gradle-launcher-7.5.jar
Launcher Type: SUN_STANDARD

[Global flags]
     intx CICompilerCount                          = 4                                         {product} {ergonomic}
     uint ConcGCThreads                            = 2                                         {product} {ergonomic}
     uint G1ConcRefinementThreads                  = 8                                         {product} {ergonomic}
   size_t G1HeapRegionSize                         = 1048576                                   {product} {ergonomic}
    uintx GCDrainStackTargetSize                   = 64                                        {product} {ergonomic}
   size_t InitialHeapSize                          = 132120576                                 {product} {ergonomic}
   size_t MarkStackSize                            = 4194304                                   {product} {ergonomic}
   size_t MaxHeapSize                              = 2147483648                                {product} {command line}
   size_t MaxNewSize                               = 1287651328                                {product} {ergonomic}
   size_t MinHeapDeltaBytes                        = 1048576                                   {product} {ergonomic}
    uintx NonNMethodCodeHeapSize                   = 5836300                                {pd product} {ergonomic}
    uintx NonProfiledCodeHeapSize                  = 122910970                              {pd product} {ergonomic}
    uintx ProfiledCodeHeapSize                     = 122910970                              {pd product} {ergonomic}
    uintx ReservedCodeCacheSize                    = 251658240                              {pd product} {ergonomic}
     bool SegmentedCodeCache                       = true                                      {product} {ergonomic}
     bool UseCompressedClassPointers               = true                                 {lp64_product} {ergonomic}
     bool UseCompressedOops                        = true                                 {lp64_product} {ergonomic}
     bool UseG1GC                                  = true                                      {product} {ergonomic}
     bool UseLargePagesIndividualAllocation        = false                                  {pd product} {ergonomic}

Logging:
Log output configuration:
 #0: stdout all=warning uptime,level,tags
 #1: stderr all=off uptime,level,tags

Environment Variables:
PATH=C:\Program Files (x86)\Common Files\Oracle\Java\javapath;C:\Windows\system32;C:\Windows;C:\Windows\System32\Wbem;C:\Windows\System32\WindowsPowerShell\v1.0\;C:\Windows\System32\OpenSSH\;G:\;G:\sdk\platform-tools;C:\Users\Administrator\AppData\Local\Microsoft\WindowsApps;
USERNAME=Administrator
OS=Windows_NT
PROCESSOR_IDENTIFIER=Intel64 Family 6 Model 165 Stepping 3, GenuineIntel



---------------  S Y S T E M  ---------------

OS: Windows 10 , 64 bit Build 18362 (10.0.18362.1110)
OS uptime: 7 days 23:17 hours

CPU:total 8 (initial active 8) (4 cores per cpu, 2 threads per core) family 6 model 165 stepping 3 microcode 0xe0, cmov, cx8, fxsr, mmx, sse, sse2, sse3, ssse3, sse4.1, sse4.2, popcnt, avx, avx2, aes, clmul, erms, 3dnowpref, lzcnt, ht, tsc, tscinvbit, bmi1, bmi2, adx, fma

Memory: 4k page, system-wide physical 8037M (419M free)
TotalPageFile size 23801M (AvailPageFile size 133M)
current process WorkingSet (physical memory assigned to process): 508M, peak: 510M
current process commit charge ("private bytes"): 631M, peak: 796M

vm_info: OpenJDK 64-Bit Server VM (11.0.15+0-b2043.56-8887301) for windows-amd64 JRE (11.0.15+0-b2043.56-8887301), built on Jul 29 2022 23:19:47 by "builduser" with unknown MS VC++:1929

END.
