#
# There is insufficient memory for the Java Runtime Environment to continue.
# Native memory allocation (mmap) failed to map 306184192 bytes for Failed to commit area from 0x000000008c400000 to 0x000000009e800000 of length 306184192.
# Possible reasons:
#   The system is out of physical RAM or swap space
#   The process is running with CompressedOops enabled, and the Java Heap may be blocking the growth of the native heap
# Possible solutions:
#   Reduce memory load on the system
#   Increase physical memory or swap space
#   Check if swap backing store is full
#   Decrease Java heap size (-Xmx/-Xms)
#   Decrease number of Java threads
#   Decrease Java thread stack sizes (-Xss)
#   Set larger code cache with -XX:ReservedCodeCacheSize=
#   JVM is running with Unscaled Compressed Oops mode in which the Java heap is
#     placed in the first 4GB address space. The Java Heap base address is the
#     maximum limit for the native heap growth. Please use -XX:HeapBaseMinAddress
#     to set the Java Heap base and to place the Java Heap above 4GB virtual address.
# This output file may be truncated or incomplete.
#
#  Out of Memory Error (src/hotspot/os/windows/os_windows.cpp:3627), pid=4788, tid=13140
#
# JRE version: OpenJDK Runtime Environment (11.0.15) (build 11.0.15+0-b2043.56-8887301)
# Java VM: OpenJDK 64-Bit Server VM (11.0.15+0-b2043.56-8887301, mixed mode, tiered, compressed oops, g1 gc, windows-amd64)
# No core dump will be written. Minidumps are not enabled by default on client versions of Windows
#

---------------  S U M M A R Y ------------

Command Line: --add-opens=java.base/java.util=ALL-UNNAMED --add-opens=java.base/java.lang=ALL-UNNAMED --add-opens=java.base/java.lang.invoke=ALL-UNNAMED --add-opens=java.base/java.util=ALL-UNNAMED --add-opens=java.prefs/java.util.prefs=ALL-UNNAMED --add-opens=java.prefs/java.util.prefs=ALL-UNNAMED --add-opens=java.base/java.nio.charset=ALL-UNNAMED --add-opens=java.base/java.net=ALL-UNNAMED --add-opens=java.base/java.util.concurrent.atomic=ALL-UNNAMED -Xmx2048m -Dfile.encoding=UTF-8 -Duser.country=CN -Duser.language=zh -Duser.variant org.gradle.launcher.daemon.bootstrap.GradleDaemon 7.5

Host: Intel(R) Core(TM) i3-10100 CPU @ 3.60GHz, 8 cores, 7G,  Windows 10 , 64 bit Build 18362 (10.0.18362.1110)
Time: Tue Apr 11 10:15:04 2023 中国标准时间 elapsed time: 25.381991 seconds (0d 0h 0m 25s)

---------------  T H R E A D  ---------------

Current thread (0x00000234260f9000):  VMThread "VM Thread" [stack: 0x000000e4cbf00000,0x000000e4cc000000] [id=13140]

Stack: [0x000000e4cbf00000,0x000000e4cc000000]
[error occurred during error reporting (printing stack bounds), id 0xc0000005, EXCEPTION_ACCESS_VIOLATION (0xc0000005) at pc=0x000002340ef8112d]

Native frames: (J=compiled Java code, j=interpreted, Vv=VM code, C=native code)
V  [jvm.dll+0x64135a]
V  [jvm.dll+0x7d39f9]
V  [jvm.dll+0x7d51b9]
V  [jvm.dll+0x7d5805]
V  [jvm.dll+0x7d57bb]
V  [jvm.dll+0x640655]
V  [jvm.dll+0x640d68]
C  [ntdll.dll+0xa121f]
C  [ntdll.dll+0x6a259]
C  [ntdll.dll+0x9fe8e]
C  0x000002340ef8112d

VM_Operation (0x000000e4d50fbe60): G1CollectForAllocation, mode: safepoint, requested by thread 0x000002342a7c7800


---------------  P R O C E S S  ---------------

Threads class SMR info:
_java_thread_list=0x000002342fdc2650, length=149, elements={
0x000002340b0b9800, 0x00000234260fb800, 0x00000234260fc800, 0x0000023426990000,
0x0000023426991000, 0x0000023426992800, 0x0000023426997800, 0x000002342699b000,
0x00000234269a4000, 0x0000023426b3b000, 0x00000234282b5800, 0x0000023426b86800,
0x0000023426c7e000, 0x0000023428a33000, 0x0000023428351800, 0x0000023428aaa800,
0x000002342927c800, 0x000002342926c800, 0x0000023429270800, 0x0000023429272000,
0x0000023429273000, 0x000002342926e800, 0x000002342926d000, 0x0000023429271000,
0x000002342926f800, 0x000002342926e000, 0x000002342a76f000, 0x000002342a76a000,
0x000002342a769000, 0x000002342a76b800, 0x000002342a76d800, 0x000002342a76c800,
0x000002342a76e000, 0x000002342a772000, 0x000002342a774000, 0x000002342a774800,
0x000002342a777000, 0x000002342a775800, 0x000002342a773000, 0x000002342a771800,
0x000002342a778000, 0x0000023429c02000, 0x0000023429c00800, 0x0000023429bfd800,
0x0000023429c01800, 0x0000023429c03000, 0x0000023429c04000, 0x0000023429bfe000,
0x0000023429c04800, 0x0000023429bff000, 0x0000023429c05800, 0x0000023429bff800,
0x0000023429c07000, 0x0000023429c08800, 0x0000023429c06800, 0x0000023429c0b000,
0x0000023429c08000, 0x0000023429c09800, 0x0000023429c0c000, 0x0000023429c0a800,
0x000002342ba24800, 0x000002342ba26000, 0x000002342ba20000, 0x000002342ba23800,
0x000002342ba21000, 0x000002342ba22000, 0x000002342ba25000, 0x000002342ba26800,
0x000002342ba22800, 0x000002342a06b000, 0x000002342a067800, 0x000002342a06b800,
0x000002342a068800, 0x000002342a06a000, 0x000002342a06c800, 0x000002342a06d800,
0x000002342a06e000, 0x000002342a069000, 0x000002342a6e2000, 0x000002342a6e1000,
0x000002342a6e3000, 0x000002342a6e3800, 0x000002342a6e8800, 0x000002342a6ea000,
0x000002342a6e9800, 0x000002342a6e7800, 0x000002342a6e4800, 0x000002342a6eb000,
0x000002342a6e5800, 0x000002342a6ec000, 0x000002342a6e6000, 0x000002342a6ec800,
0x000002342a6e7000, 0x000002342a6ee000, 0x000002342a6ed800, 0x000002342a6ef000,
0x000002342a6f0000, 0x0000023427486000, 0x000002342748a000, 0x0000023427487000,
0x0000023427489800, 0x0000023427488000, 0x0000023427488800, 0x0000023427484800,
0x000002342748b000, 0x0000023427485800, 0x000002342748c800, 0x0000023427491800,
0x000002342748e800, 0x000002342748f000, 0x0000023427490000, 0x0000023427490800,
0x000002342748d800, 0x000002342748c000, 0x0000023427492800, 0x0000023427493000,
0x000002342ce13000, 0x000002342ce13800, 0x000002342ce15000, 0x000002342ce14800,
0x000002342ce16000, 0x000002342ce10800, 0x000002342ce17000, 0x000002342ce1d800,
0x000002342ce17800, 0x000002342ce1a000, 0x000002342ce1c800, 0x000002342ce1b000,
0x000002342ce1e000, 0x000002342ce18800, 0x000002342ce1f000, 0x000002342ce19800,
0x000002342a7c6800, 0x000002342a7c3800, 0x000002342a7c7800, 0x000002342a7c2800,
0x000002342a7ca000, 0x000002342a7c6000, 0x000002342a7ca800, 0x000002342a7c5000,
0x000002342fce1800, 0x000002342a7cd000, 0x000002342a7cb800, 0x000002342a7cc800,
0x000002342a7ce000, 0x000002342a7c8800, 0x000002342a7cf000, 0x000002342a7c9000,
0x000002342a7cf800
}

Java Threads: ( => current thread )
  0x000002340b0b9800 JavaThread "main" [_thread_blocked, id=14724, stack(0x000000e4cb900000,0x000000e4cba00000)]
  0x00000234260fb800 JavaThread "Reference Handler" daemon [_thread_blocked, id=4128, stack(0x000000e4cc000000,0x000000e4cc100000)]
  0x00000234260fc800 JavaThread "Finalizer" daemon [_thread_blocked, id=7528, stack(0x000000e4cc100000,0x000000e4cc200000)]
  0x0000023426990000 JavaThread "Signal Dispatcher" daemon [_thread_blocked, id=6452, stack(0x000000e4cc200000,0x000000e4cc300000)]
  0x0000023426991000 JavaThread "Attach Listener" daemon [_thread_blocked, id=12236, stack(0x000000e4cc300000,0x000000e4cc400000)]
  0x0000023426992800 JavaThread "Service Thread" daemon [_thread_blocked, id=12344, stack(0x000000e4cc400000,0x000000e4cc500000)]
  0x0000023426997800 JavaThread "C2 CompilerThread0" daemon [_thread_blocked, id=11484, stack(0x000000e4cc500000,0x000000e4cc600000)]
  0x000002342699b000 JavaThread "C1 CompilerThread0" daemon [_thread_blocked, id=9816, stack(0x000000e4cc600000,0x000000e4cc700000)]
  0x00000234269a4000 JavaThread "Sweeper thread" daemon [_thread_blocked, id=16248, stack(0x000000e4cc700000,0x000000e4cc800000)]
  0x0000023426b3b000 JavaThread "Common-Cleaner" daemon [_thread_blocked, id=10816, stack(0x000000e4cc800000,0x000000e4cc900000)]
  0x00000234282b5800 JavaThread "Daemon health stats" [_thread_blocked, id=11100, stack(0x000000e4cce00000,0x000000e4ccf00000)]
  0x0000023426b86800 JavaThread "Incoming local TCP Connector on port 64053" [_thread_in_native, id=13092, stack(0x000000e4cca00000,0x000000e4ccb00000)]
  0x0000023426c7e000 JavaThread "Daemon periodic checks" [_thread_blocked, id=1488, stack(0x000000e4ccb00000,0x000000e4ccc00000)]
  0x0000023428a33000 JavaThread "Daemon" [_thread_blocked, id=7404, stack(0x000000e4ccf00000,0x000000e4cd000000)]
  0x0000023428351800 JavaThread "Handler for socket connection from /127.0.0.1:64053 to /127.0.0.1:64054" [_thread_in_native, id=8604, stack(0x000000e4cd000000,0x000000e4cd100000)]
  0x0000023428aaa800 JavaThread "Cancel handler" [_thread_blocked, id=11712, stack(0x000000e4cd100000,0x000000e4cd200000)]
  0x000002342927c800 JavaThread "Daemon worker" [_thread_blocked, id=7772, stack(0x000000e4cd200000,0x000000e4cd300000)]
  0x000002342926c800 JavaThread "Asynchronous log dispatcher for DefaultDaemonConnection: socket connection from /127.0.0.1:64053 to /127.0.0.1:64054" [_thread_blocked, id=10044, stack(0x000000e4cd300000,0x000000e4cd400000)]
  0x0000023429270800 JavaThread "Stdin handler" [_thread_blocked, id=4200, stack(0x000000e4cd400000,0x000000e4cd500000)]
  0x0000023429272000 JavaThread "Daemon client event forwarder" [_thread_blocked, id=15752, stack(0x000000e4cd500000,0x000000e4cd600000)]
  0x0000023429273000 JavaThread "Cache worker for journal cache (G:\AndroidStudioProjects\LaunchPro\.gradle\caches\journal-1)" [_thread_blocked, id=15652, stack(0x000000e4cdb00000,0x000000e4cdc00000)]
  0x000002342926e800 JavaThread "File lock request listener" [_thread_in_native, id=11076, stack(0x000000e4cdc00000,0x000000e4cdd00000)]
  0x000002342926d000 JavaThread "Cache worker for file hash cache (G:\AndroidStudioProjects\LaunchPro\.gradle\caches\7.5\fileHashes)" [_thread_blocked, id=10836, stack(0x000000e4cde00000,0x000000e4cdf00000)]
  0x0000023429271000 JavaThread "File watcher server" daemon [_thread_blocked, id=6088, stack(0x000000e4ce000000,0x000000e4ce100000)]
  0x000002342926f800 JavaThread "File watcher consumer" daemon [_thread_blocked, id=10088, stack(0x000000e4ce100000,0x000000e4ce200000)]
  0x000002342926e000 JavaThread "Cache worker for checksums cache (G:\AndroidStudioProjects\LaunchProject\.gradle\7.5\checksums)" [_thread_blocked, id=6796, stack(0x000000e4ce200000,0x000000e4ce300000)]
  0x000002342a76f000 JavaThread "Cache worker for cache directory md-rule (G:\AndroidStudioProjects\LaunchPro\.gradle\caches\7.5\md-rule)" [_thread_blocked, id=11932, stack(0x000000e4ce300000,0x000000e4ce400000)]
  0x000002342a76a000 JavaThread "Cache worker for file content cache (G:\AndroidStudioProjects\LaunchPro\.gradle\caches\7.5\fileContent)" [_thread_blocked, id=14660, stack(0x000000e4ce400000,0x000000e4ce500000)]
  0x000002342a769000 JavaThread "Cache worker for file hash cache (G:\AndroidStudioProjects\LaunchProject\.gradle\7.5\fileHashes)" [_thread_blocked, id=8272, stack(0x000000e4ce500000,0x000000e4ce600000)]
  0x000002342a76b800 JavaThread "Cache worker for cache directory md-supplier (G:\AndroidStudioProjects\LaunchPro\.gradle\caches\7.5\md-supplier)" [_thread_blocked, id=12128, stack(0x000000e4ce600000,0x000000e4ce700000)]
  0x000002342a76d800 JavaThread "Cache worker for execution history cache (G:\AndroidStudioProjects\LaunchPro\.gradle\caches\7.5\executionHistory)" [_thread_blocked, id=12748, stack(0x000000e4ce700000,0x000000e4ce800000)]
  0x000002342a76c800 JavaThread "jar transforms" [_thread_blocked, id=10780, stack(0x000000e4ce800000,0x000000e4ce900000)]
  0x000002342a76e000 JavaThread "jar transforms Thread 2" [_thread_blocked, id=16128, stack(0x000000e4ce900000,0x000000e4cea00000)]
  0x000002342a772000 JavaThread "jar transforms Thread 3" [_thread_blocked, id=15732, stack(0x000000e4cea00000,0x000000e4ceb00000)]
  0x000002342a774000 JavaThread "jar transforms Thread 4" [_thread_blocked, id=13276, stack(0x000000e4ceb00000,0x000000e4cec00000)]
  0x000002342a774800 JavaThread "Cache worker for dependencies-accessors (G:\AndroidStudioProjects\LaunchProject\.gradle\7.5\dependencies-accessors)" [_thread_blocked, id=10532, stack(0x000000e4cec00000,0x000000e4ced00000)]
  0x000002342a777000 JavaThread "jar transforms Thread 5" [_thread_blocked, id=13288, stack(0x000000e4ced00000,0x000000e4cee00000)]
  0x000002342a775800 JavaThread "Cache worker for Build Output Cleanup Cache (G:\AndroidStudioProjects\LaunchProject\.gradle\buildOutputCleanup)" [_thread_blocked, id=13528, stack(0x000000e4cee00000,0x000000e4cef00000)]
  0x000002342a773000 JavaThread "Unconstrained build operations" [_thread_blocked, id=10800, stack(0x000000e4cef00000,0x000000e4cf000000)]
  0x000002342a771800 JavaThread "Unconstrained build operations Thread 2" [_thread_blocked, id=11364, stack(0x000000e4cf000000,0x000000e4cf100000)]
  0x000002342a778000 JavaThread "Unconstrained build operations Thread 3" [_thread_blocked, id=7360, stack(0x000000e4cf100000,0x000000e4cf200000)]
  0x0000023429c02000 JavaThread "Unconstrained build operations Thread 4" [_thread_blocked, id=15484, stack(0x000000e4cf200000,0x000000e4cf300000)]
  0x0000023429c00800 JavaThread "Unconstrained build operations Thread 5" [_thread_blocked, id=12100, stack(0x000000e4cf300000,0x000000e4cf400000)]
  0x0000023429bfd800 JavaThread "Unconstrained build operations Thread 6" [_thread_blocked, id=7388, stack(0x000000e4cf400000,0x000000e4cf500000)]
  0x0000023429c01800 JavaThread "Unconstrained build operations Thread 7" [_thread_blocked, id=3708, stack(0x000000e4cf500000,0x000000e4cf600000)]
  0x0000023429c03000 JavaThread "Unconstrained build operations Thread 8" [_thread_blocked, id=724, stack(0x000000e4cf600000,0x000000e4cf700000)]
  0x0000023429c04000 JavaThread "Unconstrained build operations Thread 9" [_thread_blocked, id=11396, stack(0x000000e4cf700000,0x000000e4cf800000)]
  0x0000023429bfe000 JavaThread "Unconstrained build operations Thread 10" [_thread_blocked, id=10944, stack(0x000000e4cf800000,0x000000e4cf900000)]
  0x0000023429c04800 JavaThread "Unconstrained build operations Thread 11" [_thread_blocked, id=12296, stack(0x000000e4cf900000,0x000000e4cfa00000)]
  0x0000023429bff000 JavaThread "Unconstrained build operations Thread 12" [_thread_blocked, id=17156, stack(0x000000e4cfa00000,0x000000e4cfb00000)]
  0x0000023429c05800 JavaThread "Unconstrained build operations Thread 13" [_thread_blocked, id=13700, stack(0x000000e4cfb00000,0x000000e4cfc00000)]
  0x0000023429bff800 JavaThread "Unconstrained build operations Thread 14" [_thread_blocked, id=5788, stack(0x000000e4cfc00000,0x000000e4cfd00000)]
  0x0000023429c07000 JavaThread "Unconstrained build operations Thread 15" [_thread_blocked, id=11140, stack(0x000000e4cfd00000,0x000000e4cfe00000)]
  0x0000023429c08800 JavaThread "Unconstrained build operations Thread 16" [_thread_blocked, id=488, stack(0x000000e4cfe00000,0x000000e4cff00000)]
  0x0000023429c06800 JavaThread "Unconstrained build operations Thread 17" [_thread_blocked, id=15156, stack(0x000000e4cff00000,0x000000e4d0000000)]
  0x0000023429c0b000 JavaThread "Unconstrained build operations Thread 18" [_thread_blocked, id=16620, stack(0x000000e4d0000000,0x000000e4d0100000)]
  0x0000023429c08000 JavaThread "Unconstrained build operations Thread 19" [_thread_blocked, id=4508, stack(0x000000e4d0100000,0x000000e4d0200000)]
  0x0000023429c09800 JavaThread "Unconstrained build operations Thread 20" [_thread_blocked, id=14536, stack(0x000000e4d0200000,0x000000e4d0300000)]
  0x0000023429c0c000 JavaThread "Unconstrained build operations Thread 21" [_thread_blocked, id=12072, stack(0x000000e4d0300000,0x000000e4d0400000)]
  0x0000023429c0a800 JavaThread "Unconstrained build operations Thread 22" [_thread_blocked, id=7896, stack(0x000000e4d0400000,0x000000e4d0500000)]
  0x000002342ba24800 JavaThread "Unconstrained build operations Thread 23" [_thread_blocked, id=15660, stack(0x000000e4d0500000,0x000000e4d0600000)]
  0x000002342ba26000 JavaThread "Unconstrained build operations Thread 24" [_thread_blocked, id=15004, stack(0x000000e4d0600000,0x000000e4d0700000)]
  0x000002342ba20000 JavaThread "Unconstrained build operations Thread 25" [_thread_blocked, id=1068, stack(0x000000e4d0700000,0x000000e4d0800000)]
  0x000002342ba23800 JavaThread "Unconstrained build operations Thread 26" [_thread_blocked, id=8060, stack(0x000000e4d0800000,0x000000e4d0900000)]
  0x000002342ba21000 JavaThread "Unconstrained build operations Thread 27" [_thread_blocked, id=17020, stack(0x000000e4d0900000,0x000000e4d0a00000)]
  0x000002342ba22000 JavaThread "Unconstrained build operations Thread 28" [_thread_blocked, id=13116, stack(0x000000e4d0a00000,0x000000e4d0b00000)]
  0x000002342ba25000 JavaThread "Unconstrained build operations Thread 29" [_thread_blocked, id=17364, stack(0x000000e4d0b00000,0x000000e4d0c00000)]
  0x000002342ba26800 JavaThread "Unconstrained build operations Thread 30" [_thread_blocked, id=10748, stack(0x000000e4d0c00000,0x000000e4d0d00000)]
  0x000002342ba22800 JavaThread "Unconstrained build operations Thread 31" [_thread_blocked, id=7936, stack(0x000000e4d0d00000,0x000000e4d0e00000)]
  0x000002342a06b000 JavaThread "Unconstrained build operations Thread 32" [_thread_blocked, id=13664, stack(0x000000e4d0e00000,0x000000e4d0f00000)]
  0x000002342a067800 JavaThread "Unconstrained build operations Thread 33" [_thread_blocked, id=768, stack(0x000000e4d0f00000,0x000000e4d1000000)]
  0x000002342a06b800 JavaThread "Unconstrained build operations Thread 34" [_thread_blocked, id=9288, stack(0x000000e4d1000000,0x000000e4d1100000)]
  0x000002342a068800 JavaThread "Unconstrained build operations Thread 35" [_thread_blocked, id=11208, stack(0x000000e4d1100000,0x000000e4d1200000)]
  0x000002342a06a000 JavaThread "Unconstrained build operations Thread 36" [_thread_blocked, id=3096, stack(0x000000e4d1200000,0x000000e4d1300000)]
  0x000002342a06c800 JavaThread "Unconstrained build operations Thread 37" [_thread_blocked, id=6900, stack(0x000000e4d1300000,0x000000e4d1400000)]
  0x000002342a06d800 JavaThread "Unconstrained build operations Thread 38" [_thread_blocked, id=6152, stack(0x000000e4d1400000,0x000000e4d1500000)]
  0x000002342a06e000 JavaThread "Unconstrained build operations Thread 39" [_thread_blocked, id=16576, stack(0x000000e4d1500000,0x000000e4d1600000)]
  0x000002342a069000 JavaThread "Unconstrained build operations Thread 40" [_thread_blocked, id=2008, stack(0x000000e4d1600000,0x000000e4d1700000)]
  0x000002342a6e2000 JavaThread "Unconstrained build operations Thread 41" [_thread_blocked, id=1352, stack(0x000000e4d1700000,0x000000e4d1800000)]
  0x000002342a6e1000 JavaThread "Unconstrained build operations Thread 42" [_thread_blocked, id=16388, stack(0x000000e4d1800000,0x000000e4d1900000)]
  0x000002342a6e3000 JavaThread "Unconstrained build operations Thread 43" [_thread_blocked, id=10512, stack(0x000000e4d1900000,0x000000e4d1a00000)]
  0x000002342a6e3800 JavaThread "Unconstrained build operations Thread 44" [_thread_blocked, id=6484, stack(0x000000e4d1a00000,0x000000e4d1b00000)]
  0x000002342a6e8800 JavaThread "Unconstrained build operations Thread 45" [_thread_blocked, id=2124, stack(0x000000e4d1b00000,0x000000e4d1c00000)]
  0x000002342a6ea000 JavaThread "Unconstrained build operations Thread 46" [_thread_blocked, id=2404, stack(0x000000e4d1c00000,0x000000e4d1d00000)]
  0x000002342a6e9800 JavaThread "Unconstrained build operations Thread 47" [_thread_blocked, id=10072, stack(0x000000e4d1d00000,0x000000e4d1e00000)]
  0x000002342a6e7800 JavaThread "Unconstrained build operations Thread 48" [_thread_blocked, id=9876, stack(0x000000e4d1e00000,0x000000e4d1f00000)]
  0x000002342a6e4800 JavaThread "Unconstrained build operations Thread 49" [_thread_blocked, id=17388, stack(0x000000e4d1f00000,0x000000e4d2000000)]
  0x000002342a6eb000 JavaThread "Unconstrained build operations Thread 50" [_thread_blocked, id=13292, stack(0x000000e4d2000000,0x000000e4d2100000)]
  0x000002342a6e5800 JavaThread "Unconstrained build operations Thread 51" [_thread_blocked, id=15540, stack(0x000000e4d2100000,0x000000e4d2200000)]
  0x000002342a6ec000 JavaThread "Unconstrained build operations Thread 52" [_thread_blocked, id=17000, stack(0x000000e4d2200000,0x000000e4d2300000)]
  0x000002342a6e6000 JavaThread "Unconstrained build operations Thread 53" [_thread_blocked, id=10316, stack(0x000000e4d2300000,0x000000e4d2400000)]
  0x000002342a6ec800 JavaThread "Unconstrained build operations Thread 54" [_thread_blocked, id=13884, stack(0x000000e4d2400000,0x000000e4d2500000)]
  0x000002342a6e7000 JavaThread "Unconstrained build operations Thread 55" [_thread_blocked, id=16932, stack(0x000000e4d2500000,0x000000e4d2600000)]
  0x000002342a6ee000 JavaThread "Unconstrained build operations Thread 56" [_thread_blocked, id=17132, stack(0x000000e4d2600000,0x000000e4d2700000)]
  0x000002342a6ed800 JavaThread "Unconstrained build operations Thread 57" [_thread_blocked, id=16920, stack(0x000000e4d2700000,0x000000e4d2800000)]
  0x000002342a6ef000 JavaThread "Unconstrained build operations Thread 58" [_thread_blocked, id=10488, stack(0x000000e4d2800000,0x000000e4d2900000)]
  0x000002342a6f0000 JavaThread "Unconstrained build operations Thread 59" [_thread_blocked, id=16644, stack(0x000000e4d2900000,0x000000e4d2a00000)]
  0x0000023427486000 JavaThread "Unconstrained build operations Thread 60" [_thread_blocked, id=4492, stack(0x000000e4d2a00000,0x000000e4d2b00000)]
  0x000002342748a000 JavaThread "Unconstrained build operations Thread 61" [_thread_blocked, id=12412, stack(0x000000e4d2b00000,0x000000e4d2c00000)]
  0x0000023427487000 JavaThread "Unconstrained build operations Thread 62" [_thread_blocked, id=7288, stack(0x000000e4d2c00000,0x000000e4d2d00000)]
  0x0000023427489800 JavaThread "Unconstrained build operations Thread 63" [_thread_blocked, id=9276, stack(0x000000e4d2d00000,0x000000e4d2e00000)]
  0x0000023427488000 JavaThread "Unconstrained build operations Thread 64" [_thread_blocked, id=17148, stack(0x000000e4d2e00000,0x000000e4d2f00000)]
  0x0000023427488800 JavaThread "Unconstrained build operations Thread 65" [_thread_blocked, id=16808, stack(0x000000e4d2f00000,0x000000e4d3000000)]
  0x0000023427484800 JavaThread "Unconstrained build operations Thread 66" [_thread_blocked, id=11508, stack(0x000000e4d3000000,0x000000e4d3100000)]
  0x000002342748b000 JavaThread "Unconstrained build operations Thread 67" [_thread_blocked, id=3636, stack(0x000000e4d3100000,0x000000e4d3200000)]
  0x0000023427485800 JavaThread "Unconstrained build operations Thread 68" [_thread_blocked, id=17216, stack(0x000000e4d3200000,0x000000e4d3300000)]
  0x000002342748c800 JavaThread "Unconstrained build operations Thread 69" [_thread_blocked, id=4828, stack(0x000000e4d3300000,0x000000e4d3400000)]
  0x0000023427491800 JavaThread "Unconstrained build operations Thread 70" [_thread_blocked, id=13960, stack(0x000000e4d3400000,0x000000e4d3500000)]
  0x000002342748e800 JavaThread "Unconstrained build operations Thread 71" [_thread_blocked, id=10116, stack(0x000000e4d3500000,0x000000e4d3600000)]
  0x000002342748f000 JavaThread "Unconstrained build operations Thread 72" [_thread_blocked, id=17168, stack(0x000000e4d3600000,0x000000e4d3700000)]
  0x0000023427490000 JavaThread "Unconstrained build operations Thread 73" [_thread_blocked, id=12524, stack(0x000000e4d3700000,0x000000e4d3800000)]
  0x0000023427490800 JavaThread "Unconstrained build operations Thread 74" [_thread_blocked, id=15868, stack(0x000000e4d3800000,0x000000e4d3900000)]
  0x000002342748d800 JavaThread "Unconstrained build operations Thread 75" [_thread_blocked, id=1572, stack(0x000000e4d3900000,0x000000e4d3a00000)]
  0x000002342748c000 JavaThread "Unconstrained build operations Thread 76" [_thread_blocked, id=12244, stack(0x000000e4d3a00000,0x000000e4d3b00000)]
  0x0000023427492800 JavaThread "Unconstrained build operations Thread 77" [_thread_blocked, id=6724, stack(0x000000e4d3b00000,0x000000e4d3c00000)]
  0x0000023427493000 JavaThread "Unconstrained build operations Thread 78" [_thread_blocked, id=9492, stack(0x000000e4d3c00000,0x000000e4d3d00000)]
  0x000002342ce13000 JavaThread "Unconstrained build operations Thread 79" [_thread_blocked, id=13864, stack(0x000000e4d3d00000,0x000000e4d3e00000)]
  0x000002342ce13800 JavaThread "Unconstrained build operations Thread 80" [_thread_blocked, id=16560, stack(0x000000e4d3e00000,0x000000e4d3f00000)]
  0x000002342ce15000 JavaThread "jar transforms Thread 6" [_thread_blocked, id=12812, stack(0x000000e4d3f00000,0x000000e4d4000000)]
  0x000002342ce14800 JavaThread "jar transforms Thread 7" [_thread_blocked, id=6960, stack(0x000000e4d4000000,0x000000e4d4100000)]
  0x000002342ce16000 JavaThread "jar transforms Thread 8" [_thread_blocked, id=8856, stack(0x000000e4d4100000,0x000000e4d4200000)]
  0x000002342ce10800 JavaThread "build event listener" [_thread_blocked, id=1596, stack(0x000000e4d4200000,0x000000e4d4300000)]
  0x000002342ce17000 JavaThread "Memory manager" [_thread_blocked, id=3860, stack(0x000000e4d4300000,0x000000e4d4400000)]
  0x000002342ce1d800 JavaThread "included builds" [_thread_blocked, id=5832, stack(0x000000e4d4400000,0x000000e4d4500000)]
  0x000002342ce17800 JavaThread "Execution worker" [_thread_blocked, id=11200, stack(0x000000e4d4500000,0x000000e4d4600000)]
  0x000002342ce1a000 JavaThread "Execution worker Thread 2" [_thread_blocked, id=15740, stack(0x000000e4d4600000,0x000000e4d4700000)]
  0x000002342ce1c800 JavaThread "Execution worker Thread 3" [_thread_blocked, id=15576, stack(0x000000e4d4700000,0x000000e4d4800000)]
  0x000002342ce1b000 JavaThread "Execution worker Thread 4" [_thread_blocked, id=360, stack(0x000000e4d4800000,0x000000e4d4900000)]
  0x000002342ce1e000 JavaThread "Execution worker Thread 5" [_thread_blocked, id=12632, stack(0x000000e4d4900000,0x000000e4d4a00000)]
  0x000002342ce18800 JavaThread "Execution worker Thread 6" [_thread_blocked, id=15796, stack(0x000000e4d4a00000,0x000000e4d4b00000)]
  0x000002342ce1f000 JavaThread "Execution worker Thread 7" [_thread_blocked, id=16688, stack(0x000000e4d4b00000,0x000000e4d4c00000)]
  0x000002342ce19800 JavaThread "Cache worker for execution history cache (G:\AndroidStudioProjects\LaunchProject\.gradle\7.5\executionHistory)" [_thread_blocked, id=13384, stack(0x000000e4d4c00000,0x000000e4d4d00000)]
  0x000002342a7c6800 JavaThread "WorkerExecutor Queue" [_thread_blocked, id=6008, stack(0x000000e4d4e00000,0x000000e4d4f00000)]
  0x000002342a7c3800 JavaThread "WorkerExecutor Queue Thread 2" [_thread_blocked, id=15348, stack(0x000000e4d4f00000,0x000000e4d5000000)]
  0x000002342a7c7800 JavaThread "WorkerExecutor Queue Thread 3" [_thread_blocked, id=17272, stack(0x000000e4d5000000,0x000000e4d5100000)]
  0x000002342a7c2800 JavaThread "pool-3-thread-1" [_thread_blocked, id=7460, stack(0x000000e4d5100000,0x000000e4d5200000)]
  0x000002342a7ca000 JavaThread "stderr" [_thread_in_native, id=8980, stack(0x000000e4d5200000,0x000000e4d5300000)]
  0x000002342a7c6000 JavaThread "stdout" [_thread_in_native, id=11720, stack(0x000000e4d5300000,0x000000e4d5400000)]
  0x000002342a7ca800 JavaThread "WorkerExecutor Queue Thread 4" [_thread_blocked, id=10320, stack(0x000000e4d5400000,0x000000e4d5500000)]
  0x000002342a7c5000 JavaThread "WorkerExecutor Queue Thread 5" [_thread_blocked, id=15620, stack(0x000000e4d5500000,0x000000e4d5600000)]
  0x000002342fce1800 JavaThread "C2 CompilerThread1" daemon [_thread_blocked, id=15536, stack(0x000000e4cdf00000,0x000000e4ce000000)]
  0x000002342a7cd000 JavaThread "ForkJoinPool-1-worker-3" daemon [_thread_blocked, id=1748, stack(0x000000e4d5600000,0x000000e4d5700000)]
  0x000002342a7cb800 JavaThread "ForkJoinPool-1-worker-5" daemon [_thread_blocked, id=6204, stack(0x000000e4d5700000,0x000000e4d5800000)]
  0x000002342a7cc800 JavaThread "ForkJoinPool-1-worker-7" daemon [_thread_blocked, id=13784, stack(0x000000e4d5800000,0x000000e4d5900000)]
  0x000002342a7ce000 JavaThread "ForkJoinPool-1-worker-9" daemon [_thread_blocked, id=12460, stack(0x000000e4d5900000,0x000000e4d5a00000)]
  0x000002342a7c8800 JavaThread "ForkJoinPool-1-worker-11" daemon [_thread_blocked, id=15436, stack(0x000000e4d5a00000,0x000000e4d5b00000)]
  0x000002342a7cf000 JavaThread "ForkJoinPool-1-worker-13" daemon [_thread_blocked, id=15592, stack(0x000000e4d5b00000,0x000000e4d5c00000)]
  0x000002342a7c9000 JavaThread "ForkJoinPool-1-worker-15" daemon [_thread_blocked, id=13176, stack(0x000000e4d5c00000,0x000000e4d5d00000)]
  0x000002342a7cf800 JavaThread "ForkJoinPool-1-worker-1" daemon [_thread_blocked, id=1340, stack(0x000000e4d5d00000,0x000000e4d5e00000)]

Other Threads:
=>0x00000234260f9000 VMThread "VM Thread" [stack: 0x000000e4cbf00000,0x000000e4cc000000] [id=13140]
  0x0000023426b40000 WatcherThread [stack: 0x000000e4cc900000,0x000000e4cca00000] [id=12796]
  0x000002340b0d2800 GCTaskThread "GC Thread#0" [stack: 0x000000e4cba00000,0x000000e4cbb00000] [id=12256]
  0x0000023427859000 GCTaskThread "GC Thread#1" [stack: 0x000000e4ccc00000,0x000000e4ccd00000] [id=16196]
  0x0000023427879800 GCTaskThread "GC Thread#2" [stack: 0x000000e4ccd00000,0x000000e4cce00000] [id=6136]
  0x0000023428993000 GCTaskThread "GC Thread#3" [stack: 0x000000e4cd600000,0x000000e4cd700000] [id=16124]
  0x0000023428994000 GCTaskThread "GC Thread#4" [stack: 0x000000e4cd700000,0x000000e4cd800000] [id=15180]
  0x0000023427e9c800 GCTaskThread "GC Thread#5" [stack: 0x000000e4cd800000,0x000000e4cd900000] [id=16820]
  0x0000023427e9d000 GCTaskThread "GC Thread#6" [stack: 0x000000e4cd900000,0x000000e4cda00000] [id=6332]
  0x0000023428265000 GCTaskThread "GC Thread#7" [stack: 0x000000e4cda00000,0x000000e4cdb00000] [id=13992]
  0x000002340b103800 ConcurrentGCThread "G1 Main Marker" [stack: 0x000000e4cbb00000,0x000000e4cbc00000] [id=6624]
  0x000002340b105000 ConcurrentGCThread "G1 Conc#0" [stack: 0x000000e4cbc00000,0x000000e4cbd00000] [id=14940]
  0x0000023429497800 ConcurrentGCThread "G1 Conc#1" [stack: 0x000000e4cdd00000,0x000000e4cde00000] [id=16484]
  0x0000023425f6d800 ConcurrentGCThread "G1 Refine#0" [stack: 0x000000e4cbd00000,0x000000e4cbe00000] [id=14544]
  0x000002342d02c000 ConcurrentGCThread "G1 Refine#1" [stack: 0x000000e4d4d00000,0x000000e4d4e00000] [id=9676]
  0x0000023425f6e000 ConcurrentGCThread "G1 Young RemSet Sampling" [stack: 0x000000e4cbe00000,0x000000e4cbf00000] [id=10752]

Threads with active compile tasks:
C2 CompilerThread0    25417 12906 %     4       com.android.tools.r8.dex.i::a @ 315 (1041 bytes)
C2 CompilerThread1    25417 13518       4       com.android.tools.r8.graph.e1::a (117 bytes)

VM state:at safepoint (normal execution)

VM Mutex/Monitor currently owned by a thread:  ([mutex/lock_event])
[0x000002340b0b7030] Threads_lock - owner thread: 0x00000234260f9000
[0x000002340b0b5f50] Heap_lock - owner thread: 0x000002342a7c7800

Heap address: 0x0000000080000000, size: 2048 MB, Compressed Oops mode: 32-bit
Narrow klass base: 0x0000000000000000, Narrow klass shift: 3
Compressed class space size: 1073741824 Address: 0x0000000100000000

Heap:
 garbage-first heap   total 499712K, used 149610K [0x0000000080000000, 0x0000000100000000)
  region size 1024K, 2 young (2048K), 2 survivors (2048K)
 Metaspace       used 104668K, capacity 107692K, committed 107824K, reserved 1142784K
  class space    used 13703K, capacity 14869K, committed 14976K, reserved 1048576K
Heap Regions: E=young(eden), S=young(survivor), O=old, HS=humongous(starts), HC=humongous(continues), CS=collection set, F=free, A=archive, TAMS=top-at-mark-start (previous, next)
|   0|0x0000000080000000, 0x0000000080100000, 0x0000000080100000|100%| O|  |TAMS 0x0000000080100000, 0x0000000080000000| Updating 
|   1|0x0000000080100000, 0x0000000080200000, 0x0000000080200000|100%| O|  |TAMS 0x0000000080200000, 0x0000000080100000| Updating 
|   2|0x0000000080200000, 0x0000000080300000, 0x0000000080300000|100%| O|  |TAMS 0x0000000080300000, 0x0000000080200000| Updating 
|   3|0x0000000080300000, 0x0000000080400000, 0x0000000080400000|100%|HS|  |TAMS 0x0000000080400000, 0x0000000080300000| Complete 
|   4|0x0000000080400000, 0x0000000080500000, 0x0000000080500000|100%|HC|  |TAMS 0x0000000080500000, 0x0000000080400000| Complete 
|   5|0x0000000080500000, 0x0000000080600000, 0x0000000080600000|100%|HC|  |TAMS 0x0000000080600000, 0x0000000080500000| Complete 
|   6|0x0000000080600000, 0x0000000080700000, 0x0000000080700000|100%| O|  |TAMS 0x0000000080700000, 0x0000000080600000| Updating 
|   7|0x0000000080700000, 0x0000000080800000, 0x0000000080800000|100%| O|  |TAMS 0x0000000080800000, 0x0000000080700000| Updating 
|   8|0x0000000080800000, 0x0000000080900000, 0x0000000080900000|100%| O|  |TAMS 0x0000000080900000, 0x0000000080800000| Updating 
|   9|0x0000000080900000, 0x0000000080a00000, 0x0000000080a00000|100%| O|  |TAMS 0x0000000080a00000, 0x0000000080900000| Updating 
|  10|0x0000000080a00000, 0x0000000080b00000, 0x0000000080b00000|100%| O|  |TAMS 0x0000000080b00000, 0x0000000080a00000| Updating 
|  11|0x0000000080b00000, 0x0000000080c00000, 0x0000000080c00000|100%| O|  |TAMS 0x0000000080c00000, 0x0000000080b00000| Updating 
|  12|0x0000000080c00000, 0x0000000080d00000, 0x0000000080d00000|100%| O|  |TAMS 0x0000000080d00000, 0x0000000080c00000| Updating 
|  13|0x0000000080d00000, 0x0000000080e00000, 0x0000000080e00000|100%| O|  |TAMS 0x0000000080e00000, 0x0000000080d00000| Updating 
|  14|0x0000000080e00000, 0x0000000080f00000, 0x0000000080f00000|100%| O|  |TAMS 0x0000000080f00000, 0x0000000080e00000| Updating 
|  15|0x0000000080f00000, 0x0000000081000000, 0x0000000081000000|100%| O|  |TAMS 0x0000000081000000, 0x0000000080f00000| Updating 
|  16|0x0000000081000000, 0x0000000081100000, 0x0000000081100000|100%| O|  |TAMS 0x0000000081100000, 0x0000000081000000| Updating 
|  17|0x0000000081100000, 0x0000000081200000, 0x0000000081200000|100%| O|  |TAMS 0x0000000081200000, 0x0000000081100000| Updating 
|  18|0x0000000081200000, 0x0000000081300000, 0x0000000081300000|100%| O|  |TAMS 0x0000000081300000, 0x0000000081200000| Updating 
|  19|0x0000000081300000, 0x0000000081400000, 0x0000000081400000|100%| O|  |TAMS 0x0000000081400000, 0x0000000081300000| Updating 
|  20|0x0000000081400000, 0x0000000081500000, 0x0000000081500000|100%| O|  |TAMS 0x0000000081500000, 0x0000000081400000| Updating 
|  21|0x0000000081500000, 0x0000000081600000, 0x0000000081600000|100%| O|  |TAMS 0x0000000081600000, 0x0000000081500000| Updating 
|  22|0x0000000081600000, 0x0000000081700000, 0x0000000081700000|100%| O|  |TAMS 0x0000000081700000, 0x0000000081600000| Updating 
|  23|0x0000000081700000, 0x0000000081800000, 0x0000000081800000|100%| O|  |TAMS 0x0000000081800000, 0x0000000081700000| Updating 
|  24|0x0000000081800000, 0x0000000081900000, 0x0000000081900000|100%| O|  |TAMS 0x0000000081900000, 0x0000000081800000| Updating 
|  25|0x0000000081900000, 0x0000000081a00000, 0x0000000081a00000|100%| O|  |TAMS 0x0000000081a00000, 0x0000000081900000| Updating 
|  26|0x0000000081a00000, 0x0000000081b00000, 0x0000000081b00000|100%| O|  |TAMS 0x0000000081b00000, 0x0000000081a00000| Updating 
|  27|0x0000000081b00000, 0x0000000081c00000, 0x0000000081c00000|100%|HS|  |TAMS 0x0000000081c00000, 0x0000000081b00000| Complete 
|  28|0x0000000081c00000, 0x0000000081d00000, 0x0000000081d00000|100%|HS|  |TAMS 0x0000000081d00000, 0x0000000081c00000| Complete 
|  29|0x0000000081d00000, 0x0000000081e00000, 0x0000000081e00000|100%| O|  |TAMS 0x0000000081e00000, 0x0000000081d00000| Updating 
|  30|0x0000000081e00000, 0x0000000081f00000, 0x0000000081f00000|100%| O|  |TAMS 0x0000000081f00000, 0x0000000081e00000| Updating 
|  31|0x0000000081f00000, 0x0000000082000000, 0x0000000082000000|100%| O|  |TAMS 0x0000000082000000, 0x0000000081f00000| Updating 
|  32|0x0000000082000000, 0x0000000082100000, 0x0000000082100000|100%| O|  |TAMS 0x0000000082100000, 0x0000000082000000| Updating 
|  33|0x0000000082100000, 0x0000000082200000, 0x0000000082200000|100%| O|  |TAMS 0x0000000082200000, 0x0000000082100000| Updating 
|  34|0x0000000082200000, 0x0000000082300000, 0x0000000082300000|100%| O|  |TAMS 0x0000000082300000, 0x0000000082200000| Updating 
|  35|0x0000000082300000, 0x0000000082400000, 0x0000000082400000|100%| O|  |TAMS 0x0000000082400000, 0x0000000082300000| Updating 
|  36|0x0000000082400000, 0x0000000082500000, 0x0000000082500000|100%| O|  |TAMS 0x0000000082500000, 0x0000000082400000| Updating 
|  37|0x0000000082500000, 0x0000000082600000, 0x0000000082600000|100%| O|  |TAMS 0x0000000082600000, 0x0000000082500000| Updating 
|  38|0x0000000082600000, 0x0000000082700000, 0x0000000082700000|100%| O|  |TAMS 0x0000000082700000, 0x0000000082600000| Updating 
|  39|0x0000000082700000, 0x0000000082800000, 0x0000000082800000|100%| O|  |TAMS 0x0000000082800000, 0x0000000082700000| Updating 
|  40|0x0000000082800000, 0x0000000082900000, 0x0000000082900000|100%| O|  |TAMS 0x0000000082900000, 0x0000000082800000| Updating 
|  41|0x0000000082900000, 0x0000000082a00000, 0x0000000082a00000|100%| O|  |TAMS 0x0000000082a00000, 0x0000000082900000| Updating 
|  42|0x0000000082a00000, 0x0000000082b00000, 0x0000000082b00000|100%| O|  |TAMS 0x0000000082b00000, 0x0000000082a00000| Updating 
|  43|0x0000000082b00000, 0x0000000082c00000, 0x0000000082c00000|100%| O|  |TAMS 0x0000000082c00000, 0x0000000082b00000| Updating 
|  44|0x0000000082c00000, 0x0000000082d00000, 0x0000000082d00000|100%| O|  |TAMS 0x0000000082d00000, 0x0000000082c00000| Updating 
|  45|0x0000000082d00000, 0x0000000082e00000, 0x0000000082e00000|100%| O|  |TAMS 0x0000000082e00000, 0x0000000082d00000| Updating 
|  46|0x0000000082e00000, 0x0000000082f00000, 0x0000000082f00000|100%| O|  |TAMS 0x0000000082f00000, 0x0000000082e00000| Updating 
|  47|0x0000000082f00000, 0x0000000083000000, 0x0000000083000000|100%| O|  |TAMS 0x0000000083000000, 0x0000000082f00000| Updating 
|  48|0x0000000083000000, 0x0000000083100000, 0x0000000083100000|100%| O|  |TAMS 0x0000000083100000, 0x0000000083000000| Updating 
|  49|0x0000000083100000, 0x0000000083200000, 0x0000000083200000|100%| O|  |TAMS 0x0000000083200000, 0x0000000083100000| Updating 
|  50|0x0000000083200000, 0x0000000083300000, 0x0000000083300000|100%| O|  |TAMS 0x0000000083300000, 0x0000000083200000| Updating 
|  51|0x0000000083300000, 0x0000000083400000, 0x0000000083400000|100%| O|  |TAMS 0x0000000083400000, 0x0000000083300000| Updating 
|  52|0x0000000083400000, 0x0000000083500000, 0x0000000083500000|100%| O|  |TAMS 0x0000000083500000, 0x0000000083400000| Updating 
|  53|0x0000000083500000, 0x0000000083600000, 0x0000000083600000|100%| O|  |TAMS 0x0000000083600000, 0x0000000083500000| Updating 
|  54|0x0000000083600000, 0x0000000083700000, 0x0000000083700000|100%| O|  |TAMS 0x0000000083700000, 0x0000000083600000| Updating 
|  55|0x0000000083700000, 0x0000000083800000, 0x0000000083800000|100%| O|  |TAMS 0x0000000083800000, 0x0000000083700000| Updating 
|  56|0x0000000083800000, 0x0000000083900000, 0x0000000083900000|100%| O|  |TAMS 0x0000000083900000, 0x0000000083800000| Updating 
|  57|0x0000000083900000, 0x0000000083a00000, 0x0000000083a00000|100%| O|  |TAMS 0x0000000083a00000, 0x0000000083900000| Updating 
|  58|0x0000000083a00000, 0x0000000083b00000, 0x0000000083b00000|100%| O|  |TAMS 0x0000000083b00000, 0x0000000083a00000| Updating 
|  59|0x0000000083b00000, 0x0000000083c00000, 0x0000000083c00000|100%| O|  |TAMS 0x0000000083c00000, 0x0000000083b00000| Updating 
|  60|0x0000000083c00000, 0x0000000083d00000, 0x0000000083d00000|100%| O|  |TAMS 0x0000000083d00000, 0x0000000083c00000| Updating 
|  61|0x0000000083d00000, 0x0000000083e00000, 0x0000000083e00000|100%| O|  |TAMS 0x0000000083e00000, 0x0000000083d00000| Updating 
|  62|0x0000000083e00000, 0x0000000083f00000, 0x0000000083f00000|100%| O|  |TAMS 0x0000000083f00000, 0x0000000083e00000| Updating 
|  63|0x0000000083f00000, 0x0000000084000000, 0x0000000084000000|100%| O|  |TAMS 0x0000000084000000, 0x0000000083f00000| Updating 
|  64|0x0000000084000000, 0x0000000084100000, 0x0000000084100000|100%| O|  |TAMS 0x0000000084100000, 0x0000000084000000| Updating 
|  65|0x0000000084100000, 0x0000000084200000, 0x0000000084200000|100%| O|  |TAMS 0x0000000084200000, 0x0000000084100000| Updating 
|  66|0x0000000084200000, 0x0000000084300000, 0x0000000084300000|100%| O|  |TAMS 0x0000000084300000, 0x0000000084200000| Updating 
|  67|0x0000000084300000, 0x0000000084400000, 0x0000000084400000|100%| O|  |TAMS 0x0000000084400000, 0x0000000084300000| Updating 
|  68|0x0000000084400000, 0x0000000084500000, 0x0000000084500000|100%| O|  |TAMS 0x0000000084500000, 0x0000000084400000| Updating 
|  69|0x0000000084500000, 0x0000000084600000, 0x0000000084600000|100%| O|  |TAMS 0x0000000084600000, 0x0000000084500000| Updating 
|  70|0x0000000084600000, 0x0000000084700000, 0x0000000084700000|100%| O|  |TAMS 0x0000000084700000, 0x0000000084600000| Updating 
|  71|0x0000000084700000, 0x0000000084800000, 0x0000000084800000|100%| O|  |TAMS 0x0000000084800000, 0x0000000084700000| Updating 
|  72|0x0000000084800000, 0x0000000084900000, 0x0000000084900000|100%| O|  |TAMS 0x0000000084900000, 0x0000000084800000| Updating 
|  73|0x0000000084900000, 0x0000000084a00000, 0x0000000084a00000|100%| O|  |TAMS 0x0000000084a00000, 0x0000000084900000| Updating 
|  74|0x0000000084a00000, 0x0000000084b00000, 0x0000000084b00000|100%| O|  |TAMS 0x0000000084b00000, 0x0000000084a00000| Updating 
|  75|0x0000000084b00000, 0x0000000084c00000, 0x0000000084c00000|100%| O|  |TAMS 0x0000000084c00000, 0x0000000084b00000| Updating 
|  76|0x0000000084c00000, 0x0000000084d00000, 0x0000000084d00000|100%| O|  |TAMS 0x0000000084d00000, 0x0000000084c00000| Updating 
|  77|0x0000000084d00000, 0x0000000084e00000, 0x0000000084e00000|100%| O|  |TAMS 0x0000000084e00000, 0x0000000084d00000| Updating 
|  78|0x0000000084e00000, 0x0000000084f00000, 0x0000000084f00000|100%| O|  |TAMS 0x0000000084f00000, 0x0000000084e00000| Updating 
|  79|0x0000000084f00000, 0x0000000085000000, 0x0000000085000000|100%| O|  |TAMS 0x0000000085000000, 0x0000000084f00000| Updating 
|  80|0x0000000085000000, 0x0000000085100000, 0x0000000085100000|100%| O|  |TAMS 0x0000000085100000, 0x0000000085000000| Updating 
|  81|0x0000000085100000, 0x0000000085200000, 0x0000000085200000|100%| O|  |TAMS 0x0000000085200000, 0x0000000085100000| Updating 
|  82|0x0000000085200000, 0x0000000085300000, 0x0000000085300000|100%| O|  |TAMS 0x0000000085300000, 0x0000000085200000| Updating 
|  83|0x0000000085300000, 0x0000000085400000, 0x0000000085400000|100%| O|  |TAMS 0x0000000085400000, 0x0000000085300000| Updating 
|  84|0x0000000085400000, 0x0000000085500000, 0x0000000085500000|100%| O|  |TAMS 0x0000000085500000, 0x0000000085400000| Updating 
|  85|0x0000000085500000, 0x0000000085600000, 0x0000000085600000|100%| O|  |TAMS 0x0000000085600000, 0x0000000085500000| Updating 
|  86|0x0000000085600000, 0x0000000085700000, 0x0000000085700000|100%| O|  |TAMS 0x0000000085700000, 0x0000000085600000| Updating 
|  87|0x0000000085700000, 0x0000000085800000, 0x0000000085800000|100%| O|  |TAMS 0x0000000085800000, 0x0000000085700000| Updating 
|  88|0x0000000085800000, 0x0000000085900000, 0x0000000085900000|100%| O|  |TAMS 0x0000000085900000, 0x0000000085800000| Updating 
|  89|0x0000000085900000, 0x0000000085a00000, 0x0000000085a00000|100%| O|  |TAMS 0x0000000085a00000, 0x0000000085900000| Updating 
|  90|0x0000000085a00000, 0x0000000085b00000, 0x0000000085b00000|100%| O|  |TAMS 0x0000000085b00000, 0x0000000085a00000| Updating 
|  91|0x0000000085b00000, 0x0000000085c00000, 0x0000000085c00000|100%| O|  |TAMS 0x0000000085c00000, 0x0000000085b00000| Updating 
|  92|0x0000000085c00000, 0x0000000085d00000, 0x0000000085d00000|100%| O|  |TAMS 0x0000000085d00000, 0x0000000085c00000| Updating 
|  93|0x0000000085d00000, 0x0000000085e00000, 0x0000000085e00000|100%| O|  |TAMS 0x0000000085e00000, 0x0000000085d00000| Updating 
|  94|0x0000000085e00000, 0x0000000085f00000, 0x0000000085f00000|100%| O|  |TAMS 0x0000000085f00000, 0x0000000085e00000| Updating 
|  95|0x0000000085f00000, 0x0000000086000000, 0x0000000086000000|100%| O|  |TAMS 0x0000000086000000, 0x0000000085f00000| Updating 
|  96|0x0000000086000000, 0x0000000086100000, 0x0000000086100000|100%| O|  |TAMS 0x0000000086100000, 0x0000000086000000| Updating 
|  97|0x0000000086100000, 0x0000000086200000, 0x0000000086200000|100%| O|  |TAMS 0x0000000086200000, 0x0000000086100000| Updating 
|  98|0x0000000086200000, 0x0000000086300000, 0x0000000086300000|100%| O|  |TAMS 0x0000000086300000, 0x0000000086200000| Updating 
|  99|0x0000000086300000, 0x0000000086400000, 0x0000000086400000|100%|HS|  |TAMS 0x0000000086400000, 0x0000000086300000| Complete 
| 100|0x0000000086400000, 0x0000000086500000, 0x0000000086500000|100%|HC|  |TAMS 0x0000000086500000, 0x0000000086400000| Complete 
| 101|0x0000000086500000, 0x0000000086600000, 0x0000000086600000|100%|HC|  |TAMS 0x0000000086600000, 0x0000000086500000| Complete 
| 102|0x0000000086600000, 0x0000000086700000, 0x0000000086700000|100%|HC|  |TAMS 0x0000000086700000, 0x0000000086600000| Complete 
| 103|0x0000000086700000, 0x0000000086800000, 0x0000000086800000|100%|HC|  |TAMS 0x0000000086800000, 0x0000000086700000| Complete 
| 104|0x0000000086800000, 0x0000000086900000, 0x0000000086900000|100%| O|  |TAMS 0x0000000086900000, 0x0000000086800000| Updating 
| 105|0x0000000086900000, 0x0000000086a00000, 0x0000000086a00000|100%| O|  |TAMS 0x0000000086a00000, 0x0000000086900000| Updating 
| 106|0x0000000086a00000, 0x0000000086b00000, 0x0000000086b00000|100%| O|  |TAMS 0x0000000086b00000, 0x0000000086a00000| Updating 
| 107|0x0000000086b00000, 0x0000000086c00000, 0x0000000086c00000|100%| O|  |TAMS 0x0000000086c00000, 0x0000000086b00000| Updating 
| 108|0x0000000086c00000, 0x0000000086d00000, 0x0000000086d00000|100%| O|  |TAMS 0x0000000086d00000, 0x0000000086c00000| Updating 
| 109|0x0000000086d00000, 0x0000000086e00000, 0x0000000086e00000|100%| O|  |TAMS 0x0000000086d00000, 0x0000000086d00000| Untracked 
| 110|0x0000000086e00000, 0x0000000086e97a00, 0x0000000086f00000| 59%| O|  |TAMS 0x0000000086e00000, 0x0000000086e00000| Untracked 
| 111|0x0000000086f00000, 0x0000000086f00000, 0x0000000087000000|  0%| F|  |TAMS 0x0000000086f00000, 0x0000000086f00000| Untracked 
| 112|0x0000000087000000, 0x0000000087000000, 0x0000000087100000|  0%| F|  |TAMS 0x0000000087000000, 0x0000000087000000| Untracked 
| 113|0x0000000087100000, 0x0000000087100000, 0x0000000087200000|  0%| F|  |TAMS 0x0000000087100000, 0x0000000087100000| Untracked 
| 114|0x0000000087200000, 0x0000000087300000, 0x0000000087300000|100%| O|  |TAMS 0x0000000087300000, 0x0000000087200000| Updating 
| 115|0x0000000087300000, 0x0000000087400000, 0x0000000087400000|100%| O|  |TAMS 0x0000000087400000, 0x0000000087300000| Updating 
| 116|0x0000000087400000, 0x0000000087500000, 0x0000000087500000|100%| O|  |TAMS 0x0000000087500000, 0x0000000087400000| Updating 
| 117|0x0000000087500000, 0x0000000087600000, 0x0000000087600000|100%| O|  |TAMS 0x0000000087600000, 0x0000000087500000| Updating 
| 118|0x0000000087600000, 0x0000000087700000, 0x0000000087700000|100%| O|  |TAMS 0x0000000087700000, 0x0000000087600000| Updating 
| 119|0x0000000087700000, 0x0000000087800000, 0x0000000087800000|100%| O|  |TAMS 0x0000000087800000, 0x0000000087700000| Updating 
| 120|0x0000000087800000, 0x0000000087900000, 0x0000000087900000|100%| O|  |TAMS 0x0000000087900000, 0x0000000087800000| Updating 
| 121|0x0000000087900000, 0x0000000087a00000, 0x0000000087a00000|100%| O|  |TAMS 0x0000000087a00000, 0x0000000087900000| Updating 
| 122|0x0000000087a00000, 0x0000000087b00000, 0x0000000087b00000|100%| O|  |TAMS 0x0000000087b00000, 0x0000000087a00000| Updating 
| 123|0x0000000087b00000, 0x0000000087c00000, 0x0000000087c00000|100%| O|  |TAMS 0x0000000087c00000, 0x0000000087b00000| Updating 
| 124|0x0000000087c00000, 0x0000000087d00000, 0x0000000087d00000|100%| O|  |TAMS 0x0000000087d00000, 0x0000000087c00000| Updating 
| 125|0x0000000087d00000, 0x0000000087e00000, 0x0000000087e00000|100%| O|  |TAMS 0x0000000087e00000, 0x0000000087d00000| Updating 
| 126|0x0000000087e00000, 0x0000000087f00000, 0x0000000087f00000|100%| O|  |TAMS 0x0000000087f00000, 0x0000000087e00000| Updating 
| 127|0x0000000087f00000, 0x0000000088000000, 0x0000000088000000|100%| O|  |TAMS 0x0000000088000000, 0x0000000087f00000| Updating 
| 128|0x0000000088000000, 0x0000000088100000, 0x0000000088100000|100%| O|  |TAMS 0x0000000088100000, 0x0000000088000000| Updating 
| 129|0x0000000088100000, 0x0000000088200000, 0x0000000088200000|100%| O|  |TAMS 0x0000000088200000, 0x0000000088100000| Updating 
| 130|0x0000000088200000, 0x0000000088300000, 0x0000000088300000|100%| O|  |TAMS 0x0000000088300000, 0x0000000088200000| Updating 
| 131|0x0000000088300000, 0x0000000088400000, 0x0000000088400000|100%| O|  |TAMS 0x0000000088400000, 0x0000000088300000| Updating 
| 132|0x0000000088400000, 0x0000000088500000, 0x0000000088500000|100%| O|  |TAMS 0x0000000088500000, 0x0000000088400000| Updating 
| 133|0x0000000088500000, 0x0000000088600000, 0x0000000088600000|100%| O|  |TAMS 0x0000000088600000, 0x0000000088500000| Updating 
| 134|0x0000000088600000, 0x0000000088700000, 0x0000000088700000|100%| O|  |TAMS 0x0000000088700000, 0x0000000088600000| Updating 
| 135|0x0000000088700000, 0x0000000088800000, 0x0000000088800000|100%| O|  |TAMS 0x0000000088800000, 0x0000000088700000| Updating 
| 136|0x0000000088800000, 0x0000000088900000, 0x0000000088900000|100%| O|  |TAMS 0x0000000088900000, 0x0000000088800000| Updating 
| 137|0x0000000088900000, 0x0000000088a00000, 0x0000000088a00000|100%| O|  |TAMS 0x0000000088a00000, 0x0000000088900000| Updating 
| 138|0x0000000088a00000, 0x0000000088b00000, 0x0000000088b00000|100%| O|  |TAMS 0x0000000088b00000, 0x0000000088a00000| Updating 
| 139|0x0000000088b00000, 0x0000000088c00000, 0x0000000088c00000|100%| O|  |TAMS 0x0000000088c00000, 0x0000000088b00000| Updating 
| 140|0x0000000088c00000, 0x0000000088d00000, 0x0000000088d00000|100%| O|  |TAMS 0x0000000088d00000, 0x0000000088c00000| Updating 
| 141|0x0000000088d00000, 0x0000000088e00000, 0x0000000088e00000|100%| O|  |TAMS 0x0000000088e00000, 0x0000000088d00000| Updating 
| 142|0x0000000088e00000, 0x0000000088f00000, 0x0000000088f00000|100%| O|  |TAMS 0x0000000088f00000, 0x0000000088e00000| Updating 
| 143|0x0000000088f00000, 0x0000000089000000, 0x0000000089000000|100%| O|  |TAMS 0x0000000089000000, 0x0000000088f00000| Updating 
| 144|0x0000000089000000, 0x0000000089100000, 0x0000000089100000|100%| O|  |TAMS 0x0000000089070e00, 0x0000000089000000| Updating 
| 145|0x0000000089100000, 0x0000000089100000, 0x0000000089200000|  0%| F|  |TAMS 0x0000000089100000, 0x0000000089100000| Untracked 
| 146|0x0000000089200000, 0x0000000089200000, 0x0000000089300000|  0%| F|  |TAMS 0x0000000089200000, 0x0000000089200000| Untracked 
| 147|0x0000000089300000, 0x0000000089300000, 0x0000000089400000|  0%| F|  |TAMS 0x0000000089300000, 0x0000000089300000| Untracked 
| 148|0x0000000089400000, 0x0000000089400000, 0x0000000089500000|  0%| F|  |TAMS 0x0000000089400000, 0x0000000089400000| Untracked 
| 149|0x0000000089500000, 0x0000000089500000, 0x0000000089600000|  0%| F|  |TAMS 0x0000000089500000, 0x0000000089500000| Untracked 
| 150|0x0000000089600000, 0x0000000089600000, 0x0000000089700000|  0%| F|  |TAMS 0x0000000089600000, 0x0000000089600000| Untracked 
| 151|0x0000000089700000, 0x0000000089700000, 0x0000000089800000|  0%| F|  |TAMS 0x0000000089700000, 0x0000000089700000| Untracked 
| 152|0x0000000089800000, 0x0000000089900000, 0x0000000089900000|100%| O|  |TAMS 0x0000000089900000, 0x0000000089800000| Updating 
| 153|0x0000000089900000, 0x0000000089a00000, 0x0000000089a00000|100%| O|  |TAMS 0x0000000089a00000, 0x0000000089900000| Updating 
| 154|0x0000000089a00000, 0x0000000089b00000, 0x0000000089b00000|100%| O|  |TAMS 0x0000000089b00000, 0x0000000089a00000| Updating 
| 155|0x0000000089b00000, 0x0000000089b00000, 0x0000000089c00000|  0%| F|  |TAMS 0x0000000089b00000, 0x0000000089b00000| Untracked 
| 156|0x0000000089c00000, 0x0000000089c00000, 0x0000000089d00000|  0%| F|  |TAMS 0x0000000089c00000, 0x0000000089c00000| Untracked 
| 157|0x0000000089d00000, 0x0000000089d00000, 0x0000000089e00000|  0%| F|  |TAMS 0x0000000089d00000, 0x0000000089d00000| Untracked 
| 158|0x0000000089e00000, 0x0000000089e00000, 0x0000000089f00000|  0%| F|  |TAMS 0x0000000089e00000, 0x0000000089e00000| Untracked 
| 159|0x0000000089f00000, 0x0000000089f00000, 0x000000008a000000|  0%| F|  |TAMS 0x0000000089f00000, 0x0000000089f00000| Untracked 
| 160|0x000000008a000000, 0x000000008a000000, 0x000000008a100000|  0%| F|  |TAMS 0x000000008a000000, 0x000000008a000000| Untracked 
| 161|0x000000008a100000, 0x000000008a100000, 0x000000008a200000|  0%| F|  |TAMS 0x000000008a100000, 0x000000008a100000| Untracked 
| 162|0x000000008a200000, 0x000000008a200000, 0x000000008a300000|  0%| F|  |TAMS 0x000000008a200000, 0x000000008a200000| Untracked 
| 163|0x000000008a300000, 0x000000008a300000, 0x000000008a400000|  0%| F|  |TAMS 0x000000008a300000, 0x000000008a300000| Untracked 
| 164|0x000000008a400000, 0x000000008a400000, 0x000000008a500000|  0%| F|  |TAMS 0x000000008a400000, 0x000000008a400000| Untracked 
| 165|0x000000008a500000, 0x000000008a500000, 0x000000008a600000|  0%| F|  |TAMS 0x000000008a500000, 0x000000008a500000| Untracked 
| 166|0x000000008a600000, 0x000000008a600000, 0x000000008a700000|  0%| F|  |TAMS 0x000000008a600000, 0x000000008a600000| Untracked 
| 167|0x000000008a700000, 0x000000008a700000, 0x000000008a800000|  0%| F|  |TAMS 0x000000008a700000, 0x000000008a700000| Untracked 
| 168|0x000000008a800000, 0x000000008a800000, 0x000000008a900000|  0%| F|  |TAMS 0x000000008a800000, 0x000000008a800000| Untracked 
| 169|0x000000008a900000, 0x000000008a900000, 0x000000008aa00000|  0%| F|  |TAMS 0x000000008a900000, 0x000000008a900000| Untracked 
| 170|0x000000008aa00000, 0x000000008aa00000, 0x000000008ab00000|  0%| F|  |TAMS 0x000000008aa00000, 0x000000008aa00000| Untracked 
| 171|0x000000008ab00000, 0x000000008ab00000, 0x000000008ac00000|  0%| F|  |TAMS 0x000000008ab00000, 0x000000008ab00000| Untracked 
| 172|0x000000008ac00000, 0x000000008ac00000, 0x000000008ad00000|  0%| F|  |TAMS 0x000000008ac00000, 0x000000008ac00000| Untracked 
| 173|0x000000008ad00000, 0x000000008ad00000, 0x000000008ae00000|  0%| F|  |TAMS 0x000000008ad00000, 0x000000008ad00000| Untracked 
| 174|0x000000008ae00000, 0x000000008ae00000, 0x000000008af00000|  0%| F|  |TAMS 0x000000008ae00000, 0x000000008ae00000| Untracked 
| 175|0x000000008af00000, 0x000000008af00000, 0x000000008b000000|  0%| F|  |TAMS 0x000000008af00000, 0x000000008af00000| Untracked 
| 176|0x000000008b000000, 0x000000008b000000, 0x000000008b100000|  0%| F|  |TAMS 0x000000008b000000, 0x000000008b000000| Untracked 
| 177|0x000000008b100000, 0x000000008b100000, 0x000000008b200000|  0%| F|  |TAMS 0x000000008b100000, 0x000000008b100000| Untracked 
| 178|0x000000008b200000, 0x000000008b200000, 0x000000008b300000|  0%| F|  |TAMS 0x000000008b200000, 0x000000008b200000| Untracked 
| 179|0x000000008b300000, 0x000000008b300000, 0x000000008b400000|  0%| F|  |TAMS 0x000000008b300000, 0x000000008b300000| Untracked 
| 180|0x000000008b400000, 0x000000008b482f60, 0x000000008b500000| 51%| S|CS|TAMS 0x000000008b400000, 0x000000008b400000| Complete 
| 181|0x000000008b500000, 0x000000008b600000, 0x000000008b600000|100%| S|CS|TAMS 0x000000008b500000, 0x000000008b500000| Complete 
| 182|0x000000008b600000, 0x000000008b600000, 0x000000008b700000|  0%| F|  |TAMS 0x000000008b600000, 0x000000008b600000| Untracked 
| 183|0x000000008b700000, 0x000000008b700000, 0x000000008b800000|  0%| F|  |TAMS 0x000000008b700000, 0x000000008b700000| Untracked 
| 184|0x000000008b800000, 0x000000008b800000, 0x000000008b900000|  0%| F|  |TAMS 0x000000008b800000, 0x000000008b800000| Untracked 
| 185|0x000000008b900000, 0x000000008b900000, 0x000000008ba00000|  0%| F|  |TAMS 0x000000008b900000, 0x000000008b900000| Untracked 
| 186|0x000000008ba00000, 0x000000008ba00000, 0x000000008bb00000|  0%| F|  |TAMS 0x000000008ba00000, 0x000000008ba00000| Untracked 
| 187|0x000000008bb00000, 0x000000008bb00000, 0x000000008bc00000|  0%| F|  |TAMS 0x000000008bb00000, 0x000000008bb00000| Untracked 
| 188|0x000000008bc00000, 0x000000008bc00000, 0x000000008bd00000|  0%| F|  |TAMS 0x000000008bc00000, 0x000000008bc00000| Untracked 
| 189|0x000000008bd00000, 0x000000008bd00000, 0x000000008be00000|  0%| F|  |TAMS 0x000000008bd00000, 0x000000008bd00000| Untracked 
| 190|0x000000008be00000, 0x000000008be00000, 0x000000008bf00000|  0%| F|  |TAMS 0x000000008be00000, 0x000000008be00000| Untracked 
| 191|0x000000008bf00000, 0x000000008bf00000, 0x000000008c000000|  0%| F|  |TAMS 0x000000008bf00000, 0x000000008bf00000| Untracked 
| 192|0x000000008c000000, 0x000000008c000000, 0x000000008c100000|  0%| F|  |TAMS 0x000000008c000000, 0x000000008c000000| Untracked 
| 193|0x000000008c100000, 0x000000008c100000, 0x000000008c200000|  0%| F|  |TAMS 0x000000008c100000, 0x000000008c100000| Untracked 
| 194|0x000000008c200000, 0x000000008c200000, 0x000000008c300000|  0%| F|  |TAMS 0x000000008c200000, 0x000000008c200000| Untracked 
| 195|0x000000008c300000, 0x000000008c300000, 0x000000008c400000|  0%| F|  |TAMS 0x000000008c300000, 0x000000008c300000| Untracked 

Card table byte_map: [0x000002341ede0000,0x000002341f1e0000] _byte_map_base: 0x000002341e9e0000

Marking Bits (Prev, Next): (CMBitMap*) 0x000002340b0fad08, (CMBitMap*) 0x000002340b0fad40
 Prev Bits: [0x000002341f5e0000, 0x00000234215e0000)
 Next Bits: [0x00000234215e0000, 0x00000234235e0000)

Polling page: 0x000002340b140000

Metaspace:

Usage:
  Non-class:     90.65 MB capacity,    88.83 MB ( 98%) used,     1.46 MB (  2%) free+waste,   361.13 KB ( <1%) overhead. 
      Class:     14.52 MB capacity,    13.38 MB ( 92%) used,  1001.20 KB (  7%) free+waste,   163.94 KB (  1%) overhead. 
       Both:    105.17 MB capacity,   102.22 MB ( 97%) used,     2.44 MB (  2%) free+waste,   525.06 KB ( <1%) overhead. 

Virtual space:
  Non-class space:       92.00 MB reserved,      90.67 MB ( 99%) committed 
      Class space:        1.00 GB reserved,      14.63 MB (  1%) committed 
             Both:        1.09 GB reserved,     105.30 MB (  9%) committed 

Chunk freelists:
   Non-Class:  25.00 KB
       Class:  0 bytes
        Both:  25.00 KB

MaxMetaspaceSize: 17179869184.00 GB
CompressedClassSpaceSize: 1.00 GB
Initial GC threshold: 20.80 MB
Current GC threshold: 175.50 MB
CDS: off

CodeHeap 'non-profiled nmethods': size=120000Kb used=8646Kb max_used=8646Kb free=111353Kb
 bounds [0x0000023416a50000, 0x00000234172d0000, 0x000002341df80000]
CodeHeap 'profiled nmethods': size=120000Kb used=28656Kb max_used=28656Kb free=91343Kb
 bounds [0x000002340f520000, 0x0000023411120000, 0x0000023416a50000]
CodeHeap 'non-nmethods': size=5760Kb used=2430Kb max_used=2489Kb free=3330Kb
 bounds [0x000002340ef80000, 0x000002340f200000, 0x000002340f520000]
 total_blobs=14329 nmethods=13369 adapters=872
 compilation: enabled
              stopped_count=0, restarted_count=0
 full_count=0

Compilation events (20 events):
Event: 25.288 Thread 0x000002342699b000 13553       2       java.util.IdentityHashMap$IdentityHashMapIterator::nextIndex (72 bytes)
Event: 25.288 Thread 0x000002342699b000 nmethod 13553 0x0000023411117110 code [0x0000023411117300, 0x00000234111175c8]
Event: 25.288 Thread 0x000002342699b000 13554       2       java.util.IdentityHashMap$KeyIterator::next (13 bytes)
Event: 25.288 Thread 0x000002342699b000 nmethod 13554 0x0000023411117790 code [0x0000023411117940, 0x0000023411117aa8]
Event: 25.288 Thread 0x000002342699b000 13556       2       com.android.tools.r8.internal.y60::a (10 bytes)
Event: 25.288 Thread 0x000002342699b000 nmethod 13556 0x0000023411117b90 code [0x0000023411117d40, 0x0000023411117e48]
Event: 25.288 Thread 0x000002342699b000 13555       2       com.android.tools.r8.internal.y60$$Lambda$1582/0x0000000100e85040::test (16 bytes)
Event: 25.288 Thread 0x000002342699b000 nmethod 13555 0x0000023411117f10 code [0x00000234111180c0, 0x0000023411118228]
Event: 25.289 Thread 0x000002342699b000 13557       2       com.android.tools.r8.internal.y60$$Lambda$1581/0x0000000100e84c40::compare (16 bytes)
Event: 25.289 Thread 0x000002342699b000 nmethod 13557 0x0000023411118310 code [0x00000234111184c0, 0x0000023411118648]
Event: 25.289 Thread 0x000002342699b000 13558       2       com.android.tools.r8.internal.y60::a (94 bytes)
Event: 25.289 Thread 0x000002342699b000 nmethod 13558 0x0000023411118710 code [0x0000023411118960, 0x0000023411118dc8]
Event: 25.289 Thread 0x000002342699b000 13559       2       java.util.TimSort::mergeAt (358 bytes)
Event: 25.290 Thread 0x000002342699b000 nmethod 13559 0x0000023411119110 code [0x0000023411119320, 0x0000023411119718]
Event: 25.290 Thread 0x000002342699b000 13560       2       java.util.TimSort::mergeLo (659 bytes)
Event: 25.291 Thread 0x000002342699b000 nmethod 13560 0x0000023411119a10 code [0x0000023411119d00, 0x000002341111b578]
Event: 25.291 Thread 0x000002342fce1800 nmethod 13438 0x00000234172c0190 code [0x00000234172c03e0, 0x00000234172c10f0]
Event: 25.291 Thread 0x000002342fce1800 13518       4       com.android.tools.r8.graph.e1::a (117 bytes)
Event: 25.293 Thread 0x000002342699b000 13561       2       java.util.TimSort::ensureCapacity (77 bytes)
Event: 25.293 Thread 0x000002342699b000 nmethod 13561 0x000002341111bd10 code [0x000002341111bee0, 0x000002341111c168]

GC Heap History (20 events):
Event: 24.379 GC heap after
{Heap after GC invocations=48 (full 0):
 garbage-first heap   total 155648K, used 129985K [0x0000000080000000, 0x0000000100000000)
  region size 1024K, 1 young (1024K), 1 survivors (1024K)
 Metaspace       used 101288K, capacity 104076K, committed 104240K, reserved 1138688K
  class space    used 13249K, capacity 14341K, committed 14464K, reserved 1048576K
}
Event: 24.405 GC heap before
{Heap before GC invocations=48 (full 0):
 garbage-first heap   total 155648K, used 136129K [0x0000000080000000, 0x0000000100000000)
  region size 1024K, 7 young (7168K), 1 survivors (1024K)
 Metaspace       used 101297K, capacity 104078K, committed 104240K, reserved 1138688K
  class space    used 13249K, capacity 14341K, committed 14464K, reserved 1048576K
}
Event: 24.409 GC heap after
{Heap after GC invocations=49 (full 0):
 garbage-first heap   total 155648K, used 133203K [0x0000000080000000, 0x0000000100000000)
  region size 1024K, 1 young (1024K), 1 survivors (1024K)
 Metaspace       used 101297K, capacity 104078K, committed 104240K, reserved 1138688K
  class space    used 13249K, capacity 14341K, committed 14464K, reserved 1048576K
}
Event: 24.442 GC heap before
{Heap before GC invocations=49 (full 0):
 garbage-first heap   total 155648K, used 138323K [0x0000000080000000, 0x0000000100000000)
  region size 1024K, 7 young (7168K), 1 survivors (1024K)
 Metaspace       used 101302K, capacity 104079K, committed 104240K, reserved 1138688K
  class space    used 13249K, capacity 14341K, committed 14464K, reserved 1048576K
}
Event: 24.445 GC heap after
{Heap after GC invocations=50 (full 0):
 garbage-first heap   total 155648K, used 136732K [0x0000000080000000, 0x0000000100000000)
  region size 1024K, 1 young (1024K), 1 survivors (1024K)
 Metaspace       used 101302K, capacity 104079K, committed 104240K, reserved 1138688K
  class space    used 13249K, capacity 14341K, committed 14464K, reserved 1048576K
}
Event: 24.477 GC heap before
{Heap before GC invocations=50 (full 0):
 garbage-first heap   total 155648K, used 142876K [0x0000000080000000, 0x0000000100000000)
  region size 1024K, 7 young (7168K), 1 survivors (1024K)
 Metaspace       used 101306K, capacity 104079K, committed 104240K, reserved 1138688K
  class space    used 13249K, capacity 14341K, committed 14464K, reserved 1048576K
}
Event: 24.480 GC heap after
{Heap after GC invocations=51 (full 0):
 garbage-first heap   total 155648K, used 140689K [0x0000000080000000, 0x0000000100000000)
  region size 1024K, 1 young (1024K), 1 survivors (1024K)
 Metaspace       used 101306K, capacity 104079K, committed 104240K, reserved 1138688K
  class space    used 13249K, capacity 14341K, committed 14464K, reserved 1048576K
}
Event: 24.519 GC heap before
{Heap before GC invocations=51 (full 0):
 garbage-first heap   total 155648K, used 146833K [0x0000000080000000, 0x0000000100000000)
  region size 1024K, 7 young (7168K), 1 survivors (1024K)
 Metaspace       used 101312K, capacity 104082K, committed 104240K, reserved 1138688K
  class space    used 13249K, capacity 14341K, committed 14464K, reserved 1048576K
}
Event: 24.522 GC heap after
{Heap after GC invocations=52 (full 0):
 garbage-first heap   total 155648K, used 144199K [0x0000000080000000, 0x0000000100000000)
  region size 1024K, 1 young (1024K), 1 survivors (1024K)
 Metaspace       used 101312K, capacity 104082K, committed 104240K, reserved 1138688K
  class space    used 13249K, capacity 14341K, committed 14464K, reserved 1048576K
}
Event: 24.572 GC heap before
{Heap before GC invocations=52 (full 0):
 garbage-first heap   total 155648K, used 150343K [0x0000000080000000, 0x0000000100000000)
  region size 1024K, 7 young (7168K), 1 survivors (1024K)
 Metaspace       used 101251K, capacity 103984K, committed 104496K, reserved 1138688K
  class space    used 13215K, capacity 14279K, committed 14464K, reserved 1048576K
}
Event: 24.576 GC heap after
{Heap after GC invocations=53 (full 0):
 garbage-first heap   total 155648K, used 147611K [0x0000000080000000, 0x0000000100000000)
  region size 1024K, 1 young (1024K), 1 survivors (1024K)
 Metaspace       used 101251K, capacity 103984K, committed 104496K, reserved 1138688K
  class space    used 13215K, capacity 14279K, committed 14464K, reserved 1048576K
}
Event: 24.624 GC heap before
{Heap before GC invocations=53 (full 0):
 garbage-first heap   total 155648K, used 153755K [0x0000000080000000, 0x0000000100000000)
  region size 1024K, 7 young (7168K), 1 survivors (1024K)
 Metaspace       used 101482K, capacity 104189K, committed 104496K, reserved 1138688K
  class space    used 13243K, capacity 14283K, committed 14464K, reserved 1048576K
}
Event: 24.664 GC heap after
{Heap after GC invocations=54 (full 0):
 garbage-first heap   total 200704K, used 150921K [0x0000000080000000, 0x0000000100000000)
  region size 1024K, 1 young (1024K), 1 survivors (1024K)
 Metaspace       used 101482K, capacity 104189K, committed 104496K, reserved 1138688K
  class space    used 13243K, capacity 14283K, committed 14464K, reserved 1048576K
}
Event: 24.916 GC heap before
{Heap before GC invocations=55 (full 0):
 garbage-first heap   total 200704K, used 161161K [0x0000000080000000, 0x0000000100000000)
  region size 1024K, 11 young (11264K), 1 survivors (1024K)
 Metaspace       used 103549K, capacity 106341K, committed 106544K, reserved 1140736K
  class space    used 13541K, capacity 14635K, committed 14720K, reserved 1048576K
}
Event: 24.918 GC heap after
{Heap after GC invocations=56 (full 0):
 garbage-first heap   total 200704K, used 151763K [0x0000000080000000, 0x0000000100000000)
  region size 1024K, 2 young (2048K), 2 survivors (2048K)
 Metaspace       used 103549K, capacity 106341K, committed 106544K, reserved 1140736K
  class space    used 13541K, capacity 14635K, committed 14720K, reserved 1048576K
}
Event: 25.067 GC heap before
{Heap before GC invocations=56 (full 0):
 garbage-first heap   total 200704K, used 162003K [0x0000000080000000, 0x0000000100000000)
  region size 1024K, 13 young (13312K), 2 survivors (2048K)
 Metaspace       used 104187K, capacity 107183K, committed 107440K, reserved 1142784K
  class space    used 13642K, capacity 14788K, committed 14848K, reserved 1048576K
}
Event: 25.081 GC heap after
{Heap after GC invocations=57 (full 0):
 garbage-first heap   total 200704K, used 152065K [0x0000000080000000, 0x0000000100000000)
  region size 1024K, 2 young (2048K), 2 survivors (2048K)
 Metaspace       used 104187K, capacity 107183K, committed 107440K, reserved 1142784K
  class space    used 13642K, capacity 14788K, committed 14848K, reserved 1048576K
}
Event: 25.204 GC heap before
{Heap before GC invocations=57 (full 0):
 garbage-first heap   total 200704K, used 163329K [0x0000000080000000, 0x0000000100000000)
  region size 1024K, 13 young (13312K), 2 survivors (2048K)
 Metaspace       used 104441K, capacity 107480K, committed 107696K, reserved 1142784K
  class space    used 13676K, capacity 14844K, committed 14848K, reserved 1048576K
}
Event: 25.207 GC heap after
{Heap after GC invocations=58 (full 0):
 garbage-first heap   total 200704K, used 153155K [0x0000000080000000, 0x0000000100000000)
  region size 1024K, 2 young (2048K), 2 survivors (2048K)
 Metaspace       used 104441K, capacity 107480K, committed 107696K, reserved 1142784K
  class space    used 13676K, capacity 14844K, committed 14848K, reserved 1048576K
}
Event: 25.296 GC heap before
{Heap before GC invocations=58 (full 0):
 garbage-first heap   total 200704K, used 160323K [0x0000000080000000, 0x0000000100000000)
  region size 1024K, 14 young (14336K), 2 survivors (2048K)
 Metaspace       used 104668K, capacity 107692K, committed 107824K, reserved 1142784K
  class space    used 13703K, capacity 14869K, committed 14976K, reserved 1048576K
}

Deoptimization events (20 events):
Event: 24.777 Thread 0x000002342a7c7800 DEOPT PACKING pc=0x000002341727ffd8 sp=0x000000e4d50fdc20
Event: 24.777 Thread 0x000002342a7c7800 DEOPT UNPACKING pc=0x000002340efca1af sp=0x000000e4d50fdbd8 mode 2
Event: 24.777 Thread 0x000002342a7c7800 Uncommon trap: trap_request=0xffffffde fr.pc=0x000002341727ffd8 relative=0x0000000000000278
Event: 24.777 Thread 0x000002342a7c7800 Uncommon trap: reason=class_check action=maybe_recompile pc=0x000002341727ffd8 method=java.util.Map.computeIfAbsent(Ljava/lang/Object;Ljava/util/function/Function;)Ljava/lang/Object; @ 7 c2
Event: 24.777 Thread 0x000002342a7c7800 DEOPT PACKING pc=0x000002341727ffd8 sp=0x000000e4d50fdc20
Event: 24.777 Thread 0x000002342a7c7800 DEOPT UNPACKING pc=0x000002340efca1af sp=0x000000e4d50fdbd8 mode 2
Event: 24.957 Thread 0x000002342a7c7800 DEOPT PACKING pc=0x00000234110892cc sp=0x000000e4d50fdab0
Event: 24.957 Thread 0x000002342a7c7800 DEOPT UNPACKING pc=0x000002340efca95e sp=0x000000e4d50fcf68 mode 0
Event: 25.143 Thread 0x000002342a7c7800 DEOPT PACKING pc=0x00000234110e8411 sp=0x000000e4d50fcef0
Event: 25.143 Thread 0x000002342a7c7800 DEOPT UNPACKING pc=0x000002340efca95e sp=0x000000e4d50fc3d8 mode 0
Event: 25.259 Thread 0x000002342a7cd000 DEOPT PACKING pc=0x000002341110f581 sp=0x000000e4d56fe730
Event: 25.259 Thread 0x000002342a7cd000 DEOPT UNPACKING pc=0x000002340efca95e sp=0x000000e4d56fdbe8 mode 0
Event: 25.259 Thread 0x000002342a7cd000 DEOPT PACKING pc=0x000002341110f581 sp=0x000000e4d56fe750
Event: 25.259 Thread 0x000002342a7cd000 DEOPT UNPACKING pc=0x000002340efca95e sp=0x000000e4d56fdc08 mode 0
Event: 25.260 Thread 0x000002342a7c9000 DEOPT PACKING pc=0x000002341110f581 sp=0x000000e4d5cfe910
Event: 25.260 Thread 0x000002342a7c9000 DEOPT UNPACKING pc=0x000002340efca95e sp=0x000000e4d5cfddc8 mode 0
Event: 25.260 Thread 0x000002342a7cd000 DEOPT PACKING pc=0x000002341110f581 sp=0x000000e4d56fe750
Event: 25.260 Thread 0x000002342a7cd000 DEOPT UNPACKING pc=0x000002340efca95e sp=0x000000e4d56fdc08 mode 0
Event: 25.260 Thread 0x000002342a7cc800 DEOPT PACKING pc=0x000002341110f581 sp=0x000000e4d58fe860
Event: 25.260 Thread 0x000002342a7cc800 DEOPT UNPACKING pc=0x000002340efca95e sp=0x000000e4d58fdd18 mode 0

Classes redefined (0 events):
No events

Internal exceptions (20 events):
Event: 18.677 Thread 0x000002342a7c3800 Exception <a 'java/lang/NoSuchMethodError'{0x0000000087e84110}: 'int java.lang.invoke.DirectMethodHandle$Holder.invokeSpecialIFC(java.lang.Object, java.lang.Object, java.lang.Object)'> (0x0000000087e84110) thrown at [src/hotspot/share/interpreter/linkResolver.cpp, line 773]
Event: 21.630 Thread 0x000002342a7c3800 Exception <a 'sun/nio/fs/WindowsException'{0x000000008895dd38}> (0x000000008895dd38) thrown at [src/hotspot/share/prims/jni.cpp, line 617]
Event: 21.630 Thread 0x000002342a7c3800 Exception <a 'sun/nio/fs/WindowsException'{0x000000008895de28}> (0x000000008895de28) thrown at [src/hotspot/share/prims/jni.cpp, line 617]
Event: 21.657 Thread 0x000002342a7c3800 Implicit null exception at 0x00000234171cd2f8 to 0x00000234171cd470
Event: 21.657 Thread 0x000002342a7c3800 Implicit null exception at 0x00000234171ccddf to 0x00000234171ccf34
Event: 22.633 Thread 0x000002342a7c7800 Exception <a 'sun/nio/fs/WindowsException'{0x0000000088b96f80}> (0x0000000088b96f80) thrown at [src/hotspot/share/prims/jni.cpp, line 617]
Event: 23.027 Thread 0x000002342a7c7800 Exception <a 'java/lang/NoSuchMethodError'{0x00000000889b91c0}: 'java.lang.Object java.lang.invoke.DirectMethodHandle$Holder.newInvokeSpecial(java.lang.Object, int)'> (0x00000000889b91c0) thrown at [src/hotspot/share/interpreter/linkResolver.cpp, line 773]
Event: 23.722 Thread 0x000002342a7c7800 Exception <a 'java/lang/NoSuchMethodError'{0x00000000882eed10}: 'java.lang.Object java.lang.invoke.DirectMethodHandle$Holder.invokeStaticInit(java.lang.Object, java.lang.Object, java.lang.Object, java.lang.Object, java.lang.Object, java.lang.Object, java.lang.Object, java.lang.Object, java.lang.Object, java.lang.Object, java.lang.Object, java.lang.Object, java.lang.Object, java.lang.Object, java.lang.Object, java.lang.Object, java.lang.Object, java.lang.Object, java.lang.Object, int, java.lang.Object, java
Event: 23.943 Thread 0x000002342a7c7800 Implicit null exception at 0x000002341724ce1c to 0x000002341724d968
Event: 24.161 Thread 0x000002342a7cf800 Exception <a 'java/lang/IncompatibleClassChangeError'{0x0000000088fda560}: Found class java.lang.Object, but interface was expected> (0x0000000088fda560) thrown at [src/hotspot/share/interpreter/linkResolver.cpp, line 839]
Event: 24.161 Thread 0x000002342a7c8800 Exception <a 'java/lang/IncompatibleClassChangeError'{0x0000000088fd6778}: Found class java.lang.Object, but interface was expected> (0x0000000088fd6778) thrown at [src/hotspot/share/interpreter/linkResolver.cpp, line 839]
Event: 24.183 Thread 0x000002342a7cf800 Exception <a 'java/lang/IncompatibleClassChangeError'{0x0000000088e72148}: Found class java.lang.Object, but interface was expected> (0x0000000088e72148) thrown at [src/hotspot/share/interpreter/linkResolver.cpp, line 839]
Event: 24.183 Thread 0x000002342a7c8800 Exception <a 'java/lang/IncompatibleClassChangeError'{0x0000000088e6fb38}: Found class java.lang.Object, but interface was expected> (0x0000000088e6fb38) thrown at [src/hotspot/share/interpreter/linkResolver.cpp, line 839]
Event: 24.183 Thread 0x000002342a7c8800 Exception <a 'java/lang/IncompatibleClassChangeError'{0x0000000088e80d08}: Found class java.lang.Object, but interface was expected> (0x0000000088e80d08) thrown at [src/hotspot/share/interpreter/linkResolver.cpp, line 839]
Event: 24.183 Thread 0x000002342a7cf800 Exception <a 'java/lang/IncompatibleClassChangeError'{0x0000000088e8a288}: Found class java.lang.Object, but interface was expected> (0x0000000088e8a288) thrown at [src/hotspot/share/interpreter/linkResolver.cpp, line 839]
Event: 24.799 Thread 0x000002342a7c7800 Exception <a 'java/lang/NoSuchMethodError'{0x000000008c1c7458}: 'void java.lang.invoke.DirectMethodHandle$Holder.invokeStatic(java.lang.Object, java.lang.Object, java.lang.Object, int)'> (0x000000008c1c7458) thrown at [src/hotspot/share/interpreter/linkResolver.cpp, line 773]
Event: 24.799 Thread 0x000002342a7c7800 Exception <a 'java/lang/IncompatibleClassChangeError'{0x000000008c1cf430}: Found class java.lang.Object, but interface was expected> (0x000000008c1cf430) thrown at [src/hotspot/share/interpreter/linkResolver.cpp, line 839]
Event: 24.984 Thread 0x000002342a7c7800 Exception <a 'java/lang/NoSuchMethodError'{0x000000008bc388e8}: 'java.lang.Object java.lang.invoke.Invokers$Holder.linkToTargetMethod(java.lang.Object, int, java.lang.Object, java.lang.Object, java.lang.Object, java.lang.Object)'> (0x000000008bc388e8) thrown at [src/hotspot/share/interpreter/linkResolver.cpp, line 773]
Event: 24.987 Thread 0x000002342a7c7800 Exception <a 'java/lang/IncompatibleClassChangeError'{0x000000008bc5ec78}: Found class java.lang.Object, but interface was expected> (0x000000008bc5ec78) thrown at [src/hotspot/share/interpreter/linkResolver.cpp, line 839]
Event: 25.006 Thread 0x000002342a7c7800 Exception <a 'java/lang/NoSuchMethodError'{0x000000008bb36210}: 'void java.lang.invoke.DirectMethodHandle$Holder.invokeStatic(java.lang.Object, java.lang.Object, java.lang.Object, java.lang.Object, java.lang.Object, java.lang.Object, java.lang.Object, java.lang.Object)'> (0x000000008bb36210) thrown at [src/hotspot/share/interpreter/linkResolver.cpp, line 773]

Events (20 events):
Event: 25.281 loading class com/android/tools/r8/graph/r2 done
Event: 25.281 loading class com/android/tools/r8/naming/b
Event: 25.281 loading class com/android/tools/r8/naming/b done
Event: 25.283 loading class com/android/tools/r8/graph/a1
Event: 25.283 loading class com/android/tools/r8/graph/a1 done
Event: 25.283 loading class com/android/tools/r8/graph/r2
Event: 25.283 loading class com/android/tools/r8/graph/r2 done
Event: 25.286 loading class com/android/tools/r8/internal/z60
Event: 25.286 loading class com/android/tools/r8/internal/z60 done
Event: 25.287 loading class com/android/tools/r8/internal/y60
Event: 25.287 loading class com/android/tools/r8/internal/y60 done
Event: 25.287 loading class com/android/tools/r8/graph/a1
Event: 25.287 loading class com/android/tools/r8/graph/a1 done
Event: 25.287 loading class com/android/tools/r8/internal/uZ
Event: 25.287 loading class com/android/tools/r8/internal/uZ done
Event: 25.287 loading class com/android/tools/r8/graph/a1
Event: 25.287 loading class com/android/tools/r8/graph/a1 done
Event: 25.287 loading class com/android/tools/r8/internal/uZ
Event: 25.287 loading class com/android/tools/r8/internal/uZ done
Event: 25.296 Executing VM operation: G1CollectForAllocation


Dynamic libraries:
0x00007ff69bd60000 - 0x00007ff69bd6a000 	G:\Android studio\jbr\bin\java.exe
0x00007ff843de0000 - 0x00007ff843fd0000 	C:\Windows\SYSTEM32\ntdll.dll
0x00007ff842470000 - 0x00007ff842522000 	C:\Windows\System32\KERNEL32.DLL
0x00007ff841be0000 - 0x00007ff841e85000 	C:\Windows\System32\KERNELBASE.dll
0x00007ff841760000 - 0x00007ff84185a000 	C:\Windows\System32\ucrtbase.dll
0x00007ff82d920000 - 0x00007ff82d93b000 	G:\Android studio\jbr\bin\VCRUNTIME140.dll
0x00007ff82e630000 - 0x00007ff82e647000 	G:\Android studio\jbr\bin\jli.dll
0x00007ff842ee0000 - 0x00007ff843074000 	C:\Windows\System32\USER32.dll
0x00007ff840dc0000 - 0x00007ff840de1000 	C:\Windows\System32\win32u.dll
0x00007ff8428c0000 - 0x00007ff8428e6000 	C:\Windows\System32\GDI32.dll
0x00007ff82f950000 - 0x00007ff82fbd4000 	C:\Windows\WinSxS\amd64_microsoft.windows.common-controls_6595b64144ccf1df_6.0.18362.1139_none_9e7bf2d3e4605ac6\COMCTL32.dll
0x00007ff840df0000 - 0x00007ff840f86000 	C:\Windows\System32\gdi32full.dll
0x00007ff841b40000 - 0x00007ff841bde000 	C:\Windows\System32\msvcp_win.dll
0x00007ff842a90000 - 0x00007ff842b2e000 	C:\Windows\System32\msvcrt.dll
0x00007ff842130000 - 0x00007ff842465000 	C:\Windows\System32\combase.dll
0x00007ff842dc0000 - 0x00007ff842ee0000 	C:\Windows\System32\RPCRT4.dll
0x00007ff8419b0000 - 0x00007ff841a30000 	C:\Windows\System32\bcryptPrimitives.dll
0x00007ff842540000 - 0x00007ff84256e000 	C:\Windows\System32\IMM32.DLL
0x0000000067f30000 - 0x0000000067f3c000 	C:\Program Files (x86)\360\360Safe\safemon\SafeWrapper.dll
0x00007ff842d10000 - 0x00007ff842db3000 	C:\Windows\System32\ADVAPI32.dll
0x00007ff843c90000 - 0x00007ff843d27000 	C:\Windows\System32\sechost.dll
0x00007ff831fa0000 - 0x00007ff832036000 	C:\Program Files (x86)\360\360Safe\safemon\libzdtp64.dll
0x00007ff843080000 - 0x00007ff843767000 	C:\Windows\System32\SHELL32.dll
0x00007ff840d70000 - 0x00007ff840dba000 	C:\Windows\System32\cfgmgr32.dll
0x00007ff8425e0000 - 0x00007ff842689000 	C:\Windows\System32\shcore.dll
0x00007ff840fe0000 - 0x00007ff841760000 	C:\Windows\System32\windows.storage.dll
0x00007ff840cd0000 - 0x00007ff840cf3000 	C:\Windows\System32\profapi.dll
0x00007ff840d20000 - 0x00007ff840d6a000 	C:\Windows\System32\powrprof.dll
0x00007ff840ca0000 - 0x00007ff840cb0000 	C:\Windows\System32\UMPDC.dll
0x00007ff842860000 - 0x00007ff8428b2000 	C:\Windows\System32\shlwapi.dll
0x00007ff840cb0000 - 0x00007ff840cc1000 	C:\Windows\System32\kernel.appcore.dll
0x00007ff840fc0000 - 0x00007ff840fd7000 	C:\Windows\System32\cryptsp.dll
0x00007ff840820000 - 0x00007ff84082a000 	C:\Windows\SYSTEM32\VERSION.dll
0x00007ff818e10000 - 0x00007ff818e9d000 	G:\Android studio\jbr\bin\msvcp140.dll
0x00007ff83eda0000 - 0x00007ff83edab000 	C:\Windows\SYSTEM32\VCRUNTIME140_1.dll
0x00007ff809040000 - 0x00007ff809bfc000 	G:\Android studio\jbr\bin\server\jvm.dll
0x00007ff842570000 - 0x00007ff842578000 	C:\Windows\System32\PSAPI.DLL
0x00007ff83ec30000 - 0x00007ff83ec54000 	C:\Windows\SYSTEM32\WINMM.dll
0x00007ff83edb0000 - 0x00007ff83edb9000 	C:\Windows\SYSTEM32\WSOCK32.dll
0x00007ff843d30000 - 0x00007ff843d9f000 	C:\Windows\System32\WS2_32.dll
0x00007ff83ec00000 - 0x00007ff83ec2d000 	C:\Windows\SYSTEM32\winmmbase.dll
0x00007ff839f40000 - 0x00007ff839f50000 	G:\Android studio\jbr\bin\verify.dll
0x00007ff812200000 - 0x00007ff8123f4000 	C:\Windows\SYSTEM32\DBGHELP.DLL
0x00007ff82f2c0000 - 0x00007ff82f2ea000 	C:\Windows\SYSTEM32\dbgcore.DLL
0x00007ff82f290000 - 0x00007ff82f2b8000 	G:\Android studio\jbr\bin\java.dll
0x00007ff8307c0000 - 0x00007ff8307ca000 	G:\Android studio\jbr\bin\jimage.dll
0x00007ff82f530000 - 0x00007ff82f548000 	G:\Android studio\jbr\bin\zip.dll
0x00007ff83ee10000 - 0x00007ff83ee29000 	G:\Android studio\jbr\bin\net.dll
0x00007ff83c210000 - 0x00007ff83c300000 	C:\Windows\SYSTEM32\WINHTTP.dll
0x00007ff840420000 - 0x00007ff840487000 	C:\Windows\system32\mswsock.dll
0x00007ff839e80000 - 0x00007ff839e93000 	G:\Android studio\jbr\bin\nio.dll
0x00007ff832990000 - 0x00007ff8329b7000 	G:\AndroidStudioProjects\LaunchPro\.gradle\native\e1d6ef7f7dcc3fd88c89a11ec53ec762bb8ba0a96d01ffa2cd45eb1d1d8dd5c5\windows-amd64\native-platform.dll
0x00007ff818280000 - 0x00007ff8183c4000 	G:\AndroidStudioProjects\LaunchPro\.gradle\native\0d407fdbe67a94daf76414ababcb853783967236a71b16ec16e742cd7a986fd3\windows-amd64\native-platform-file-events.dll
0x00007ff839e70000 - 0x00007ff839e7a000 	G:\Android studio\jbr\bin\management.dll
0x00007ff839cc0000 - 0x00007ff839ccb000 	G:\Android studio\jbr\bin\management_ext.dll
0x00007ff83ff90000 - 0x00007ff83ffc3000 	C:\Windows\system32\rsaenh.dll
0x00007ff840f90000 - 0x00007ff840fb6000 	C:\Windows\System32\bcrypt.dll
0x00007ff840b80000 - 0x00007ff840ba5000 	C:\Windows\SYSTEM32\USERENV.dll
0x00007ff8405f0000 - 0x00007ff8405fc000 	C:\Windows\SYSTEM32\CRYPTBASE.dll
0x00007ff840130000 - 0x00007ff84016a000 	C:\Windows\SYSTEM32\IPHLPAPI.DLL
0x00007ff842530000 - 0x00007ff842538000 	C:\Windows\System32\NSI.dll
0x00007ff83b7f0000 - 0x00007ff83b806000 	C:\Windows\SYSTEM32\dhcpcsvc6.DLL
0x00007ff83b560000 - 0x00007ff83b57c000 	C:\Windows\SYSTEM32\dhcpcsvc.DLL
0x00007ff840170000 - 0x00007ff84023b000 	C:\Windows\SYSTEM32\DNSAPI.dll
0x00007ff83fc70000 - 0x00007ff83fca1000 	C:\Windows\SYSTEM32\ntmarta.dll

dbghelp: loaded successfully - version: 4.0.5 - missing functions: none
symbol engine: initialized successfully - sym options: 0x614 - pdb path: .;G:\Android studio\jbr\bin;C:\Windows\SYSTEM32;C:\Windows\WinSxS\amd64_microsoft.windows.common-controls_6595b64144ccf1df_6.0.18362.1139_none_9e7bf2d3e4605ac6;C:\Program Files (x86)\360\360Safe\safemon;G:\Android studio\jbr\bin\server;G:\AndroidStudioProjects\LaunchPro\.gradle\native\e1d6ef7f7dcc3fd88c89a11ec53ec762bb8ba0a96d01ffa2cd45eb1d1d8dd5c5\windows-amd64;G:\AndroidStudioProjects\LaunchPro\.gradle\native\0d407fdbe67a94daf76414ababcb853783967236a71b16ec16e742cd7a986fd3\windows-amd64

VM Arguments:
jvm_args: --add-opens=java.base/java.util=ALL-UNNAMED --add-opens=java.base/java.lang=ALL-UNNAMED --add-opens=java.base/java.lang.invoke=ALL-UNNAMED --add-opens=java.base/java.util=ALL-UNNAMED --add-opens=java.prefs/java.util.prefs=ALL-UNNAMED --add-opens=java.prefs/java.util.prefs=ALL-UNNAMED --add-opens=java.base/java.nio.charset=ALL-UNNAMED --add-opens=java.base/java.net=ALL-UNNAMED --add-opens=java.base/java.util.concurrent.atomic=ALL-UNNAMED -Xmx2048m -Dfile.encoding=UTF-8 -Duser.country=CN -Duser.language=zh -Duser.variant 
java_command: org.gradle.launcher.daemon.bootstrap.GradleDaemon 7.5
java_class_path (initial): G:\AndroidStudioProjects\LaunchPro\.gradle\wrapper\dists\gradle-7.5-bin\f1w0cc9nuo0eivz97x2xlu9sv\gradle-7.5\lib\gradle-launcher-7.5.jar
Launcher Type: SUN_STANDARD

[Global flags]
     intx CICompilerCount                          = 4                                         {product} {ergonomic}
     uint ConcGCThreads                            = 2                                         {product} {ergonomic}
     uint G1ConcRefinementThreads                  = 8                                         {product} {ergonomic}
   size_t G1HeapRegionSize                         = 1048576                                   {product} {ergonomic}
    uintx GCDrainStackTargetSize                   = 64                                        {product} {ergonomic}
   size_t InitialHeapSize                          = 132120576                                 {product} {ergonomic}
   size_t MarkStackSize                            = 4194304                                   {product} {ergonomic}
   size_t MaxHeapSize                              = 2147483648                                {product} {command line}
   size_t MaxNewSize                               = 1287651328                                {product} {ergonomic}
   size_t MinHeapDeltaBytes                        = 1048576                                   {product} {ergonomic}
    uintx NonNMethodCodeHeapSize                   = 5836300                                {pd product} {ergonomic}
    uintx NonProfiledCodeHeapSize                  = 122910970                              {pd product} {ergonomic}
    uintx ProfiledCodeHeapSize                     = 122910970                              {pd product} {ergonomic}
    uintx ReservedCodeCacheSize                    = 251658240                              {pd product} {ergonomic}
     bool SegmentedCodeCache                       = true                                      {product} {ergonomic}
     bool UseCompressedClassPointers               = true                                 {lp64_product} {ergonomic}
     bool UseCompressedOops                        = true                                 {lp64_product} {ergonomic}
     bool UseG1GC                                  = true                                      {product} {ergonomic}
     bool UseLargePagesIndividualAllocation        = false                                  {pd product} {ergonomic}

Logging:
Log output configuration:
 #0: stdout all=warning uptime,level,tags
 #1: stderr all=off uptime,level,tags

Environment Variables:
PATH=C:\Program Files (x86)\Common Files\Oracle\Java\javapath;C:\Windows\system32;C:\Windows;C:\Windows\System32\Wbem;C:\Windows\System32\WindowsPowerShell\v1.0\;C:\Windows\System32\OpenSSH\;G:\;G:\sdk\platform-tools;C:\Users\Administrator\AppData\Local\Microsoft\WindowsApps;
USERNAME=Administrator
OS=Windows_NT
PROCESSOR_IDENTIFIER=Intel64 Family 6 Model 165 Stepping 3, GenuineIntel



---------------  S Y S T E M  ---------------

OS: Windows 10 , 64 bit Build 18362 (10.0.18362.1110)
OS uptime: 7 days 23:18 hours

CPU:total 8 (initial active 8) (4 cores per cpu, 2 threads per core) family 6 model 165 stepping 3 microcode 0xe0, cmov, cx8, fxsr, mmx, sse, sse2, sse3, ssse3, sse4.1, sse4.2, popcnt, avx, avx2, aes, clmul, erms, 3dnowpref, lzcnt, ht, tsc, tscinvbit, bmi1, bmi2, adx, fma

Memory: 4k page, system-wide physical 8037M (385M free)
TotalPageFile size 23801M (AvailPageFile size 56M)
current process WorkingSet (physical memory assigned to process): 429M, peak: 434M
current process commit charge ("private bytes"): 557M, peak: 852M

vm_info: OpenJDK 64-Bit Server VM (11.0.15+0-b2043.56-8887301) for windows-amd64 JRE (11.0.15+0-b2043.56-8887301), built on Jul 29 2022 23:19:47 by "builduser" with unknown MS VC++:1929

END.
